#
# A fatal error has been detected by the Java Runtime Environment:
#
#  SIGILL (0x4) at pc=0x0000000137fed3c9, pid=42565, tid=126487
#
# JRE version: Java(TM) SE Runtime Environment (15.0.1+9) (build 15.0.1+9-18)
# Java VM: Java HotSpot(TM) 64-Bit Server VM (15.0.1+9-18, mixed mode, sharing, tiered, compressed oops, g1 gc, bsd-amd64)
# Problematic frame:
# C  0x0000000137fed3c9
#
# No core dump will be written. Core dumps have been disabled. To enable core dumping, try "ulimit -c unlimited" before starting Java again
#
# If you would like to submit a bug report, please visit:
#   https://bugreport.java.com/bugreport/crash.jsp
#

---------------  S U M M A R Y ------------

Command Line: -javaagent:/Applications/IntelliJ IDEA.app/Contents/lib/idea_rt.jar=52143:/Applications/IntelliJ IDEA.app/Contents/bin -Dfile.encoding=UTF-8 Main

Host: MacBookPro13,3 x86_64 2600 MHz, 8 cores, 16G, Darwin 20.6.0
Time: Fri Oct  8 16:36:30 2021 CEST elapsed time: 229.382274 seconds (0d 0h 3m 49s)

---------------  T H R E A D  ---------------

Current thread is native thread

Stack: [0x000070000f8b2000,0x000070000f9b2000],  sp=0x000070000f9b1878,  free space=1022k
Native frames: (J=compiled Java code, A=aot compiled Java code, j=interpreted, Vv=VM code, C=native code)
C  0x0000000137fed3c9
C  [jna4399193322501326958.tmp+0x129a0]  fileEncoding+0x498


siginfo: si_signo: 4 (SIGILL), si_code: 1 (ILL_ILLOPC), si_addr: 0x0000000137fed3c9

Registers:
RAX=0x0000000000000000, RBX=0x00007fa5d116e9d0, RCX=0x00007fa5d11feb40, RDX=0x0000000000000000
RSP=0x000070000f9b1878, RBP=0x0000000137fed3c8, RSI=0x0000000000000000, RDI=0x000070000f9b18f8
R8 =0x00007fa5d116e9d0, R9 =0x0000000000007cda, R10=0x00000000fdffffff, R11=0x00007fa5d205cc44
R12=0x00007fa5d3180e00, R13=0x0000000000000004, R14=0x00007fa5d11feb00, R15=0x000070000f9b18f8
RIP=0x0000000137fed3c9, EFLAGS=0x0000000000010246, ERR=0x0000000000000000
  TRAPNO=0x0000000000000006

Top of Stack: (sp=0x000070000f9b1878)
0x000070000f9b1878:   000000013a685775 00007fa5d3180e00
0x000070000f9b1888:   00007fa5d11feb60 000070000f9b18f8
0x000070000f9b1898:   0000000100000000 00007fa5d11feb20
0x000070000f9b18a8:   00007fa5d33c7908 00007fa5d33c7908
0x000070000f9b18b8:   0000000000000004 00007fa5d312e698
0x000070000f9b18c8:   000070000f9b18f8 0000000000000001
0x000070000f9b18d8:   000000013a68bc8a 000070000f9b1950
0x000070000f9b18e8:   000000012027d0c9 0000000000000000
0x000070000f9b18f8:   000000010000010c 00007fa5d312e698
0x000070000f9b1908:   000000003f44133d 00007fa5d3100000
0x000070000f9b1918:   0000000000000000 0000000000000002
0x000070000f9b1928:   000000003f44133d 000070000f9b1960
0x000070000f9b1938:   00007fff2038798b 0000000000000004
0x000070000f9b1948:   00007fa5d33ca6c0 00007fa5d33cb078
0x000070000f9b1958:   000000013a64f286 0000000000000001
0x000070000f9b1968:   000000013a5cb2b4 000000000287204f
0x000070000f9b1978:   00007fa5d33c7850 00007fa5d33c7860
0x000070000f9b1988:   000000013a64f286 00007fa5d33c7908
0x000070000f9b1998:   0000000000000004 0000000000000004
0x000070000f9b19a8:   000000013a64f286 000000013a61a280
0x000070000f9b19b8:   00007fa5d33c7860 0000000000000000
0x000070000f9b19c8:   00000000028abe48 000282ba84811624
0x000070000f9b19d8:   00007fa5d33caf40 000070000f9b1b30
0x000070000f9b19e8:   000000000010c488 00007fa5d33c7908
0x000070000f9b19f8:   000000013a5f1f95 00007fa5d33caf00
0x000070000f9b1a08:   000000013a5a858c 00007fa5e199a0b8
0x000070000f9b1a18:   00007fa5d10aa9f0 0000000000000000
0x000070000f9b1a28:   00007fa5d10aa9f0 000070000f9b1a60
0x000070000f9b1a38:   00007fa5d33c7908 000000013a628ce0
0x000070000f9b1a48:   000000013a5ee2a6 0000000003519fe8
0x000070000f9b1a58:   00000000029b82d0 3fe92413d7e3efa7
0x000070000f9b1a68:   0000000000000001 0000000000000000 

Instructions: (pc=0x0000000137fed3c9)
0x0000000137fed2c9:   fd 41 d5 a5 7f 00 00 70 d5 37 3a 01 00 00 00 20
0x0000000137fed2d9:   fd 41 d5 a5 7f 00 00 3b 00 00 00 00 00 00 00 49
0x0000000137fed2e9:   bb b0 1f 38 3a 01 00 00 00 49 ba e8 d2 fe 37 01
0x0000000137fed2f9:   00 00 00 f8 49 ff e3 f8 fd 41 d5 a5 7f 00 00 70
0x0000000137fed309:   d5 37 3a 01 00 00 00 e0 fd 41 d5 a5 7f 00 00 3b
0x0000000137fed319:   00 00 00 00 00 00 00 49 bb b0 1f 38 3a 01 00 00
0x0000000137fed329:   00 49 ba 20 d3 fe 37 01 00 00 00 f8 49 ff e3 b8
0x0000000137fed339:   fe 41 d5 a5 7f 00 00 70 d5 37 3a 01 00 00 00 a0
0x0000000137fed349:   fe 41 d5 a5 7f 00 00 3b 00 00 00 00 00 00 00 49
0x0000000137fed359:   bb b0 1f 38 3a 01 00 00 00 49 ba 58 d3 fe 37 01
0x0000000137fed369:   00 00 00 f8 49 ff e3 78 ff 41 d5 a5 7f 00 00 70
0x0000000137fed379:   d5 37 3a 01 00 00 00 60 ff 41 d5 a5 7f 00 00 3b
0x0000000137fed389:   00 00 00 00 00 00 00 49 bb b0 1f 38 3a 01 00 00
0x0000000137fed399:   00 49 ba 90 d3 fe 37 01 00 00 00 f8 49 ff e3 b8
0x0000000137fed3a9:   53 43 d5 a5 7f 00 00 70 d5 37 3a 01 00 00 00 a0
0x0000000137fed3b9:   53 43 d5 a5 7f 00 00 71 00 00 00 00 00 00 00 90
0x0000000137fed3c9:   d6 fe 37 01 00 00 00 a0 69 38 3a 01 00 00 00 01
0x0000000137fed3d9:   00 00 00 f8 49 ff e3 98 ec 1f d1 a5 7f 00 00 70
0x0000000137fed3e9:   d5 37 3a 01 00 00 00 38 00 00 00 00 00 00 00 3a
0x0000000137fed3f9:   00 00 00 00 00 00 00 49 bb b0 1f 38 3a 01 00 00
0x0000000137fed409:   00 49 ba 00 d4 fe 37 01 00 00 00 f8 49 ff e3 a8
0x0000000137fed419:   16 0f d1 a5 7f 00 00 70 d5 37 3a 01 00 00 00 70
0x0000000137fed429:   00 00 00 00 00 00 00 3a 00 00 00 00 00 00 00 49
0x0000000137fed439:   bb b0 1f 38 3a 01 00 00 00 49 ba 38 d4 fe 37 01
0x0000000137fed449:   00 00 00 f8 49 ff e3 28 da ac ee a5 7f 00 00 70
0x0000000137fed459:   d5 37 3a 01 00 00 00 10 da ac ee a5 7f 00 00 3b
0x0000000137fed469:   00 00 00 00 00 00 00 49 bb b0 1f 38 3a 01 00 00
0x0000000137fed479:   00 49 ba 70 d4 fe 37 01 00 00 00 f8 49 ff e3 b8
0x0000000137fed489:   db ac ee a5 7f 00 00 70 d5 37 3a 01 00 00 00 a0
0x0000000137fed499:   db ac ee a5 7f 00 00 3b 00 00 00 00 00 00 00 49
0x0000000137fed4a9:   bb b0 1f 38 3a 01 00 00 00 49 ba a8 d4 fe 37 01
0x0000000137fed4b9:   00 00 00 f8 49 ff e3 78 dc ac ee a5 7f 00 00 70 



---------------  P R O C E S S  ---------------

VM state: not at safepoint (normal execution)

VM Mutex/Monitor currently owned by a thread: None

Heap address: 0x0000000700000000, size: 4096 MB, Compressed Oops mode: Zero based, Oop shift amount: 3
CDS archive(s) mapped at: [0x0000000800000000-0x0000000800b2c000-0x0000000800b2c000), size 11714560, SharedBaseAddress: 0x0000000800000000, ArchiveRelocationMode: 0.
Compressed class space mapped at: 0x0000000800b2c000-0x0000000840b2c000, size: 1073741824
Narrow klass base: 0x0000000800000000, Narrow klass shift: 3, Narrow klass range: 0x100000000

GC Precious Log:
 CPUs: 8 total, 8 available
 Memory: 16384M
 Large Page Support: Disabled
 NUMA Support: Disabled
 Compressed Oops: Enabled (Zero based)
 Heap Region Size: 2M
 Heap Min Capacity: 8M
 Heap Initial Capacity: 256M
 Heap Max Capacity: 4G
 Pre-touch: Disabled
 Parallel Workers: 8
 Concurrent Workers: 2
 Concurrent Refinement Workers: 8
 Periodic GC: Disabled

Heap:
 garbage-first heap   total 110592K, used 54441K [0x0000000700000000, 0x0000000800000000)
  region size 2048K, 5 young (10240K), 1 survivors (2048K)
 Metaspace       used 37919K, capacity 38626K, committed 38912K, reserved 1083392K
  class space    used 3952K, capacity 4253K, committed 4352K, reserved 1048576K

Heap Regions: E=young(eden), S=young(survivor), O=old, HS=humongous(starts), HC=humongous(continues), CS=collection set, F=free, OA=open archive, CA=closed archive, TAMS=top-at-mark-start (previous, next)
|   0|0x0000000700000000, 0x0000000700200000, 0x0000000700200000|100%|HS|  |TAMS 0x0000000700200000, 0x0000000700000000| Complete 
|   1|0x0000000700200000, 0x0000000700400000, 0x0000000700400000|100%|HS|  |TAMS 0x0000000700400000, 0x0000000700200000| Complete 
|   2|0x0000000700400000, 0x0000000700600000, 0x0000000700600000|100%| O|  |TAMS 0x0000000700600000, 0x0000000700400000| Untracked 
|   3|0x0000000700600000, 0x0000000700800000, 0x0000000700800000|100%| O|  |TAMS 0x0000000700800000, 0x0000000700600000| Untracked 
|   4|0x0000000700800000, 0x0000000700a00000, 0x0000000700a00000|100%| O|  |TAMS 0x0000000700a00000, 0x0000000700800000| Untracked 
|   5|0x0000000700a00000, 0x0000000700c00000, 0x0000000700c00000|100%|HS|  |TAMS 0x0000000700c00000, 0x0000000700a00000| Complete 
|   6|0x0000000700c00000, 0x0000000700e00000, 0x0000000700e00000|100%|HS|  |TAMS 0x0000000700e00000, 0x0000000700c00000| Complete 
|   7|0x0000000700e00000, 0x0000000701000000, 0x0000000701000000|100%| O|  |TAMS 0x0000000701000000, 0x0000000700e00000| Untracked 
|   8|0x0000000701000000, 0x0000000701200000, 0x0000000701200000|100%| O|  |TAMS 0x0000000701200000, 0x0000000701000000| Untracked 
|   9|0x0000000701200000, 0x0000000701400000, 0x0000000701400000|100%| O|  |TAMS 0x0000000701400000, 0x0000000701200000| Untracked 
|  10|0x0000000701400000, 0x0000000701600000, 0x0000000701600000|100%|HS|  |TAMS 0x0000000701600000, 0x0000000701400000| Complete 
|  11|0x0000000701600000, 0x0000000701800000, 0x0000000701800000|100%|HS|  |TAMS 0x0000000701800000, 0x0000000701600000| Complete 
|  12|0x0000000701800000, 0x0000000701a00000, 0x0000000701a00000|100%|HS|  |TAMS 0x0000000701a00000, 0x0000000701800000| Complete 
|  13|0x0000000701a00000, 0x0000000701b37e00, 0x0000000701c00000| 60%| O|  |TAMS 0x0000000701b37e00, 0x0000000701a00000| Untracked 
|  14|0x0000000701c00000, 0x0000000701c00000, 0x0000000701e00000|  0%| F|  |TAMS 0x0000000701c00000, 0x0000000701c00000| Untracked 
|  15|0x0000000701e00000, 0x0000000702000000, 0x0000000702000000|100%|HS|  |TAMS 0x0000000702000000, 0x0000000701e00000| Complete 
|  16|0x0000000702000000, 0x0000000702200000, 0x0000000702200000|100%| O|  |TAMS 0x0000000702200000, 0x0000000702000000| Untracked 
|  17|0x0000000702200000, 0x0000000702200000, 0x0000000702400000|  0%| F|  |TAMS 0x0000000702200000, 0x0000000702200000| Untracked 
|  18|0x0000000702400000, 0x0000000702400000, 0x0000000702600000|  0%| F|  |TAMS 0x0000000702400000, 0x0000000702400000| Untracked 
|  19|0x0000000702600000, 0x0000000702800000, 0x0000000702800000|100%| O|  |TAMS 0x0000000702800000, 0x0000000702600000| Untracked 
|  20|0x0000000702800000, 0x0000000702800000, 0x0000000702a00000|  0%| F|  |TAMS 0x0000000702800000, 0x0000000702800000| Untracked 
|  21|0x0000000702a00000, 0x0000000702c00000, 0x0000000702c00000|100%| O|  |TAMS 0x0000000702c00000, 0x0000000702a00000| Untracked 
|  22|0x0000000702c00000, 0x0000000702e00000, 0x0000000702e00000|100%| O|  |TAMS 0x0000000702e00000, 0x0000000702c00000| Untracked 
|  23|0x0000000702e00000, 0x0000000703000000, 0x0000000703000000|100%| O|  |TAMS 0x0000000703000000, 0x0000000702e00000| Untracked 
|  24|0x0000000703000000, 0x0000000703200000, 0x0000000703200000|100%| O|  |TAMS 0x0000000703200000, 0x0000000703000000| Untracked 
|  25|0x0000000703200000, 0x0000000703400000, 0x0000000703400000|100%| O|  |TAMS 0x0000000703400000, 0x0000000703200000| Untracked 
|  26|0x0000000703400000, 0x0000000703600000, 0x0000000703600000|100%| O|  |TAMS 0x0000000703600000, 0x0000000703400000| Untracked 
|  27|0x0000000703600000, 0x0000000703600000, 0x0000000703800000|  0%| F|  |TAMS 0x0000000703600000, 0x0000000703600000| Untracked 
|  28|0x0000000703800000, 0x0000000703828988, 0x0000000703a00000|  7%| S|CS|TAMS 0x0000000703800000, 0x0000000703800000| Complete 
|  29|0x0000000703a00000, 0x0000000703a00000, 0x0000000703c00000|  0%| F|  |TAMS 0x0000000703a00000, 0x0000000703a00000| Untracked 
|  30|0x0000000703c00000, 0x0000000703c00000, 0x0000000703e00000|  0%| F|  |TAMS 0x0000000703c00000, 0x0000000703c00000| Untracked 
|  31|0x0000000703e00000, 0x0000000703e00000, 0x0000000704000000|  0%| F|  |TAMS 0x0000000703e00000, 0x0000000703e00000| Untracked 
|  32|0x0000000704000000, 0x0000000704000000, 0x0000000704200000|  0%| F|  |TAMS 0x0000000704000000, 0x0000000704000000| Untracked 
|  33|0x0000000704200000, 0x0000000704200000, 0x0000000704400000|  0%| F|  |TAMS 0x0000000704200000, 0x0000000704200000| Untracked 
|  34|0x0000000704400000, 0x0000000704400000, 0x0000000704600000|  0%| F|  |TAMS 0x0000000704400000, 0x0000000704400000| Untracked 
|  35|0x0000000704600000, 0x0000000704600000, 0x0000000704800000|  0%| F|  |TAMS 0x0000000704600000, 0x0000000704600000| Untracked 
|  36|0x0000000704800000, 0x0000000704800000, 0x0000000704a00000|  0%| F|  |TAMS 0x0000000704800000, 0x0000000704800000| Untracked 
|  37|0x0000000704a00000, 0x0000000704a00000, 0x0000000704c00000|  0%| F|  |TAMS 0x0000000704a00000, 0x0000000704a00000| Untracked 
|  38|0x0000000704c00000, 0x0000000704c00000, 0x0000000704e00000|  0%| F|  |TAMS 0x0000000704c00000, 0x0000000704c00000| Untracked 
|  39|0x0000000704e00000, 0x0000000704e00000, 0x0000000705000000|  0%| F|  |TAMS 0x0000000704e00000, 0x0000000704e00000| Untracked 
|  40|0x0000000705000000, 0x0000000705000000, 0x0000000705200000|  0%| F|  |TAMS 0x0000000705000000, 0x0000000705000000| Untracked 
|  41|0x0000000705200000, 0x0000000705200000, 0x0000000705400000|  0%| F|  |TAMS 0x0000000705200000, 0x0000000705200000| Untracked 
|  42|0x0000000705400000, 0x0000000705400000, 0x0000000705600000|  0%| F|  |TAMS 0x0000000705400000, 0x0000000705400000| Untracked 
|  43|0x0000000705600000, 0x0000000705600000, 0x0000000705800000|  0%| F|  |TAMS 0x0000000705600000, 0x0000000705600000| Untracked 
|  44|0x0000000705800000, 0x0000000705800000, 0x0000000705a00000|  0%| F|  |TAMS 0x0000000705800000, 0x0000000705800000| Untracked 
|  45|0x0000000705a00000, 0x0000000705a00000, 0x0000000705c00000|  0%| F|  |TAMS 0x0000000705a00000, 0x0000000705a00000| Untracked 
|  46|0x0000000705c00000, 0x0000000705c00000, 0x0000000705e00000|  0%| F|  |TAMS 0x0000000705c00000, 0x0000000705c00000| Untracked 
|  47|0x0000000705e00000, 0x0000000705e00000, 0x0000000706000000|  0%| F|  |TAMS 0x0000000705e00000, 0x0000000705e00000| Untracked 
|  48|0x0000000706000000, 0x0000000706143848, 0x0000000706200000| 63%| E|  |TAMS 0x0000000706000000, 0x0000000706000000| Complete 
|  49|0x0000000706200000, 0x0000000706400000, 0x0000000706400000|100%| E|CS|TAMS 0x0000000706200000, 0x0000000706200000| Complete 
| 114|0x000000070e400000, 0x000000070e600000, 0x000000070e600000|100%| E|CS|TAMS 0x000000070e400000, 0x000000070e400000| Complete 
| 127|0x000000070fe00000, 0x0000000710000000, 0x0000000710000000|100%| E|CS|TAMS 0x000000070fe00000, 0x000000070fe00000| Complete 
|1534|0x00000007bfc00000, 0x00000007bfd51000, 0x00000007bfe00000| 65%|OA|  |TAMS 0x00000007bfd51000, 0x00000007bfc00000| Untracked 
|1535|0x00000007bfe00000, 0x00000007bfe79000, 0x00000007c0000000| 23%|CA|  |TAMS 0x00000007bfe79000, 0x00000007bfe00000| Untracked 

Card table byte_map: [0x00000001107bb000,0x0000000110fbb000] _byte_map_base: 0x000000010cfbb000

Marking Bits (Prev, Next): (CMBitMap*) 0x00007fa5e280a650, (CMBitMap*) 0x00007fa5e280a610
 Prev Bits: [0x000000012cd99000, 0x0000000130d99000)
 Next Bits: [0x0000000128d99000, 0x000000012cd99000)

Polling page: 0x000000010ad56000

Metaspace:

Usage:
  Non-class:     33.57 MB capacity,    33.17 MB ( 99%) used,   305.29 KB ( <1%) free+waste,    99.88 KB ( <1%) overhead. 
      Class:      4.15 MB capacity,     3.86 MB ( 93%) used,   264.98 KB (  6%) free+waste,    36.00 KB ( <1%) overhead. 
       Both:     37.72 MB capacity,    37.03 MB ( 98%) used,   570.27 KB (  1%) free+waste,   135.88 KB ( <1%) overhead. 

Virtual space:
  Non-class space:       34.00 MB reserved,      33.75 MB (>99%) committed 
      Class space:        1.00 GB reserved,       4.25 MB ( <1%) committed 
             Both:        1.03 GB reserved,      38.00 MB (  4%) committed 

Chunk freelists:
   Non-Class:  43.00 KB
       Class:  19.00 KB
        Both:  62.00 KB

MaxMetaspaceSize: 17179869184.00 GB
CompressedClassSpaceSize: 1.00 GB

CodeHeap 'non-profiled nmethods': size=120028Kb used=4090Kb max_used=4090Kb free=115937Kb
 bounds [0x0000000121862000, 0x0000000121c62000, 0x0000000128d99000]
CodeHeap 'profiled nmethods': size=120028Kb used=13213Kb max_used=13213Kb free=106814Kb
 bounds [0x000000011a32b000, 0x000000011b01b000, 0x0000000121862000]
CodeHeap 'non-nmethods': size=5704Kb used=1471Kb max_used=1581Kb free=4232Kb
 bounds [0x0000000119d99000, 0x000000011a009000, 0x000000011a32b000]
 total_blobs=6930 nmethods=6111 adapters=732
 compilation: enabled
              stopped_count=0, restarted_count=0
 full_count=0

Compilation events (20 events):
Event: 228.683 Thread 0x00007fa5e10aca00 7045       3       java.awt.AWTEventMulticaster::add (9 bytes)
Event: 228.684 Thread 0x00007fa5e10aca00 nmethod 7045 0x000000011b00b610 code [0x000000011b00b7c0, 0x000000011b00bc70]
Event: 228.706 Thread 0x00007fa5e10aca00 7046       3       com.apple.laf.AquaSliderUI::calculateThumbLocation (143 bytes)
Event: 228.707 Thread 0x00007fa5e10ac400 7049   !   4       javax.swing.JComponent::putClientProperty (120 bytes)
Event: 228.707 Thread 0x00007fa5e10aca00 nmethod 7046 0x000000011b00bd90 code [0x000000011b00bfa0, 0x000000011b00c680]
Event: 228.707 Thread 0x00007fa5e10aca00 7047       3       javax.swing.plaf.basic.BasicSliderUI::calculateThumbLocation (219 bytes)
Event: 228.708 Thread 0x00007fa5e10aca00 nmethod 7047 0x000000011b00c890 code [0x000000011b00cb40, 0x000000011b00d900]
Event: 228.709 Thread 0x00007fa5e10aca00 7048       3       javax.swing.plaf.basic.BasicSliderUI::xPositionForValue (143 bytes)
Event: 228.709 Thread 0x00007fa5e10aca00 nmethod 7048 0x000000011b00de90 code [0x000000011b00e080, 0x000000011b00e700]
Event: 228.712 Thread 0x00007fa5e10aca00 7050       3       javax.swing.plaf.ComponentUI::getMaximumSize (6 bytes)
Event: 228.712 Thread 0x00007fa5e10aca00 nmethod 7050 0x000000011b00ea10 code [0x000000011b00eba0, 0x000000011b00ed60]
Event: 228.713 Thread 0x00007fa5e10aca00 7051       3       javax.swing.AncestorNotifier::removeListeners (55 bytes)
Event: 228.714 Thread 0x00007fa5e10aca00 nmethod 7051 0x000000011b00ee10 code [0x000000011b00f020, 0x000000011b00fb20]
Event: 228.715 Thread 0x00007fa5e10aca00 7052       3       javax.swing.DefaultButtonModel::isSelected (15 bytes)
Event: 228.715 Thread 0x00007fa5e10aca00 nmethod 7052 0x000000011b00fd90 code [0x000000011b00ff20, 0x000000011b010070]
Event: 228.716 Thread 0x00007fa5e10aca00 7053       3       java.lang.invoke.DelegatingMethodHandle$Holder::reinvoke_L (18 bytes)
Event: 228.716 Thread 0x00007fa5e10aca00 nmethod 7053 0x000000011b010110 code [0x000000011b0102c0, 0x000000011b010830]
Event: 228.777 Thread 0x00007fa5e10ac400 nmethod 7049 0x0000000121c5c090 code [0x0000000121c5c320, 0x0000000121c5f6a8]
Event: 228.923 Thread 0x00007fa5e10aca00 7054       3       sun.util.locale.provider.CalendarDataUtility::findRegionOverride (108 bytes)
Event: 228.925 Thread 0x00007fa5e10aca00 nmethod 7054 0x000000011b010990 code [0x000000011b010de0, 0x000000011b012b10]

GC Heap History (20 events):
Event: 222.805 GC heap before
{Heap before GC invocations=154 (full 0):
 garbage-first heap   total 110592K, used 92250K [0x0000000700000000, 0x0000000800000000)
  region size 2048K, 24 young (49152K), 1 survivors (2048K)
 Metaspace       used 37777K, capacity 38555K, committed 38912K, reserved 1083392K
  class space    used 3951K, capacity 4252K, committed 4352K, reserved 1048576K
}
Event: 222.806 GC heap after
{Heap after GC invocations=155 (full 0):
 garbage-first heap   total 110592K, used 45149K [0x0000000700000000, 0x0000000800000000)
  region size 2048K, 1 young (2048K), 1 survivors (2048K)
 Metaspace       used 37777K, capacity 38555K, committed 38912K, reserved 1083392K
  class space    used 3951K, capacity 4252K, committed 4352K, reserved 1048576K
}
Event: 223.737 GC heap before
{Heap before GC invocations=155 (full 0):
 garbage-first heap   total 110592K, used 92253K [0x0000000700000000, 0x0000000800000000)
  region size 2048K, 24 young (49152K), 1 survivors (2048K)
 Metaspace       used 37784K, capacity 38555K, committed 38912K, reserved 1083392K
  class space    used 3951K, capacity 4252K, committed 4352K, reserved 1048576K
}
Event: 223.739 GC heap after
{Heap after GC invocations=156 (full 0):
 garbage-first heap   total 110592K, used 45151K [0x0000000700000000, 0x0000000800000000)
  region size 2048K, 1 young (2048K), 1 survivors (2048K)
 Metaspace       used 37784K, capacity 38555K, committed 38912K, reserved 1083392K
  class space    used 3951K, capacity 4252K, committed 4352K, reserved 1048576K
}
Event: 224.638 GC heap before
{Heap before GC invocations=156 (full 0):
 garbage-first heap   total 110592K, used 92255K [0x0000000700000000, 0x0000000800000000)
  region size 2048K, 24 young (49152K), 1 survivors (2048K)
 Metaspace       used 37790K, capacity 38555K, committed 38912K, reserved 1083392K
  class space    used 3951K, capacity 4252K, committed 4352K, reserved 1048576K
}
Event: 224.640 GC heap after
{Heap after GC invocations=157 (full 0):
 garbage-first heap   total 110592K, used 45165K [0x0000000700000000, 0x0000000800000000)
  region size 2048K, 1 young (2048K), 1 survivors (2048K)
 Metaspace       used 37790K, capacity 38555K, committed 38912K, reserved 1083392K
  class space    used 3951K, capacity 4252K, committed 4352K, reserved 1048576K
}
Event: 225.556 GC heap before
{Heap before GC invocations=157 (full 0):
 garbage-first heap   total 110592K, used 92269K [0x0000000700000000, 0x0000000800000000)
  region size 2048K, 24 young (49152K), 1 survivors (2048K)
 Metaspace       used 37797K, capacity 38555K, committed 38912K, reserved 1083392K
  class space    used 3951K, capacity 4252K, committed 4352K, reserved 1048576K
}
Event: 225.557 GC heap after
{Heap after GC invocations=158 (full 0):
 garbage-first heap   total 110592K, used 45165K [0x0000000700000000, 0x0000000800000000)
  region size 2048K, 1 young (2048K), 1 survivors (2048K)
 Metaspace       used 37797K, capacity 38555K, committed 38912K, reserved 1083392K
  class space    used 3951K, capacity 4252K, committed 4352K, reserved 1048576K
}
Event: 226.474 GC heap before
{Heap before GC invocations=158 (full 0):
 garbage-first heap   total 110592K, used 92269K [0x0000000700000000, 0x0000000800000000)
  region size 2048K, 24 young (49152K), 1 survivors (2048K)
 Metaspace       used 37797K, capacity 38555K, committed 38912K, reserved 1083392K
  class space    used 3951K, capacity 4252K, committed 4352K, reserved 1048576K
}
Event: 226.475 GC heap after
{Heap after GC invocations=159 (full 0):
 garbage-first heap   total 110592K, used 45169K [0x0000000700000000, 0x0000000800000000)
  region size 2048K, 1 young (2048K), 1 survivors (2048K)
 Metaspace       used 37797K, capacity 38555K, committed 38912K, reserved 1083392K
  class space    used 3951K, capacity 4252K, committed 4352K, reserved 1048576K
}
Event: 227.309 GC heap before
{Heap before GC invocations=159 (full 0):
 garbage-first heap   total 110592K, used 92273K [0x0000000700000000, 0x0000000800000000)
  region size 2048K, 24 young (49152K), 1 survivors (2048K)
 Metaspace       used 37880K, capacity 38626K, committed 38912K, reserved 1083392K
  class space    used 3952K, capacity 4253K, committed 4352K, reserved 1048576K
}
Event: 227.311 GC heap after
{Heap after GC invocations=160 (full 0):
 garbage-first heap   total 110592K, used 45554K [0x0000000700000000, 0x0000000800000000)
  region size 2048K, 1 young (2048K), 1 survivors (2048K)
 Metaspace       used 37880K, capacity 38626K, committed 38912K, reserved 1083392K
  class space    used 3952K, capacity 4253K, committed 4352K, reserved 1048576K
}
Event: 228.386 GC heap before
{Heap before GC invocations=160 (full 0):
 garbage-first heap   total 110592K, used 90610K [0x0000000700000000, 0x0000000800000000)
  region size 2048K, 24 young (49152K), 1 survivors (2048K)
 Metaspace       used 37880K, capacity 38626K, committed 38912K, reserved 1083392K
  class space    used 3952K, capacity 4253K, committed 4352K, reserved 1048576K
}
Event: 228.387 GC heap after
{Heap after GC invocations=161 (full 0):
 garbage-first heap   total 110592K, used 45567K [0x0000000700000000, 0x0000000800000000)
  region size 2048K, 1 young (2048K), 1 survivors (2048K)
 Metaspace       used 37880K, capacity 38626K, committed 38912K, reserved 1083392K
  class space    used 3952K, capacity 4253K, committed 4352K, reserved 1048576K
}
Event: 228.439 GC heap before
{Heap before GC invocations=161 (full 0):
 garbage-first heap   total 110592K, used 90623K [0x0000000700000000, 0x0000000800000000)
  region size 2048K, 24 young (49152K), 1 survivors (2048K)
 Metaspace       used 37902K, capacity 38626K, committed 38912K, reserved 1083392K
  class space    used 3952K, capacity 4253K, committed 4352K, reserved 1048576K
}
Event: 228.442 GC heap after
{Heap after GC invocations=162 (full 0):
 garbage-first heap   total 110592K, used 49900K [0x0000000700000000, 0x0000000800000000)
  region size 2048K, 3 young (6144K), 3 survivors (6144K)
 Metaspace       used 37902K, capacity 38626K, committed 38912K, reserved 1083392K
  class space    used 3952K, capacity 4253K, committed 4352K, reserved 1048576K
}
Event: 228.710 GC heap before
{Heap before GC invocations=162 (full 0):
 garbage-first heap   total 110592K, used 88812K [0x0000000700000000, 0x0000000800000000)
  region size 2048K, 22 young (45056K), 3 survivors (6144K)
 Metaspace       used 37914K, capacity 38626K, committed 38912K, reserved 1083392K
  class space    used 3952K, capacity 4253K, committed 4352K, reserved 1048576K
}
Event: 228.712 GC heap after
{Heap after GC invocations=163 (full 0):
 garbage-first heap   total 110592K, used 48340K [0x0000000700000000, 0x0000000800000000)
  region size 2048K, 1 young (2048K), 1 survivors (2048K)
 Metaspace       used 37914K, capacity 38626K, committed 38912K, reserved 1083392K
  class space    used 3952K, capacity 4253K, committed 4352K, reserved 1048576K
}
Event: 229.263 GC heap before
{Heap before GC invocations=163 (full 0):
 garbage-first heap   total 110592K, used 91348K [0x0000000700000000, 0x0000000800000000)
  region size 2048K, 23 young (47104K), 1 survivors (2048K)
 Metaspace       used 37919K, capacity 38626K, committed 38912K, reserved 1083392K
  class space    used 3952K, capacity 4253K, committed 4352K, reserved 1048576K
}
Event: 229.318 GC heap after
{Heap after GC invocations=164 (full 0):
 garbage-first heap   total 110592K, used 48297K [0x0000000700000000, 0x0000000800000000)
  region size 2048K, 1 young (2048K), 1 survivors (2048K)
 Metaspace       used 37919K, capacity 38626K, committed 38912K, reserved 1083392K
  class space    used 3952K, capacity 4253K, committed 4352K, reserved 1048576K
}

Deoptimization events (20 events):
Event: 207.030 Thread 0x00007fa5e11cf800 DEOPT PACKING pc=0x00000001219647b0 sp=0x000070000f297ea0
Event: 207.030 Thread 0x00007fa5e11cf800 DEOPT UNPACKING pc=0x0000000119de7125 sp=0x000070000f297dd8 mode 2
Event: 207.219 Thread 0x00007fa5ef3eec00 Uncommon trap: trap_request=0xffffff45 fr.pc=0x00000001218a5750 relative=0x0000000000000230
Event: 207.219 Thread 0x00007fa5ef3eec00 Uncommon trap: reason=unstable_if action=reinterpret pc=0x00000001218a5750 method=java.util.WeakHashMap.maskNull(Ljava/lang/Object;)Ljava/lang/Object; @ 1 c2
Event: 207.219 Thread 0x00007fa5ef3eec00 DEOPT PACKING pc=0x00000001218a5750 sp=0x000070000fe43000
Event: 207.219 Thread 0x00007fa5ef3eec00 DEOPT UNPACKING pc=0x0000000119de7125 sp=0x000070000fe42f38 mode 2
Event: 207.219 Thread 0x00007fa5ef3eec00 Uncommon trap: trap_request=0xfffffff4 fr.pc=0x0000000121905ff0 relative=0x0000000000000f30
Event: 207.219 Thread 0x00007fa5ef3eec00 Uncommon trap: reason=null_check action=make_not_entrant pc=0x0000000121905ff0 method=com.sun.jna.CallbackReference.getCallback()Lcom/sun/jna/Callback; @ 4 c2
Event: 207.219 Thread 0x00007fa5ef3eec00 DEOPT PACKING pc=0x0000000121905ff0 sp=0x000070000fe42fe0
Event: 207.219 Thread 0x00007fa5ef3eec00 DEOPT UNPACKING pc=0x0000000119de7125 sp=0x000070000fe42e90 mode 2
Event: 207.663 Thread 0x00007fa5e0811000 DEOPT PACKING pc=0x000000011a4c3c51 sp=0x000070000dd4eae0
Event: 207.663 Thread 0x00007fa5e0811000 DEOPT UNPACKING pc=0x0000000119de6f2b sp=0x000070000dd4df90 mode 0
Event: 211.798 Thread 0x00007fa5e0811000 DEOPT PACKING pc=0x000000011a4c3c51 sp=0x000070000dd4eae0
Event: 211.798 Thread 0x00007fa5e0811000 DEOPT UNPACKING pc=0x0000000119de6f2b sp=0x000070000dd4df90 mode 0
Event: 216.503 Thread 0x00007fa5e0811000 DEOPT PACKING pc=0x000000011a4c3c51 sp=0x000070000dd4eae0
Event: 216.503 Thread 0x00007fa5e0811000 DEOPT UNPACKING pc=0x0000000119de6f2b sp=0x000070000dd4df90 mode 0
Event: 226.535 Thread 0x00007fa5e11cf800 Uncommon trap: trap_request=0xffffff45 fr.pc=0x000000012192e018 relative=0x0000000000000118
Event: 226.535 Thread 0x00007fa5e11cf800 Uncommon trap: reason=unstable_if action=reinterpret pc=0x000000012192e018 method=org.hsqldb.map.HashIndex.linkNode(II)I @ 7 c2
Event: 226.535 Thread 0x00007fa5e11cf800 DEOPT PACKING pc=0x000000012192e018 sp=0x000070000f298260
Event: 226.535 Thread 0x00007fa5e11cf800 DEOPT UNPACKING pc=0x0000000119de7125 sp=0x000070000f298200 mode 2

Classes unloaded (0 events):
No events

Classes redefined (0 events):
No events

Internal exceptions (20 events):
Event: 185.069 Thread 0x00007fa5e2b9f400 Exception <a 'java/io/FileNotFoundException'{0x0000000705e82ac8}> (0x0000000705e82ac8) 
thrown [./open/src/hotspot/share/prims/jni.cpp, line 578]
Event: 185.071 Thread 0x00007fa5e2b9f400 Exception <a 'java/io/FileNotFoundException'{0x0000000705e83058}> (0x0000000705e83058) 
thrown [./open/src/hotspot/share/prims/jni.cpp, line 578]
Event: 193.371 Thread 0x00007fa5d08ac000 Implicit null exception at 0x0000000121908416 to 0x00000001219091f0
Event: 193.371 Thread 0x00007fa5e11d9800 Implicit null exception at 0x0000000121908416 to 0x00000001219091f0
Event: 193.739 Thread 0x00007fa5d23a8400 Implicit null exception at 0x0000000121abba20 to 0x0000000121abc890
Event: 194.174 Thread 0x00007fa5ef61a800 Implicit null exception at 0x0000000121936786 to 0x0000000121936e70
Event: 194.540 Thread 0x00007fa5d2008e00 Implicit null exception at 0x0000000121950e8a to 0x0000000121951570
Event: 194.972 Thread 0x00007fa5d2008e00 Implicit null exception at 0x0000000121a784a0 to 0x0000000121a78b80
Event: 195.909 Thread 0x00007fa5d23a6a00 Implicit null exception at 0x000000012199ee64 to 0x000000012199fb24
Event: 200.095 Thread 0x00007fa5e11cf800 Exception <a 'java/lang/NoClassDefFoundError'{0x0000000704e69548}: jakarta/validation/Validation> (0x0000000704e69548) 
thrown [./open/src/hotspot/share/oops/constantPool.cpp, line 804]
Event: 200.263 Thread 0x00007fa5e11daa00 Exception <a 'java/io/FileNotFoundException'{0x0000000704052c10}> (0x0000000704052c10) 
thrown [./open/src/hotspot/share/prims/jni.cpp, line 578]
Event: 200.264 Thread 0x00007fa5e11daa00 Exception <a 'java/io/FileNotFoundException'{0x0000000704053130}> (0x0000000704053130) 
thrown [./open/src/hotspot/share/prims/jni.cpp, line 578]
Event: 200.266 Thread 0x00007fa5e11daa00 Exception <a 'java/io/FileNotFoundException'{0x00000007040536c0}> (0x00000007040536c0) 
thrown [./open/src/hotspot/share/prims/jni.cpp, line 578]
Event: 207.025 Thread 0x00007fa5e11cf800 Exception <a 'java/lang/NoClassDefFoundError'{0x00000007059dd230}: jakarta/validation/Validation> (0x00000007059dd230) 
thrown [./open/src/hotspot/share/oops/constantPool.cpp, line 804]
Event: 207.219 Thread 0x00007fa5ef3eec00 Implicit null exception at 0x00000001218a5554 to 0x00000001218a5744
Event: 207.219 Thread 0x00007fa5ef3eec00 Implicit null exception at 0x000000012190540b to 0x0000000121905fe0
Event: 226.534 Thread 0x00007fa5e11cf800 Exception <a 'java/lang/NoClassDefFoundError'{0x0000000706213848}: jakarta/validation/Validation> (0x0000000706213848) 
thrown [./open/src/hotspot/share/oops/constantPool.cpp, line 804]
Event: 226.555 Thread 0x00007fa5d23a4400 Exception <a 'java/io/FileNotFoundException'{0x0000000706057060}> (0x0000000706057060) 
thrown [./open/src/hotspot/share/prims/jni.cpp, line 578]
Event: 226.556 Thread 0x00007fa5d23a4400 Exception <a 'java/io/FileNotFoundException'{0x0000000706057580}> (0x0000000706057580) 
thrown [./open/src/hotspot/share/prims/jni.cpp, line 578]
Event: 226.557 Thread 0x00007fa5d23a4400 Exception <a 'java/io/FileNotFoundException'{0x0000000706057b10}> (0x0000000706057b10) 
thrown [./open/src/hotspot/share/prims/jni.cpp, line 578]

Events (20 events):
Event: 229.369 Protecting memory [0x000070001055f000,0x0000700010563000] with protection modes 0
Event: 229.369 Thread 0x00007fa5e1be7c00 Thread added: 0x00007fa5e1be7c00
Event: 229.369 Protecting memory [0x000070001055f000,0x0000700010563000] with protection modes 3
Event: 229.369 Thread 0x00007fa5e1be7c00 Thread exited: 0x00007fa5e1be7c00
Event: 229.369 Protecting memory [0x000070001055f000,0x0000700010563000] with protection modes 0
Event: 229.369 Thread 0x00007fa5e1be7c00 Thread added: 0x00007fa5e1be7c00
Event: 229.369 Executing VM operation: G1Concurrent
Event: 229.369 Executing VM operation: G1Concurrent done
Event: 229.373 Protecting memory [0x000070001055f000,0x0000700010563000] with protection modes 3
Event: 229.373 Thread 0x00007fa5e1be7c00 Thread exited: 0x00007fa5e1be7c00
Event: 229.374 Protecting memory [0x000070000fd44000,0x000070000fd48000] with protection modes 0
Event: 229.374 Thread 0x00007fa5d0b53000 Thread added: 0x00007fa5d0b53000
Event: 229.374 Protecting memory [0x000070000fd44000,0x000070000fd48000] with protection modes 3
Event: 229.374 Thread 0x00007fa5d0b53000 Thread exited: 0x00007fa5d0b53000
Event: 229.374 Protecting memory [0x000070000fd44000,0x000070000fd48000] with protection modes 0
Event: 229.374 Thread 0x00007fa5d0b53000 Thread added: 0x00007fa5d0b53000
Event: 229.374 Protecting memory [0x000070000fd44000,0x000070000fd48000] with protection modes 3
Event: 229.374 Thread 0x00007fa5d0b53000 Thread exited: 0x00007fa5d0b53000
Event: 229.381 Protecting memory [0x000070000fd44000,0x000070000fd48000] with protection modes 0
Event: 229.381 Thread 0x00007fa5d0b53000 Thread added: 0x00007fa5d0b53000


Dynamic libraries:
0x00007fff2a562000 	/usr/lib/libz.1.dylib
0x000000010ad20000 	/Library/Java/JavaVirtualMachines/jdk-15.0.1.jdk/Contents/Home/lib/libjli.dylib
0x00007fff34f9b000 	/System/Library/Frameworks/Cocoa.framework/Versions/A/Cocoa
0x00007fff222e0000 	/System/Library/Frameworks/Security.framework/Versions/A/Security
0x00007fff331a3000 	/System/Library/Frameworks/ApplicationServices.framework/Versions/A/ApplicationServices
0x00007fff2a62a000 	/usr/lib/libSystem.B.dylib
0x00007fff2a624000 	/usr/lib/system/libcache.dylib
0x00007fff2a5e0000 	/usr/lib/system/libcommonCrypto.dylib
0x00007fff2a60a000 	/usr/lib/system/libcompiler_rt.dylib
0x00007fff2a5ff000 	/usr/lib/system/libcopyfile.dylib
0x00007fff201d9000 	/usr/lib/system/libcorecrypto.dylib
0x00007fff202a4000 	/usr/lib/system/libdispatch.dylib
0x00007fff20457000 	/usr/lib/system/libdyld.dylib
0x00007fff2a61b000 	/usr/lib/system/libkeymgr.dylib
0x00007fff2da33000 	/usr/lib/system/liblaunch.dylib
0x00007fff2a5be000 	/usr/lib/system/libmacho.dylib
0x00007fff29db6000 	/usr/lib/system/libquarantine.dylib
0x00007fff2a618000 	/usr/lib/system/libremovefile.dylib
0x00007fff24cbc000 	/usr/lib/system/libsystem_asl.dylib
0x00007fff20189000 	/usr/lib/system/libsystem_blocks.dylib
0x00007fff20326000 	/usr/lib/system/libsystem_c.dylib
0x00007fff2a612000 	/usr/lib/system/libsystem_collections.dylib
0x00007fff290bc000 	/usr/lib/system/libsystem_configuration.dylib
0x00007fff283a8000 	/usr/lib/system/libsystem_containermanager.dylib
0x00007fff2a361000 	/usr/lib/system/libsystem_coreservices.dylib
0x00007fff22898000 	/usr/lib/system/libsystem_darwin.dylib
0x00007fff2a61c000 	/usr/lib/system/libsystem_dnssd.dylib
0x00007fff20323000 	/usr/lib/system/libsystem_featureflags.dylib
0x00007fff2049d000 	/usr/lib/system/libsystem_info.dylib
0x00007fff2a575000 	/usr/lib/system/libsystem_m.dylib
0x00007fff20277000 	/usr/lib/system/libsystem_malloc.dylib
0x00007fff24c4f000 	/usr/lib/system/libsystem_networkextension.dylib
0x00007fff22cb7000 	/usr/lib/system/libsystem_notify.dylib
0x00007fff2feca000 	/usr/lib/system/libsystem_product_info_filter.dylib
0x00007fff290c0000 	/usr/lib/system/libsystem_sandbox.dylib
0x00007fff2a615000 	/usr/lib/system/libsystem_secinit.dylib
0x00007fff2041b000 	/usr/lib/system/libsystem_kernel.dylib
0x00007fff20493000 	/usr/lib/system/libsystem_platform.dylib
0x00007fff2044b000 	/usr/lib/system/libsystem_pthread.dylib
0x00007fff26399000 	/usr/lib/system/libsystem_symptoms.dylib
0x00007fff201c1000 	/usr/lib/system/libsystem_trace.dylib
0x00007fff2a5ec000 	/usr/lib/system/libunwind.dylib
0x00007fff2018b000 	/usr/lib/system/libxpc.dylib
0x00007fff20405000 	/usr/lib/libc++abi.dylib
0x00007fff202e9000 	/usr/lib/libobjc.A.dylib
0x00007fff2a5f7000 	/usr/lib/liboah.dylib
0x00007fff203af000 	/usr/lib/libc++.1.dylib
0x00007fff204c9000 	/System/Library/Frameworks/CoreFoundation.framework/Versions/A/CoreFoundation
0x00007fff21278000 	/System/Library/Frameworks/Foundation.framework/Versions/C/Foundation
0x00007fff22d11000 	/System/Library/Frameworks/AppKit.framework/Versions/C/AppKit
0x00007fff25bd5000 	/System/Library/Frameworks/CoreData.framework/Versions/A/CoreData
0x00007fff23a5d000 	/System/Library/PrivateFrameworks/UIFoundation.framework/Versions/A/UIFoundation
0x00007fff2fc5d000 	/System/Library/PrivateFrameworks/RemoteViewServices.framework/Versions/A/RemoteViewServices
0x00007fff28a6e000 	/System/Library/PrivateFrameworks/XCTTargetBootstrap.framework/Versions/A/XCTTargetBootstrap
0x00007fff2b753000 	/usr/lib/libspindump.dylib
0x00007fff23cac000 	/System/Library/Frameworks/UniformTypeIdentifiers.framework/Versions/A/UniformTypeIdentifiers
0x00007fff27272000 	/usr/lib/libapp_launch_measurement.dylib
0x00007fff27275000 	/System/Library/PrivateFrameworks/CoreAutoLayout.framework/Versions/A/CoreAutoLayout
0x00007fff283d5000 	/System/Library/Frameworks/Metal.framework/Versions/A/Metal
0x00007fff290cb000 	/usr/lib/liblangid.dylib
0x00007fff28a72000 	/System/Library/PrivateFrameworks/CoreSVG.framework/Versions/A/CoreSVG
0x00007fff24cec000 	/System/Library/PrivateFrameworks/SkyLight.framework/Versions/A/SkyLight
0x00007fff25052000 	/System/Library/Frameworks/CoreGraphics.framework/Versions/A/CoreGraphics
0x00007fff30184000 	/System/Library/Frameworks/Accelerate.framework/Versions/A/Accelerate
0x00007fff2b191000 	/System/Library/PrivateFrameworks/IconServices.framework/Versions/A/IconServices
0x00007fff283b9000 	/System/Library/Frameworks/IOSurface.framework/Versions/A/IOSurface
0x00007fff2655d000 	/usr/lib/libDiagnosticMessagesClient.dylib
0x00007fff28a5a000 	/System/Library/PrivateFrameworks/DFRFoundation.framework/Versions/A/DFRFoundation
0x00007fff22638000 	/usr/lib/libicucore.A.dylib
0x00007fff2cc9c000 	/System/Library/Frameworks/AudioToolbox.framework/Versions/A/AudioToolbox
0x00007fff2bf24000 	/System/Library/PrivateFrameworks/DataDetectorsCore.framework/Versions/A/DataDetectorsCore
0x00007fff24c5f000 	/usr/lib/libMobileGestalt.dylib
0x00007fff2875e000 	/System/Library/Frameworks/Carbon.framework/Versions/A/Frameworks/HIToolbox.framework/Versions/A/HIToolbox
0x00007fff26cb7000 	/System/Library/Frameworks/QuartzCore.framework/Versions/A/QuartzCore
0x00007fff2fc95000 	/System/Library/Frameworks/Carbon.framework/Versions/A/Frameworks/SpeechRecognition.framework/Versions/A/SpeechRecognition
0x00007fff26fd7000 	/System/Library/PrivateFrameworks/CoreUI.framework/Versions/A/CoreUI
0x00007fff21c4e000 	/System/Library/Frameworks/CoreAudio.framework/Versions/A/CoreAudio
0x00007fff26648000 	/System/Library/Frameworks/DiskArbitration.framework/Versions/A/DiskArbitration
0x00007fff2bb21000 	/System/Library/PrivateFrameworks/MultitouchSupport.framework/Versions/A/MultitouchSupport
0x00007fff2bf1b000 	/System/Library/PrivateFrameworks/InternationalSupport.framework/Versions/A/InternationalSupport
0x00007fff24c5e000 	/usr/lib/libenergytrace.dylib
0x00007fff22c08000 	/System/Library/Frameworks/IOKit.framework/Versions/A/IOKit
0x00007fff2ffc8000 	/System/Library/Frameworks/CoreServices.framework/Versions/A/CoreServices
0x00007fff27204000 	/System/Library/PrivateFrameworks/PerformanceAnalysis.framework/Versions/A/PerformanceAnalysis
0x00007fff6bb33000 	/System/Library/Frameworks/OpenGL.framework/Versions/A/OpenGL
0x00007fff2bf9f000 	/System/Library/PrivateFrameworks/UserActivity.framework/Versions/A/UserActivity
0x00007fff256dc000 	/System/Library/Frameworks/ColorSync.framework/Versions/A/ColorSync
0x00007fff28cd9000 	/System/Library/Frameworks/CoreImage.framework/Versions/A/CoreImage
0x00007fff21a68000 	/System/Library/Frameworks/CoreText.framework/Versions/A/CoreText
0x00007fff28a9c000 	/System/Library/Frameworks/ImageIO.framework/Versions/A/ImageIO
0x00007fff2a630000 	/System/Library/PrivateFrameworks/SoftLinking.framework/Versions/A/SoftLinking
0x00007fff272bd000 	/usr/lib/libxml2.2.dylib
0x00007fff2a8a1000 	/usr/lib/libcompression.dylib
0x00007fff2be4d000 	/System/Library/PrivateFrameworks/TextureIO.framework/Versions/A/TextureIO
0x00007fff2aed0000 	/usr/lib/libate.dylib
0x00007fff2acb5000 	/usr/lib/liblzma.5.dylib
0x00007fff20f8c000 	/System/Library/Frameworks/SystemConfiguration.framework/Versions/A/SystemConfiguration
0x00007fff2a62c000 	/usr/lib/libfakelink.dylib
0x00007fff247b0000 	/System/Library/Frameworks/CFNetwork.framework/Versions/A/CFNetwork
0x00007fff2a76c000 	/usr/lib/libarchive.2.dylib
0x00007fff2100a000 	/usr/lib/libCRFSuite.dylib
0x00007fff29ddd000 	/usr/lib/libbsm.0.dylib
0x00007fff24129000 	/usr/lib/libnetwork.dylib
0x00007fff2a631000 	/usr/lib/libpcap.A.dylib
0x00007fff26392000 	/usr/lib/libdns_services.dylib
0x00007fff2acce000 	/usr/lib/libcoretls_cfhelpers.dylib
0x00007fff2a86b000 	/usr/lib/libapple_nghttp2.dylib
0x00007fff2a5c4000 	/usr/lib/system/libkxld.dylib
0x00007fff2600b000 	/usr/lib/libsqlite3.dylib
0x00007fff2a344000 	/System/Library/PrivateFrameworks/AppleFSCompression.framework/Versions/A/AppleFSCompression
0x00007fff29dc5000 	/usr/lib/libcoretls.dylib
0x00007fff2a89c000 	/usr/lib/libpam.2.dylib
0x00007fff2adcc000 	/usr/lib/libxar.1.dylib
0x00007fff290c7000 	/System/Library/PrivateFrameworks/AppleSystemInfo.framework/Versions/A/AppleSystemInfo
0x00007fff29a07000 	/System/Library/PrivateFrameworks/IOMobileFramebuffer.framework/Versions/A/IOMobileFramebuffer
0x00007fff2a354000 	/usr/lib/libbz2.1.0.dylib
0x00007fff2a669000 	/usr/lib/libiconv.2.dylib
0x00007fff2a5bd000 	/usr/lib/libcharset.1.dylib
0x00007fff27240000 	/System/Library/Frameworks/CoreServices.framework/Versions/A/Frameworks/FSEvents.framework/Versions/A/FSEvents
0x00007fff228a2000 	/System/Library/Frameworks/CoreServices.framework/Versions/A/Frameworks/CarbonCore.framework/Versions/A/CarbonCore
0x00007fff265ad000 	/System/Library/Frameworks/CoreServices.framework/Versions/A/Frameworks/Metadata.framework/Versions/A/Metadata
0x00007fff2a366000 	/System/Library/Frameworks/CoreServices.framework/Versions/A/Frameworks/OSServices.framework/Versions/A/OSServices
0x00007fff2a7de000 	/System/Library/Frameworks/CoreServices.framework/Versions/A/Frameworks/SearchKit.framework/Versions/A/SearchKit
0x00007fff2631d000 	/System/Library/Frameworks/CoreServices.framework/Versions/A/Frameworks/AE.framework/Versions/A/AE
0x00007fff20967000 	/System/Library/Frameworks/CoreServices.framework/Versions/A/Frameworks/LaunchServices.framework/Versions/A/LaunchServices
0x00007fff2ac65000 	/System/Library/Frameworks/CoreServices.framework/Versions/A/Frameworks/DictionaryServices.framework/Versions/A/DictionaryServices
0x00007fff2724d000 	/System/Library/Frameworks/CoreServices.framework/Versions/A/Frameworks/SharedFileList.framework/Versions/A/SharedFileList
0x00007fff29db9000 	/usr/lib/libCheckFix.dylib
0x00007fff24cd3000 	/System/Library/PrivateFrameworks/TCC.framework/Versions/A/TCC
0x00007fff290cd000 	/System/Library/PrivateFrameworks/CoreNLP.framework/Versions/A/CoreNLP
0x00007fff26560000 	/System/Library/PrivateFrameworks/MetadataUtilities.framework/Versions/A/MetadataUtilities
0x00007fff2103f000 	/usr/lib/libmecabra.dylib
0x00007fff2a0c3000 	/System/Library/Frameworks/MLCompute.framework/Versions/A/MLCompute
0x00007fff29dee000 	/usr/lib/libmecab.dylib
0x00007fff29e38000 	/usr/lib/libgermantok.dylib
0x00007fff2a846000 	/usr/lib/libThaiTokenizer.dylib
0x00007fff2ae07000 	/usr/lib/libChineseTokenizer.dylib
0x00007fff2a89a000 	/System/Library/Frameworks/MetalPerformanceShaders.framework/Versions/A/MetalPerformanceShaders
0x00007fff2664f000 	/System/Library/Frameworks/Accelerate.framework/Versions/A/Frameworks/vImage.framework/Versions/A/vImage
0x00007fff2ffa2000 	/System/Library/Frameworks/Accelerate.framework/Versions/A/Frameworks/vecLib.framework/Versions/A/vecLib
0x00007fff2ae12000 	/System/Library/Frameworks/Accelerate.framework/Versions/A/Frameworks/vecLib.framework/Versions/A/libvMisc.dylib
0x00007fff29822000 	/System/Library/Frameworks/Accelerate.framework/Versions/A/Frameworks/vecLib.framework/Versions/A/libvDSP.dylib
0x00007fff20c72000 	/System/Library/Frameworks/Accelerate.framework/Versions/A/Frameworks/vecLib.framework/Versions/A/libBLAS.dylib
0x00007fff2a8c7000 	/System/Library/Frameworks/Accelerate.framework/Versions/A/Frameworks/vecLib.framework/Versions/A/libLAPACK.dylib
0x00007fff29e3e000 	/System/Library/Frameworks/Accelerate.framework/Versions/A/Frameworks/vecLib.framework/Versions/A/libLinearAlgebra.dylib
0x00007fff2a883000 	/System/Library/Frameworks/Accelerate.framework/Versions/A/Frameworks/vecLib.framework/Versions/A/libSparseBLAS.dylib
0x00007fff2a8c1000 	/System/Library/Frameworks/Accelerate.framework/Versions/A/Frameworks/vecLib.framework/Versions/A/libQuadrature.dylib
0x00007fff29179000 	/System/Library/Frameworks/Accelerate.framework/Versions/A/Frameworks/vecLib.framework/Versions/A/libBNNS.dylib
0x00007fff20f1d000 	/System/Library/Frameworks/Accelerate.framework/Versions/A/Frameworks/vecLib.framework/Versions/A/libSparse.dylib
0x00007fff29055000 	/System/Library/Frameworks/MetalPerformanceShaders.framework/Versions/A/Frameworks/MPSCore.framework/Versions/A/MPSCore
0x00007fff2a2b3000 	/System/Library/Frameworks/MetalPerformanceShaders.framework/Versions/A/Frameworks/MPSImage.framework/Versions/A/MPSImage
0x00007fff29e54000 	/System/Library/Frameworks/MetalPerformanceShaders.framework/Versions/A/Frameworks/MPSNeuralNetwork.framework/Versions/A/MPSNeuralNetwork
0x00007fff2a225000 	/System/Library/Frameworks/MetalPerformanceShaders.framework/Versions/A/Frameworks/MPSMatrix.framework/Versions/A/MPSMatrix
0x00007fff2a073000 	/System/Library/Frameworks/MetalPerformanceShaders.framework/Versions/A/Frameworks/MPSRayIntersector.framework/Versions/A/MPSRayIntersector
0x00007fff2a25c000 	/System/Library/Frameworks/MetalPerformanceShaders.framework/Versions/A/Frameworks/MPSNDArray.framework/Versions/A/MPSNDArray
0x00007fff20b9d000 	/System/Library/PrivateFrameworks/MetalTools.framework/Versions/A/MetalTools
0x00007fff290c5000 	/System/Library/PrivateFrameworks/AggregateDictionary.framework/Versions/A/AggregateDictionary
0x00007fff2652d000 	/System/Library/PrivateFrameworks/CoreAnalytics.framework/Versions/A/CoreAnalytics
0x00007fff2a848000 	/System/Library/PrivateFrameworks/AppleSauce.framework/Versions/A/AppleSauce
0x00007fff283cb000 	/System/Library/PrivateFrameworks/IOAccelerator.framework/Versions/A/IOAccelerator
0x00007fff6bb27000 	/System/Library/Frameworks/OpenGL.framework/Versions/A/Libraries/libCoreFSCache.dylib
0x00007fff215d7000 	/System/Library/PrivateFrameworks/LanguageModeling.framework/Versions/A/LanguageModeling
0x00007fff299f5000 	/System/Library/PrivateFrameworks/CoreEmoji.framework/Versions/A/CoreEmoji
0x00007fff29172000 	/System/Library/PrivateFrameworks/LinguisticData.framework/Versions/A/LinguisticData
0x00007fff20ecf000 	/System/Library/PrivateFrameworks/Lexicon.framework/Versions/A/Lexicon
0x00007fff2a75a000 	/usr/lib/libcmph.dylib
0x00007fff27220000 	/System/Library/Frameworks/OpenDirectory.framework/Versions/A/Frameworks/CFOpenDirectory.framework/Versions/A/CFOpenDirectory
0x00007fff27210000 	/System/Library/Frameworks/OpenDirectory.framework/Versions/A/OpenDirectory
0x00007fff2acd0000 	/System/Library/PrivateFrameworks/APFS.framework/Versions/A/APFS
0x00007fff29d1b000 	/System/Library/Frameworks/SecurityFoundation.framework/Versions/A/SecurityFoundation
0x00007fff2adda000 	/usr/lib/libutil.dylib
0x00007fff22bcd000 	/System/Library/PrivateFrameworks/CoreServicesStore.framework/Versions/A/CoreServicesStore
0x00007fff29db1000 	/System/Library/Frameworks/ServiceManagement.framework/Versions/A/ServiceManagement
0x00007fff2adde000 	/usr/lib/libxslt.1.dylib
0x00007fff29da7000 	/System/Library/PrivateFrameworks/BackgroundTaskManagement.framework/Versions/A/BackgroundTaskManagement
0x00007fff2bd97000 	/System/Library/Frameworks/ImageIO.framework/Versions/A/Resources/libRadiance.dylib
0x00007fff2bda1000 	/System/Library/Frameworks/ImageIO.framework/Versions/A/Resources/libJPEG.dylib
0x00007fff2bceb000 	/System/Library/Frameworks/ImageIO.framework/Versions/A/Resources/libPng.dylib
0x00007fff2bd12000 	/System/Library/Frameworks/ImageIO.framework/Versions/A/Resources/libTIFF.dylib
0x00007fff2bdf6000 	/System/Library/Frameworks/ImageIO.framework/Versions/A/Resources/libGIF.dylib
0x00007fff2ba3d000 	/System/Library/Frameworks/ImageIO.framework/Versions/A/Resources/libJP2.dylib
0x00007fff2b159000 	/usr/lib/libexpat.1.dylib
0x00007fff2b9f3000 	/System/Library/PrivateFrameworks/AppleJPEG.framework/Versions/A/AppleJPEG
0x00007fff28601000 	/System/Library/PrivateFrameworks/FontServices.framework/libFontParser.dylib
0x00007fff262d4000 	/System/Library/PrivateFrameworks/RunningBoardServices.framework/Versions/A/RunningBoardServices
0x00007fff2bb1d000 	/System/Library/PrivateFrameworks/WatchdogClient.framework/Versions/A/WatchdogClient
0x00007fff216c0000 	/System/Library/Frameworks/CoreDisplay.framework/Versions/A/CoreDisplay
0x00007fff28516000 	/System/Library/Frameworks/CoreMedia.framework/Versions/A/CoreMedia
0x00007fff273a0000 	/System/Library/Frameworks/CoreVideo.framework/Versions/A/CoreVideo
0x00007fff2bb58000 	/System/Library/Frameworks/VideoToolbox.framework/Versions/A/VideoToolbox
0x00007fff26254000 	/System/Library/PrivateFrameworks/BaseBoard.framework/Versions/A/BaseBoard
0x00007fff2b29d000 	/System/Library/PrivateFrameworks/PersistentConnection.framework/Versions/A/PersistentConnection
0x00007fff25ff5000 	/System/Library/PrivateFrameworks/ProtocolBuffer.framework/Versions/A/ProtocolBuffer
0x00007fff2623c000 	/System/Library/PrivateFrameworks/CommonUtilities.framework/Versions/A/CommonUtilities
0x00007fff2b9b6000 	/System/Library/PrivateFrameworks/Bom.framework/Versions/A/Bom
0x00007fff2bd8f000 	/System/Library/PrivateFrameworks/GPUWrangler.framework/Versions/A/GPUWrangler
0x00007fff2bd72000 	/System/Library/PrivateFrameworks/IOPresentment.framework/Versions/A/IOPresentment
0x00007fff2bd9b000 	/System/Library/PrivateFrameworks/DSExternalDisplay.framework/Versions/A/DSExternalDisplay
0x00007fff2bdfb000 	/System/Library/PrivateFrameworks/CMCaptureCore.framework/Versions/A/CMCaptureCore
0x00007fff2b739000 	/System/Library/PrivateFrameworks/AppServerSupport.framework/Versions/A/AppServerSupport
0x00007fff2d7d6000 	/System/Library/PrivateFrameworks/perfdata.framework/Versions/A/perfdata
0x00007fff29d0a000 	/System/Library/PrivateFrameworks/AssertionServices.framework/Versions/A/AssertionServices
0x00007fff217f7000 	/System/Library/PrivateFrameworks/AudioToolboxCore.framework/Versions/A/AudioToolboxCore
0x00007fff284f9000 	/System/Library/PrivateFrameworks/caulk.framework/Versions/A/caulk
0x00007fff3cc82000 	/System/Library/PrivateFrameworks/SystemPolicy.framework/Versions/A/SystemPolicy
0x00007fff2af68000 	/usr/lib/libIOReport.dylib
0x00007fff2d012000 	/usr/lib/libSMC.dylib
0x00007fff2bcb7000 	/usr/lib/libAudioToolboxUtility.dylib
0x00007fff3d5df000 	/usr/lib/libmis.dylib
0x00007fff6bb83000 	/System/Library/Frameworks/OpenGL.framework/Versions/A/Libraries/libGLU.dylib
0x00007fff6bb46000 	/System/Library/Frameworks/OpenGL.framework/Versions/A/Libraries/libGFXShared.dylib
0x00007fff6bd54000 	/System/Library/Frameworks/OpenGL.framework/Versions/A/Libraries/libGL.dylib
0x00007fff6bb4f000 	/System/Library/Frameworks/OpenGL.framework/Versions/A/Libraries/libGLImage.dylib
0x00007fff6bb43000 	/System/Library/Frameworks/OpenGL.framework/Versions/A/Libraries/libCVMSPluginSupport.dylib
0x00007fff6bb2e000 	/System/Library/Frameworks/OpenGL.framework/Versions/A/Libraries/libCoreVMClient.dylib
0x00007fff6d19e000 	/System/Library/Frameworks/OpenCL.framework/Versions/A/OpenCL
0x00007fff2b2c6000 	/System/Library/PrivateFrameworks/GraphVisualizer.framework/Versions/A/GraphVisualizer
0x00007fff2b2d5000 	/System/Library/PrivateFrameworks/FaceCore.framework/Versions/A/FaceCore
0x00007fff2b6f1000 	/System/Library/PrivateFrameworks/OTSVG.framework/Versions/A/OTSVG
0x00007fff26f95000 	/System/Library/Frameworks/ApplicationServices.framework/Versions/A/Frameworks/ATS.framework/Versions/A/Resources/libFontRegistry.dylib
0x00007fff2b740000 	/System/Library/PrivateFrameworks/FontServices.framework/libhvf.dylib
0x00007fff2b105000 	/System/Library/PrivateFrameworks/AppleVA.framework/Versions/A/AppleVA
0x00007fff2ce5a000 	/System/Library/Frameworks/ApplicationServices.framework/Versions/A/Frameworks/ATS.framework/Versions/A/ATS
0x00007fff2d16d000 	/System/Library/Frameworks/ApplicationServices.framework/Versions/A/Frameworks/ColorSyncLegacy.framework/Versions/A/ColorSyncLegacy
0x00007fff257d3000 	/System/Library/Frameworks/ApplicationServices.framework/Versions/A/Frameworks/HIServices.framework/Versions/A/HIServices
0x00007fff2d152000 	/System/Library/Frameworks/ApplicationServices.framework/Versions/A/Frameworks/LangAnalysis.framework/Versions/A/LangAnalysis
0x00007fff2be05000 	/System/Library/Frameworks/ApplicationServices.framework/Versions/A/Frameworks/PrintCore.framework/Versions/A/PrintCore
0x00007fff2d175000 	/System/Library/Frameworks/ApplicationServices.framework/Versions/A/Frameworks/QD.framework/Versions/A/QD
0x00007fff2ce4a000 	/System/Library/Frameworks/ApplicationServices.framework/Versions/A/Frameworks/SpeechSynthesis.framework/Versions/A/SpeechSynthesis
0x00007fff2bdc6000 	/System/Library/Frameworks/ApplicationServices.framework/Versions/A/Frameworks/ATSUI.framework/Versions/A/ATSUI
0x00007fff2d0f2000 	/usr/lib/libcups.2.dylib
0x00007fff2d162000 	/System/Library/PrivateFrameworks/NetAuth.framework/Versions/A/NetAuth
0x00007fff2d7f1000 	/System/Library/Frameworks/Kerberos.framework/Versions/A/Kerberos
0x00007fff2d801000 	/System/Library/Frameworks/GSS.framework/Versions/A/GSS
0x00007fff2cec7000 	/usr/lib/libresolv.9.dylib
0x00007fff2b756000 	/System/Library/PrivateFrameworks/Heimdal.framework/Versions/A/Heimdal
0x00007fff334b8000 	/System/Library/Frameworks/Kerberos.framework/Versions/A/Libraries/libHeimdalProxy.dylib
0x00007fff263a1000 	/System/Library/Frameworks/Network.framework/Versions/A/Network
0x00007fff2b172000 	/usr/lib/libheimdal-asn1.dylib
0x00007fff2d852000 	/System/Library/PrivateFrameworks/CommonAuth.framework/Versions/A/CommonAuth
0x00007fff273ee000 	/System/Library/PrivateFrameworks/login.framework/Versions/A/Frameworks/loginsupport.framework/Versions/A/loginsupport
0x00007fff2cdd1000 	/System/Library/PrivateFrameworks/AudioSession.framework/Versions/A/AudioSession
0x00007fff2ce37000 	/usr/lib/libAudioStatistics.dylib
0x00007fff2b1fe000 	/System/Library/PrivateFrameworks/MediaExperience.framework/Versions/A/MediaExperience
0x00007fff2cc6a000 	/System/Library/PrivateFrameworks/AudioSession.framework/libSessionUtility.dylib
0x00007fff2d7e2000 	/usr/lib/libperfcheck.dylib
0x00007fff2d181000 	/System/Library/PrivateFrameworks/AudioResourceArbitration.framework/Versions/A/AudioResourceArbitration
0x00007fff2b17c000 	/System/Library/PrivateFrameworks/IconFoundation.framework/Versions/A/IconFoundation
0x00007fff2fc85000 	/System/Library/PrivateFrameworks/SpeechRecognitionCore.framework/Versions/A/SpeechRecognitionCore
0x000000010f000000 	/Library/Java/JavaVirtualMachines/jdk-15.0.1.jdk/Contents/Home/lib/server/libjvm.dylib
0x000000010ad4a000 	/Library/Java/JavaVirtualMachines/jdk-15.0.1.jdk/Contents/Home/lib/libjimage.dylib
0x000000010ad58000 	/Library/Java/JavaVirtualMachines/jdk-15.0.1.jdk/Contents/Home/lib/libinstrument.dylib
0x000000010ad68000 	/Library/Java/JavaVirtualMachines/jdk-15.0.1.jdk/Contents/Home/lib/libjava.dylib
0x000000010afce000 	/Library/Java/JavaVirtualMachines/jdk-15.0.1.jdk/Contents/Home/lib/libzip.dylib
0x000000010afdc000 	/Library/Java/JavaVirtualMachines/jdk-15.0.1.jdk/Contents/Home/lib/libnio.dylib
0x0000000111840000 	/Library/Java/JavaVirtualMachines/jdk-15.0.1.jdk/Contents/Home/lib/libnet.dylib
0x000000010aff0000 	/Library/Java/JavaVirtualMachines/jdk-15.0.1.jdk/Contents/Home/lib/libextnet.dylib
0x0000000111859000 	/Library/Java/JavaVirtualMachines/jdk-15.0.1.jdk/Contents/Home/lib/libawt.dylib
0x0000000111910000 	/Library/Java/JavaVirtualMachines/jdk-15.0.1.jdk/Contents/Home/lib/libmlib_image.dylib
0x00007fff6ead3000 	/System/Library/Frameworks/JavaNativeFoundation.framework/Versions/A/JavaNativeFoundation
0x00007fff6eadf000 	/System/Library/Frameworks/JavaRuntimeSupport.framework/Versions/A/JavaRuntimeSupport
0x00007fff3c9cc000 	/System/Library/Frameworks/Carbon.framework/Versions/A/Carbon
0x00007fff31af6000 	/System/Library/PrivateFrameworks/CoreSymbolication.framework/Versions/A/CoreSymbolication
0x00007fff36463000 	/System/Library/Frameworks/Carbon.framework/Versions/A/Frameworks/CommonPanels.framework/Versions/A/CommonPanels
0x00007fff32f4d000 	/System/Library/Frameworks/Carbon.framework/Versions/A/Frameworks/Help.framework/Versions/A/Help
0x00007fff36467000 	/System/Library/Frameworks/Carbon.framework/Versions/A/Frameworks/ImageCapture.framework/Versions/A/ImageCapture
0x00007fff36437000 	/System/Library/Frameworks/Carbon.framework/Versions/A/Frameworks/OpenScripting.framework/Versions/A/OpenScripting
0x00007fff3645f000 	/System/Library/Frameworks/Carbon.framework/Versions/A/Frameworks/Ink.framework/Versions/A/Ink
0x00007fff3c9c8000 	/System/Library/Frameworks/Carbon.framework/Versions/A/Frameworks/Print.framework/Versions/A/Print
0x00007fff3645b000 	/System/Library/Frameworks/Carbon.framework/Versions/A/Frameworks/SecurityHI.framework/Versions/A/SecurityHI
0x00007fff31aba000 	/System/Library/PrivateFrameworks/DebugSymbols.framework/Versions/A/DebugSymbols
0x00000001119ac000 	/Library/Java/JavaVirtualMachines/jdk-15.0.1.jdk/Contents/Home/lib/libawt_lwawt.dylib
0x0000000111a66000 	/Library/Java/JavaVirtualMachines/jdk-15.0.1.jdk/Contents/Home/lib/libosxapp.dylib
0x00007fff3bfe3000 	/System/Library/Frameworks/ExceptionHandling.framework/Versions/A/ExceptionHandling
0x000000013548c000 	/Library/Java/JavaVirtualMachines/jdk-15.0.1.jdk/Contents/Home/lib/libfontmanager.dylib
0x0000000111a86000 	/Library/Java/JavaVirtualMachines/jdk-15.0.1.jdk/Contents/Home/lib/libfreetype.dylib
0x00007fff22b8e000 	/System/Library/PrivateFrameworks/CoreServicesInternal.framework/Versions/A/CoreServicesInternal
0x00007fff3100c000 	/System/Library/Frameworks/FileProvider.framework/Versions/A/FileProvider
0x00007fff261bf000 	/System/Library/Frameworks/Accounts.framework/Versions/A/Accounts
0x00007fff3115c000 	/System/Library/PrivateFrameworks/GenerationalStorage.framework/Versions/A/GenerationalStorage
0x00007fff30a2c000 	/System/Library/PrivateFrameworks/SymptomDiagnosticReporter.framework/Versions/A/SymptomDiagnosticReporter
0x00007fff23cbf000 	/System/Library/PrivateFrameworks/DesktopServicesPriv.framework/Versions/A/DesktopServicesPriv
0x00007fff22cc3000 	/usr/lib/libsandbox.1.dylib
0x00007fff27419000 	/System/Library/PrivateFrameworks/UserManagement.framework/Versions/A/UserManagement
0x00007fff29ce7000 	/System/Library/PrivateFrameworks/MobileKeyBag.framework/Versions/A/MobileKeyBag
0x00007fff3453b000 	/System/Library/PrivateFrameworks/ChunkingLibrary.framework/Versions/A/ChunkingLibrary
0x00007fff2e215000 	/System/Library/PrivateFrameworks/Sharing.framework/Versions/A/Sharing
0x00007fff32aba000 	/System/Library/PrivateFrameworks/Apple80211.framework/Versions/A/Apple80211
0x00007fff2a394000 	/System/Library/PrivateFrameworks/AuthKit.framework/Versions/A/AuthKit
0x00007fff29ae5000 	/System/Library/PrivateFrameworks/CoreUtils.framework/Versions/A/CoreUtils
0x00007fff29a12000 	/System/Library/Frameworks/CoreWLAN.framework/Versions/A/CoreWLAN
0x00007fff2e361000 	/System/Library/Frameworks/IOBluetooth.framework/Versions/A/IOBluetooth
0x00007fff32b1e000 	/System/Library/PrivateFrameworks/CoreWiFi.framework/Versions/A/CoreWiFi
0x00007fff2d8d8000 	/System/Library/PrivateFrameworks/CorePhoneNumbers.framework/Versions/A/CorePhoneNumbers
0x00007fff30b33000 	/System/Library/PrivateFrameworks/DiskManagement.framework/Versions/A/DiskManagement
0x00007fff30a49000 	/System/Library/PrivateFrameworks/AppleIDAuthSupport.framework/Versions/A/AppleIDAuthSupport
0x00007fff2d8b8000 	/System/Library/PrivateFrameworks/KeychainCircle.framework/Versions/A/KeychainCircle
0x00007fff30aff000 	/System/Library/PrivateFrameworks/MediaKit.framework/Versions/A/MediaKit
0x00007fff30a56000 	/System/Library/Frameworks/DiscRecording.framework/Versions/A/DiscRecording
0x00007fff2b079000 	/usr/lib/libCoreStorage.dylib
0x00007fff32f59000 	/usr/lib/libcsfde.dylib
0x00007fff2e49c000 	/System/Library/PrivateFrameworks/ProtectedCloudStorage.framework/Versions/A/ProtectedCloudStorage
0x00007fff32f51000 	/System/Library/PrivateFrameworks/EFILogin.framework/Versions/A/EFILogin
0x00007fff3356b000 	/System/Library/Frameworks/AudioUnit.framework/Versions/A/AudioUnit
0x00007fff309c6000 	/System/Library/Frameworks/CoreBluetooth.framework/Versions/A/CoreBluetooth
0x00007fff2b071000 	/usr/lib/libMatch.1.dylib
0x00007fff43853000 	/System/Library/CoreServices/RawCamera.bundle/Contents/MacOS/RawCamera
0x00007fff2d863000 	/System/Library/PrivateFrameworks/MobileAsset.framework/Versions/A/MobileAsset
0x00007fff3358f000 	/System/Library/PrivateFrameworks/StreamingZip.framework/Versions/A/StreamingZip
0x00007fff2bffd000 	/System/Library/Frameworks/MediaToolbox.framework/Versions/A/MediaToolbox
0x00007fff30fde000 	/System/Library/PrivateFrameworks/CoreAVCHD.framework/Versions/A/CoreAVCHD
0x00007fff301c5000 	/System/Library/Frameworks/MediaAccessibility.framework/Versions/A/MediaAccessibility
0x00007fff30fda000 	/System/Library/PrivateFrameworks/Mangrove.framework/Versions/A/Mangrove
0x00007fff301d1000 	/System/Library/PrivateFrameworks/AlgosScoreFramework.framework/Versions/A/AlgosScoreFramework
0x00007fff319c8000 	/System/Library/PrivateFrameworks/AppleVPA.framework/Versions/A/AppleVPA
0x00007fff30c1f000 	/System/Library/PrivateFrameworks/CoreAUC.framework/Versions/A/CoreAUC
0x00007fff412a6000 	/System/Library/Frameworks/Accelerate.framework/Versions/A/Frameworks/vImage.framework/Versions/A/Libraries/libCGInterfaces.dylib
0x00000001371d6000 	/usr/lib/libobjc-trampolines.dylib
0x00007fff27118000 	/System/Library/PrivateFrameworks/ViewBridge.framework/Versions/A/ViewBridge
0x00007fff2b817000 	/System/Library/PrivateFrameworks/login.framework/Versions/A/login
0x00007fff6bd5f000 	/System/Library/Frameworks/OpenGL.framework/Versions/A/Resources/GLEngine.bundle/GLEngine
0x00007fff6bbc0000 	/System/Library/Frameworks/OpenGL.framework/Versions/A/Libraries/libGLProgrammability.dylib
0x00007fff62292000 	/System/Library/Extensions/AppleIntelSKLGraphicsGLDriver.bundle/Contents/MacOS/AppleIntelSKLGraphicsGLDriver
0x00007fff46399000 	/System/Library/PrivateFrameworks/GPUSupport.framework/Versions/A/Libraries/libGPUSupportMercury.dylib
0x000000013885d000 	/System/Library/Extensions/AMDRadeonX4000GLDriver.bundle/Contents/MacOS/AMDRadeonX4000GLDriver
0x00007fff6e0a0000 	/System/Library/Extensions/AMDRadeonX4000GLDriver.bundle/Contents/MacOS/ATIRadeonX4000SCLib.dylib
0x00007fff5e1ab000 	/System/Library/Extensions/AMDShared.bundle/Contents/PlugIns/libSC.dylib
0x00007fff6bedd000 	/System/Library/Frameworks/OpenGL.framework/Versions/A/Resources/GLRendererFloat.bundle/GLRendererFloat
0x0000000138b50000 	/Library/Java/JavaVirtualMachines/jdk-15.0.1.jdk/Contents/Home/lib/libosxui.dylib
0x00007fff5cf62000 	/System/Library/CoreServices/Encodings/libSimplifiedChineseConverter.dylib
0x00007fff779d2000 	/usr/lib/libRosetta.dylib
0x00007fff30202000 	/System/Library/PrivateFrameworks/SystemAdministration.framework/Versions/A/SystemAdministration
0x00007fff2fc51000 	/System/Library/Frameworks/DirectoryService.framework/Versions/A/DirectoryService
0x00007fff32df9000 	/System/Library/PrivateFrameworks/DiskImages.framework/Versions/A/DiskImages
0x00007fff32fcc000 	/System/Library/PrivateFrameworks/LoginUIKit.framework/Versions/A/Frameworks/LoginUICore.framework/Versions/A/LoginUICore
0x00007fff2b9b2000 	/usr/lib/libodfde.dylib
0x00007fff32f65000 	/usr/lib/libcurl.4.dylib
0x00007fff32cc5000 	/usr/lib/libcrypto.44.dylib
0x00007fff32dcb000 	/usr/lib/libssl.46.dylib
0x00007fff32c8b000 	/System/Library/Frameworks/LDAP.framework/Versions/A/LDAP
0x00007fff32cc3000 	/System/Library/PrivateFrameworks/TrustEvaluationAgent.framework/Versions/A/TrustEvaluationAgent
0x00007fff2cee0000 	/usr/lib/libsasl2.2.dylib
0x00007fff301f6000 	/System/Library/PrivateFrameworks/CoreDaemon.framework/Versions/B/CoreDaemon
0x00007fff301f1000 	/System/Library/PrivateFrameworks/AppleSRP.framework/Versions/A/AppleSRP
0x000000013a363000 	/Library/Java/JavaVirtualMachines/jdk-15.0.1.jdk/Contents/Home/lib/libverify.dylib
0x000000013a374000 	/Users/andrewamato/Library/Caches/JNA/temp/jna4399193322501326958.tmp
0x00007fff6eae7000 	/System/Library/Frameworks/JavaVM.framework/Versions/A/JavaVM
0x000000013a58c000 	/Applications/VLC.app/Contents/MacOS/lib/libvlccore.8.dylib
0x000000013a67f000 	/Applications/VLC.app/Contents/MacOS/lib/libvlc.5.dylib
0x00007fff780ec000 	/usr/lib/libstdc++.6.dylib
0x00007fff6f373000 	/System/Library/Frameworks/VideoDecodeAcceleration.framework/Versions/A/VideoDecodeAcceleration
0x000000013a69e000 	/Applications/VLC.app/Contents/MacOS/plugins/libavcapture_plugin.dylib
0x00007fff3cac8000 	/System/Library/Frameworks/AVFoundation.framework/Versions/A/AVFoundation
0x00007fff6e2a8000 	/System/Library/Frameworks/AVFAudio.framework/Versions/A/AVFAudio
0x00007fff315e7000 	/System/Library/PrivateFrameworks/AVFCore.framework/Versions/A/AVFCore
0x00007fff376cb000 	/System/Library/PrivateFrameworks/AVFCapture.framework/Versions/A/AVFCapture
0x00007fff3bd1c000 	/System/Library/PrivateFrameworks/AirPlaySync.framework/Versions/A/AirPlaySync
0x00007fff2cfad000 	/System/Library/Frameworks/CoreMediaIO.framework/Versions/A/CoreMediaIO
0x00007fff377de000 	/System/Library/PrivateFrameworks/Quagga.framework/Versions/A/Quagga
0x00007fff37872000 	/System/Library/PrivateFrameworks/CMCapture.framework/Versions/A/CMCapture
0x00007fff3367e000 	/System/Library/PrivateFrameworks/Espresso.framework/Versions/A/Espresso
0x00007fff34dff000 	/System/Library/PrivateFrameworks/AppleNeuralEngine.framework/Versions/A/AppleNeuralEngine
0x00007fff33e80000 	/System/Library/PrivateFrameworks/ANEServices.framework/Versions/A/ANEServices
0x00007fff6f90d000 	/System/Library/PrivateFrameworks/CMImaging.framework/Versions/A/CMImaging
0x00007fff32c70000 	/System/Library/PrivateFrameworks/BackBoardServices.framework/Versions/A/BackBoardServices
0x00007fff3177c000 	/System/Library/PrivateFrameworks/FrontBoardServices.framework/Versions/A/FrontBoardServices
0x00007fff317ec000 	/System/Library/PrivateFrameworks/BoardServices.framework/Versions/A/BoardServices
0x000000013a6a8000 	/Applications/VLC.app/Contents/MacOS/plugins/libqtcapture_plugin.dylib
0x00007fff34ed6000 	/System/Library/Frameworks/QTKit.framework/Versions/A/QTKit
0x000000013a6b3000 	/Applications/VLC.app/Contents/MacOS/plugins/libqtsound_plugin.dylib
0x000000013a6bd000 	/Applications/VLC.app/Contents/MacOS/plugins/libauhal_plugin.dylib
0x000000013a6cc000 	/System/Library/Extensions/AppleHDA.kext/Contents/PlugIns/AppleHDAHALPlugIn.bundle/Contents/MacOS/AppleHDAHALPlugIn
0x000000013a6e4000 	/Applications/VLC.app/Contents/MacOS/plugins/liblibbluray_plugin.dylib
0x000000013aa90000 	/Applications/VLC.app/Contents/MacOS/plugins/libaccess_bd_plugin.dylib
0x000000013aa9e000 	/Applications/VLC.app/Contents/MacOS/plugins/libdvdnav_plugin.dylib
0x000000013aafd000 	/Applications/VLC.app/Contents/MacOS/plugins/libvdr_plugin.dylib
0x000000013ab06000 	/Applications/VLC.app/Contents/MacOS/plugins/libfilesystem_plugin.dylib
0x000000013ab0f000 	/Applications/VLC.app/Contents/MacOS/plugins/libsmooth_plugin.dylib
0x000000013ab1a000 	/Applications/VLC.app/Contents/MacOS/plugins/libhttplive_plugin.dylib
0x000000013ac1a000 	/Applications/VLC.app/Contents/MacOS/plugins/libdecomp_plugin.dylib
0x000000013ac21000 	/Applications/VLC.app/Contents/MacOS/plugins/libdash_plugin.dylib
0x000000013ac50000 	/Applications/VLC.app/Contents/MacOS/plugins/librar_plugin.dylib
0x000000013ac57000 	/Applications/VLC.app/Contents/MacOS/plugins/libzip_plugin.dylib
0x000000013ac6f000 	/Applications/VLC.app/Contents/MacOS/plugins/librecord_plugin.dylib
0x000000013ac75000 	/Applications/VLC.app/Contents/MacOS/plugins/libmp4_plugin.dylib
0x000000013aca6000 	/Applications/VLC.app/Contents/MacOS/plugins/libpng_plugin.dylib
0x000000013ad1a000 	/Applications/VLC.app/Contents/MacOS/plugins/libjpeg_plugin.dylib
0x000000013ad8c000 	/Applications/VLC.app/Contents/MacOS/plugins/libcdg_plugin.dylib
0x000000013ad93000 	/Applications/VLC.app/Contents/MacOS/plugins/libschroedinger_plugin.dylib
0x000000017cef4000 	/Applications/VLC.app/Contents/MacOS/plugins/libfaad_plugin.dylib
0x000000013afa5000 	/Applications/VLC.app/Contents/MacOS/plugins/libdts_plugin.dylib
0x000000013afac000 	/Applications/VLC.app/Contents/MacOS/plugins/libaes3_plugin.dylib
0x000000013afb2000 	/Applications/VLC.app/Contents/MacOS/plugins/libaraw_plugin.dylib
0x000000013afb9000 	/Applications/VLC.app/Contents/MacOS/plugins/libsubstx3g_plugin.dylib
0x000000017cf79000 	/Applications/VLC.app/Contents/MacOS/plugins/libvorbis_plugin.dylib
0x000000017d056000 	/Applications/VLC.app/Contents/MacOS/plugins/libtheora_plugin.dylib
0x000000017d09b000 	/Applications/VLC.app/Contents/MacOS/plugins/libflac_plugin.dylib
0x000000013afc0000 	/Applications/VLC.app/Contents/MacOS/plugins/libmpeg_audio_plugin.dylib
0x000000013afc7000 	/Applications/VLC.app/Contents/MacOS/plugins/libg711_plugin.dylib
0x000000017d0c9000 	/Applications/VLC.app/Contents/MacOS/plugins/liba52_plugin.dylib
0x000000017d0d0000 	/Applications/VLC.app/Contents/MacOS/plugins/liblibass_plugin.dylib
0x000000017d61e000 	/Applications/VLC.app/Contents/MacOS/plugins/libspeex_plugin.dylib
0x000000017d654000 	/Applications/VLC.app/Contents/MacOS/plugins/libopus_plugin.dylib
0x000000017d6f5000 	/Applications/VLC.app/Contents/MacOS/plugins/liblpcm_plugin.dylib
0x000000017d6fd000 	/Applications/VLC.app/Contents/MacOS/plugins/libdvbsub_plugin.dylib
0x000000017d70f000 	/Applications/VLC.app/Contents/MacOS/plugins/libspudec_plugin.dylib
0x000000017d716000 	/Applications/VLC.app/Contents/MacOS/plugins/libavcodec_plugin.dylib
0x000000017ed69000 	/Applications/VLC.app/Contents/MacOS/plugins/libtaglib_plugin.dylib
0x000000017f08e000 	/Applications/VLC.app/Contents/MacOS/plugins/liblua_plugin.dylib
0x000000017f0e4000 	/Applications/VLC.app/Contents/MacOS/plugins/libfreetype_plugin.dylib
0x000000017f22d000 	/System/Library/Components/CoreAudio.component/Contents/MacOS/CoreAudio
0x000000017f6a0000 	/Applications/VLC.app/Contents/MacOS/plugins/libfloat_mixer_plugin.dylib
0x000000017f6a5000 	/Applications/VLC.app/Contents/MacOS/plugins/libscaletempo_plugin.dylib
0x000000017f6ac000 	/Applications/VLC.app/Contents/MacOS/plugins/libugly_resampler_plugin.dylib
0x000000017f6d7000 	/Applications/VLC.app/Contents/MacOS/plugins/libi420_yuy2_sse2_plugin.dylib
0x000000017f6de000 	/Applications/VLC.app/Contents/MacOS/plugins/libi420_yuy2_mmx_plugin.dylib
0x0000000180e07000 	/Applications/VLC.app/Contents/MacOS/plugins/libswscale_plugin.dylib
0x000000017f6e5000 	/Applications/VLC.app/Contents/MacOS/plugins/libi422_yuy2_sse2_plugin.dylib
0x000000017f6ec000 	/Applications/VLC.app/Contents/MacOS/plugins/libi420_rgb_sse2_plugin.dylib
0x000000017f6f9000 	/Applications/VLC.app/Contents/MacOS/plugins/libi420_rgb_mmx_plugin.dylib
0x000000017f703000 	/Applications/VLC.app/Contents/MacOS/plugins/libi422_yuy2_mmx_plugin.dylib
0x000000017f709000 	/Applications/VLC.app/Contents/MacOS/plugins/libyuy2_i420_plugin.dylib
0x000000017f73f000 	/Applications/VLC.app/Contents/MacOS/plugins/libyuy2_i422_plugin.dylib
0x000000017f745000 	/Applications/VLC.app/Contents/MacOS/plugins/libi420_yuy2_plugin.dylib
0x000000017f74c000 	/Applications/VLC.app/Contents/MacOS/plugins/libi422_yuy2_plugin.dylib
0x000000017f753000 	/Applications/VLC.app/Contents/MacOS/plugins/libi420_rgb_plugin.dylib
0x000000017f75d000 	/Applications/VLC.app/Contents/MacOS/plugins/libgrey_yuv_plugin.dylib
0x000000017f7a1000 	/Applications/VLC.app/Contents/MacOS/plugins/libi422_i420_plugin.dylib
0x000000017f7a7000 	/Applications/VLC.app/Contents/MacOS/plugins/libscale_plugin.dylib
0x000000017f7ad000 	/Applications/VLC.app/Contents/MacOS/plugins/libyuvp_plugin.dylib
0x000000017f7b3000 	/Applications/VLC.app/Contents/MacOS/plugins/libvmem_plugin.dylib
0x00007fff6dd20000 	/System/Library/Extensions/AMDMTLBronzeDriver.bundle/Contents/MacOS/AMDMTLBronzeDriver
0x00007fff40e1a000 	/System/Library/PrivateFrameworks/IOAccelMemoryInfo.framework/Versions/A/IOAccelMemoryInfo
0x00007fff61e06000 	/System/Library/Extensions/AppleIntelSKLGraphicsMTLDriver.bundle/Contents/MacOS/AppleIntelSKLGraphicsMTLDriver
0x00007fff3d5f2000 	/System/Library/PrivateFrameworks/GPURawCounter.framework/Versions/A/GPURawCounter
0x00007fff696dc000 	/System/Library/PrivateFrameworks/GPUCompiler.framework/Versions/31001/Libraries/libmetal_timestamp.dylib


VM Arguments:
jvm_args: -javaagent:/Applications/IntelliJ IDEA.app/Contents/lib/idea_rt.jar=52143:/Applications/IntelliJ IDEA.app/Contents/bin -Dfile.encoding=UTF-8 
java_command: Main
java_class_path (initial): /Users/andrewamato/IdeaProjects/Amato_Bucchieri_Videoh/target/classes:/Users/andrewamato/.m2/repository/org/eclipse/persistence/org.eclipse.persistence.jpa/3.0.2/org.eclipse.persistence.jpa-3.0.2.jar:/Users/andrewamato/.m2/repository/org/eclipse/persistence/org.eclipse.persistence.asm/9.1.0/org.eclipse.persistence.asm-9.1.0.jar:/Users/andrewamato/.m2/repository/org/eclipse/persistence/org.eclipse.persistence.core/3.0.2/org.eclipse.persistence.core-3.0.2.jar:/Users/andrewamato/.m2/repository/org/eclipse/persistence/org.eclipse.persistence.jpa.jpql/3.0.2/org.eclipse.persistence.jpa.jpql-3.0.2.jar:/Users/andrewamato/.m2/repository/jakarta/persistence/jakarta.persistence-api/3.0.0/jakarta.persistence-api-3.0.0.jar:/Users/andrewamato/.m2/repository/org/hsqldb/hsqldb/2.5.2/hsqldb-2.5.2.jar:/Users/andrewamato/.m2/repository/org/apache/maven/surefire/maven-surefire-common/2.19.1/maven-surefire-common-2.19.1.jar:/Users/andrewamato/.m2/repository/org/apache/maven/maven-plugin-api/2.2.1/maven-plugin-api-2.2.1.jar:/Users/andrewamato/.m2/repository/org/apache/maven/plugin-tools/maven-plugin-annotations/3.3/maven-plugin-annotations-3.3.jar:/Users/andrewamato/.m2/repository/org/apache/maven/surefire/surefire-api/2.19.1/surefire-api-2.19.1.jar:/Users/andrewamato/.m2/repository/org/apache/maven/surefire/surefire-booter/2.19.1/surefire-booter-2.19.1.jar:/Users/andrewamato/.m2/repository/org/apache/maven/maven-artifact/2.2.1/maven-artifact-2.2.1.jar:/Users/andrewamato/.m2/repository/org/codehaus/plexus/plexus-utils/1.5.15/plexus-utils-1.5.15.jar:/Users/andrewamato/.m2/repository/org/apache/maven/maven-plugin-descriptor/2.2.1/maven-plugin-descriptor-2.2.1.jar:/Users/andrewamato/.m2/repository/org/codehaus/plexus/plexus-container-default/1.0-alpha-9-stable-1/plexus-container-default-1.0-alpha-9-stable-1.jar:/Users/andrewamato/.m2/repository/junit/junit/3.8.1/junit-3.8.1.jar:/Users/andrewamato/.m2/repository/org/apache/maven/maven-project/2.2.1/maven-project-
Launcher Type: SUN_STANDARD

[Global flags]
     intx CICompilerCount                          = 4                                         {product} {ergonomic}
     uint ConcGCThreads                            = 2                                         {product} {ergonomic}
     uint G1ConcRefinementThreads                  = 8                                         {product} {ergonomic}
   size_t G1HeapRegionSize                         = 2097152                                   {product} {ergonomic}
    uintx GCDrainStackTargetSize                   = 64                                        {product} {ergonomic}
   size_t InitialHeapSize                          = 268435456                                 {product} {ergonomic}
   size_t MarkStackSize                            = 4194304                                   {product} {ergonomic}
   size_t MaxHeapSize                              = 4294967296                                {product} {ergonomic}
   size_t MaxNewSize                               = 2575302656                                {product} {ergonomic}
   size_t MinHeapDeltaBytes                        = 2097152                                   {product} {ergonomic}
   size_t MinHeapSize                              = 8388608                                   {product} {ergonomic}
    uintx NonNMethodCodeHeapSize                   = 5839372                                {pd product} {ergonomic}
    uintx NonProfiledCodeHeapSize                  = 122909434                              {pd product} {ergonomic}
    uintx ProfiledCodeHeapSize                     = 122909434                              {pd product} {ergonomic}
    uintx ReservedCodeCacheSize                    = 251658240                              {pd product} {ergonomic}
     bool SegmentedCodeCache                       = true                                      {product} {ergonomic}
   size_t SoftMaxHeapSize                          = 4294967296                             {manageable} {ergonomic}
     bool UseCompressedClassPointers               = true                                 {lp64_product} {ergonomic}
     bool UseCompressedOops                        = true                                 {lp64_product} {ergonomic}
     bool UseG1GC                                  = true                                      {product} {ergonomic}
     bool UseNUMA                                  = false                                     {product} {ergonomic}
     bool UseNUMAInterleaving                      = false                                     {product} {ergonomic}

Logging:
Log output configuration:
 #0: stdout all=warning uptime,level,tags
 #1: stderr all=off uptime,level,tags

Environment Variables:
JAVA_HOME=/Library/Internet Plug-Ins/JavaAppletPlugin.plugin/Contents/Home
PATH=/usr/local/opt/ruby/bin:/Library/Frameworks/Python.framework/Versions/3.8/bin:/usr/local/bin:/usr/bin:/bin:/usr/sbin:/sbin:/Users/andrewamato/Library/Python/2.7/bin:/Applications/VMware Fusion.app/Contents/Public:/usr/local/aria2/bin:/usr/local/MacGPG2/bin:/Library/Apple/usr/bin:/Library/Frameworks/Mono.framework/Versions/Current/Commands:/Applications/flutter/bin
SHELL=/bin/bash
LANG=it_IT
LC_CTYPE=it_IT.UTF-8

Signal Handlers:
SIGSEGV: [libjvm.dylib+0x9fe2e0], sa_mask[0]=11111111011111110111111111111111, sa_flags=SA_ONSTACK|SA_RESTART|SA_SIGINFO
SIGBUS: [libjvm.dylib+0x9fe2e0], sa_mask[0]=11111111011111110111111111111111, sa_flags=SA_RESTART|SA_SIGINFO
SIGFPE: [libjvm.dylib+0x9fe2e0], sa_mask[0]=11111111011111110111111111111111, sa_flags=SA_RESTART|SA_SIGINFO
SIGPIPE: [libjvm.dylib+0x82a110], sa_mask[0]=11111111011111110111111111111111, sa_flags=SA_RESTART|SA_SIGINFO
SIGXFSZ: [libjvm.dylib+0x82a110], sa_mask[0]=11111111011111110111111111111111, sa_flags=SA_RESTART|SA_SIGINFO
SIGILL: [libjvm.dylib+0x9fe2e0], sa_mask[0]=11111111011111110111111111111111, sa_flags=SA_RESTART|SA_SIGINFO
SIGUSR2: [libjvm.dylib+0x82ac20], sa_mask[0]=00100000000000000000000000000000, sa_flags=SA_RESTART|SA_SIGINFO
SIGHUP: [libjvm.dylib+0x829320], sa_mask[0]=11111111011111110111111111111111, sa_flags=SA_RESTART|SA_SIGINFO
SIGINT: [libjvm.dylib+0x829320], sa_mask[0]=11111111011111110111111111111111, sa_flags=SA_RESTART|SA_SIGINFO
SIGTERM: [libjvm.dylib+0x829320], sa_mask[0]=11111111011111110111111111111111, sa_flags=SA_RESTART|SA_SIGINFO
SIGQUIT: [libjvm.dylib+0x829320], sa_mask[0]=11111111011111110111111111111111, sa_flags=SA_RESTART|SA_SIGINFO


---------------  S Y S T E M  ---------------

OS:uname: Darwin 20.6.0 Darwin Kernel Version 20.6.0: Wed Jun 23 00:26:31 PDT 2021; root:xnu-7195.141.2~5/RELEASE_X86_64 x86_64
OS uptime: 17 days 21:19 hours
rlimit (soft/hard): STACK 8192k/65532k , CORE 0k/infinity , NPROC 2784/4176 , NOFILE 10240/infinity , AS infinity/infinity , CPU infinity/infinity , DATA infinity/infinity , FSIZE infinity/infinity , MEMLOCK infinity/infinity , RSS infinity/infinity
load average: 2.95 2.98 3.03

CPU: total 8 (initial active 8) (4 cores per cpu, 2 threads per core) family 6 model 94 stepping 3 microcode 0xea, cmov, cx8, fxsr, mmx, sse, sse2, sse3, ssse3, sse4.1, sse4.2, popcnt, vzeroupper, avx, avx2, aes, clmul, erms, rtm, 3dnowpref, lzcnt, ht, tsc, tscinvbit, bmi1, bmi2, adx, fma, clflush, clflushopt

Memory: 4k page, physical 16777216k(245296k free), swap 5242880k(983552k free)

vm_info: Java HotSpot(TM) 64-Bit Server VM (15.0.1+9-18) for bsd-amd64 JRE (15.0.1+9-18), built on Sep 15 2020 13:50:45 by "mach5one" with clang 4.2.1 Compatible Apple LLVM 10.0.0 (clang-1000.11.45.5)

END.
