#
# A fatal error has been detected by the Java Runtime Environment:
#
#  SIGSEGV (0xb) at pc=0x000000017edee88b, pid=28922, tid=116999
#
# JRE version: Java(TM) SE Runtime Environment (15.0.1+9) (build 15.0.1+9-18)
# Java VM: Java HotSpot(TM) 64-Bit Server VM (15.0.1+9-18, mixed mode, sharing, tiered, compressed oops, g1 gc, bsd-amd64)
# Problematic frame:
# C  [jna9987347842992550631.tmp+0xd88b]  ffi_closure_unix64_inner+0x38b
#
# No core dump will be written. Core dumps have been disabled. To enable core dumping, try "ulimit -c unlimited" before starting Java again
#
# If you would like to submit a bug report, please visit:
#   https://bugreport.java.com/bugreport/crash.jsp
#

---------------  S U M M A R Y ------------

Command Line: -javaagent:/Applications/IntelliJ IDEA.app/Contents/lib/idea_rt.jar=59346:/Applications/IntelliJ IDEA.app/Contents/bin -Dfile.encoding=UTF-8 Main

Host: MacBookPro13,3 x86_64 2600 MHz, 8 cores, 16G, Darwin 20.6.0
Time: Thu Oct  7 12:58:17 2021 CEST elapsed time: 676.317256 seconds (0d 0h 11m 16s)

---------------  T H R E A D  ---------------

Current thread is native thread

Stack: [0x00007000113fc000,0x00007000114fc000],  sp=0x00007000114fb4c0,  free space=1021k
Native frames: (J=compiled Java code, A=aot compiled Java code, j=interpreted, Vv=VM code, C=native code)
C  [jna9987347842992550631.tmp+0xd88b]  ffi_closure_unix64_inner+0x38b
C  [jna9987347842992550631.tmp+0xd71f]  ffi_closure_unix64_inner+0x21f


siginfo: si_signo: 11 (SIGSEGV), si_code: 1 (SEGV_MAPERR), si_addr: 0x000000000000000a

Registers:
RAX=0x00007faa36070788, RBX=0x0000000000000000, RCX=0x0000000000000001, RDX=0xf1f35d8d437b0047
RSP=0x00007000114fb4c0, RBP=0x00007000114fb5a0, RSI=0x00007000114fb610, RDI=0x0000000000000000
R8 =0x0000000000000000, R9 =0x0000000000000000, R10=0x000000013ab5c4a8, R11=0x000000017edeefb0
R12=0x00007faa36067ba0, R13=0x0000000000000000, R14=0x00007000114fb610, R15=0x0000000000000000
RIP=0x000000017edee88b, EFLAGS=0x0000000000010206, ERR=0x0000000000000004
  TRAPNO=0x000000000000000e

Top of Stack: (sp=0x00007000114fb4c0)
0x00007000114fb4c0:   000000011339c6e0 0000000000000000
0x00007000114fb4d0:   00007000114fb6c0 000000011c48e1a4
0x00007000114fb4e0:   00007000114fb400 0000000000000000
0x00007000114fb4f0:   0000000000000000 0000000800020b90
0x00007000114fb500:   00000008003e89d8 000000080058b598
0x00007000114fb510:   f1f35d8d437b0047 00007000114fb648
0x00007000114fb520:   00000001132c782b 00007fff80748820
0x00007000114fb530:   f1f35d8d437b0047 00007000114fb668
0x00007000114fb540:   00000001132d5706 00007fff80748820
0x00007000114fb550:   ffffffffffffffff 0000000000000000
0x00007000114fb560:   00007000114fb650 00007fff2038f965
0x00007000114fb570:   f1f35d8d437b0047 00007000114fb730
0x00007000114fb580:   00007faa36067ba0 0000000000000002
0x00007000114fb590:   000000017edee830 0000000000000000
0x00007000114fb5a0:   00007000114fb650 000000017edee71f
0x00007000114fb5b0:   00007faa266bea00 00007000114fbae0
0x00007000114fb5c0:   00007000114fba00 0000000800024150
0x00007000114fb5d0:   0000000e003eb068 00007000114fb710
0x00007000114fb5e0:   000000013ab5c4a8 00007faa36070788
0x00007000114fb5f0:   00007000114fb660 0000000012ff5b97
0x00007000114fb600:   0000000000000000 00007000114fb5b0
0x00007000114fb610:   0000700000000001 00007000113fc000
0x00007000114fb620:   f1f35d8d437b0047 00007faa38482490
0x00007000114fb630:   00007faa38483450 00007faa3702acb8
0x00007000114fb640:   00007fff8074ad70 00007faa3847c150
0x00007000114fb650:   00007faa390398b8 000000017edeeff6
0x00007000114fb660:   0000000000000000 00007000114fb730
0x00007000114fb670:   0000000000000008 0000000182fbb970
0x00007000114fb680:   0000000000000000 0000000000000000
0x00007000114fb690:   0000000000000000 0000025832335652
0x00007000114fb6a0:   0000000000000190 0000025800000000
0x00007000114fb6b0:   0000000000000190 0000000000000000 

Instructions: (pc=0x000000017edee88b)
0x000000017edee78b:   00 00 00 00 00 4b 8b 04 fc 0f b7 40 08 48 83 f8
0x000000017edee79b:   08 b9 08 00 00 00 48 0f 42 c1 48 ff cb 48 ff c8
0x000000017edee7ab:   48 09 d8 48 ff c0 48 8b 4d b8 4a 89 04 f9 4b 8b
0x000000017edee7bb:   0c fc 48 03 01 48 89 c3 49 ff c7 4d 39 ef 0f 8c
0x000000017edee7cb:   41 ff ff ff 48 8b 45 90 48 8b 48 28 48 8b 7d 98
0x000000017edee7db:   48 8b 75 88 48 8b 55 b8 ff 50 20 48 8b 05 23 48
0x000000017edee7eb:   00 00 48 8b 00 48 3b 45 d0 75 35 8b 45 84 48 8d
0x000000017edee7fb:   65 d8 5b 41 5c 41 5d 41 5e 41 5f 5d c3 83 f9 03
0x000000017edee80b:   0f 87 de fd ff ff 44 89 e9 81 c9 00 02 00 00 83
0x000000017edee81b:   f8 04 44 0f 43 e9 e9 c9 fd ff ff e8 f1 08 00 00
0x000000017edee82b:   e8 e6 08 00 00 20 ff ff ff 1e ff ff ff 1e ff ff
0x000000017edee83b:   ff 1a ff ff ff 1a ff ff ff 1a ff ff ff 20 ff ff
0x000000017edee84b:   ff 60 ff ff ff 60 ff ff ff 60 ff ff ff 0f 1f 84
0x000000017edee85b:   00 00 00 00 00 55 48 89 e5 41 57 41 56 41 55 41
0x000000017edee86b:   54 53 48 81 ec b8 00 00 00 49 89 d5 49 89 f6 48
0x000000017edee87b:   89 fb 48 8b 15 8c 47 00 00 48 8b 12 48 89 55 d0
0x000000017edee88b:   0f b7 43 0a 45 31 e4 83 c0 fe 83 f8 0c 0f 87 34
0x000000017edee89b:   05 00 00 48 8d 0d 4f 05 00 00 48 63 04 81 48 01
0x000000017edee8ab:   c8 ff e0 48 8b 03 4c 01 e8 48 83 f8 04 77 12 41
0x000000017edee8bb:   c7 06 02 00 00 00 41 bc 01 00 00 00 e9 06 05 00
0x000000017edee8cb:   00 48 83 f8 08 77 12 41 c7 06 01 00 00 00 41 bc
0x000000017edee8db:   01 00 00 00 e9 ee 04 00 00 48 83 f8 0c 77 0c 48
0x000000017edee8eb:   b8 01 00 00 00 02 00 00 00 eb 4c 48 83 f8 10 77
0x000000017edee8fb:   0c 48 b8 02 00 00 00 02 00 00 00 eb 3a 41 83 e5
0x000000017edee90b:   07 49 83 fd 01 b8 03 00 00 00 83 d0 00 41 89 06
0x000000017edee91b:   41 bc 01 00 00 00 e9 ac 04 00 00 41 c7 06 05 00
0x000000017edee92b:   00 00 41 bc 01 00 00 00 e9 9a 04 00 00 48 b8 07
0x000000017edee93b:   00 00 00 08 00 00 00 49 89 06 41 bc 02 00 00 00
0x000000017edee94b:   e9 82 04 00 00 48 8b 03 45 31 e4 48 83 f8 20 0f
0x000000017edee95b:   87 68 04 00 00 48 89 c1 48 83 c1 07 48 89 c8 48
0x000000017edee96b:   c1 e8 03 0f 84 47 04 00 00 48 89 4d b0 48 8d 34
0x000000017edee97b:   85 00 00 00 00 48 89 45 b8 4c 89 f7 e8 78 07 00 



---------------  P R O C E S S  ---------------

VM state: not at safepoint (normal execution)

VM Mutex/Monitor currently owned by a thread: None

Heap address: 0x0000000700000000, size: 4096 MB, Compressed Oops mode: Zero based, Oop shift amount: 3
CDS archive(s) mapped at: [0x0000000800000000-0x0000000800b2c000-0x0000000800b2c000), size 11714560, SharedBaseAddress: 0x0000000800000000, ArchiveRelocationMode: 0.
Compressed class space mapped at: 0x0000000800b2c000-0x0000000840b2c000, size: 1073741824
Narrow klass base: 0x0000000800000000, Narrow klass shift: 3, Narrow klass range: 0x100000000

GC Precious Log:
 CPUs: 8 total, 8 available
 Memory: 16384M
 Large Page Support: Disabled
 NUMA Support: Disabled
 Compressed Oops: Enabled (Zero based)
 Heap Region Size: 2M
 Heap Min Capacity: 8M
 Heap Initial Capacity: 256M
 Heap Max Capacity: 4G
 Pre-touch: Disabled
 Parallel Workers: 8
 Concurrent Workers: 2
 Concurrent Refinement Workers: 8
 Periodic GC: Disabled

Heap:
 garbage-first heap   total 169984K, used 70789K [0x0000000700000000, 0x0000000800000000)
  region size 2048K, 19 young (38912K), 2 survivors (4096K)
 Metaspace       used 36998K, capacity 37707K, committed 38140K, reserved 1083392K
  class space    used 3941K, capacity 4214K, committed 4348K, reserved 1048576K

Heap Regions: E=young(eden), S=young(survivor), O=old, HS=humongous(starts), HC=humongous(continues), CS=collection set, F=free, OA=open archive, CA=closed archive, TAMS=top-at-mark-start (previous, next)
|   0|0x0000000700000000, 0x0000000700200000, 0x0000000700200000|100%|HS|  |TAMS 0x0000000700200000, 0x0000000700000000| Complete 
|   1|0x0000000700200000, 0x0000000700400000, 0x0000000700400000|100%|HS|  |TAMS 0x0000000700400000, 0x0000000700200000| Complete 
|   2|0x0000000700400000, 0x0000000700600000, 0x0000000700600000|100%| O|  |TAMS 0x0000000700600000, 0x0000000700400000| Untracked 
|   3|0x0000000700600000, 0x0000000700800000, 0x0000000700800000|100%| O|  |TAMS 0x0000000700800000, 0x0000000700600000| Untracked 
|   4|0x0000000700800000, 0x0000000700991200, 0x0000000700a00000| 78%| O|  |TAMS 0x0000000700991200, 0x0000000700800000| Untracked 
|   5|0x0000000700a00000, 0x0000000700c00000, 0x0000000700c00000|100%|HS|  |TAMS 0x0000000700c00000, 0x0000000700a00000| Complete 
|   6|0x0000000700c00000, 0x0000000700e00000, 0x0000000700e00000|100%|HS|  |TAMS 0x0000000700e00000, 0x0000000700c00000| Complete 
|   7|0x0000000700e00000, 0x0000000701000000, 0x0000000701000000|100%| O|  |TAMS 0x0000000701000000, 0x0000000700e00000| Untracked 
|   8|0x0000000701000000, 0x0000000701173000, 0x0000000701200000| 72%| O|  |TAMS 0x0000000701173000, 0x0000000701000000| Untracked 
|   9|0x0000000701200000, 0x0000000701400000, 0x0000000701400000|100%|HS|  |TAMS 0x0000000701400000, 0x0000000701200000| Complete 
|  10|0x0000000701400000, 0x0000000701600000, 0x0000000701600000|100%| O|  |TAMS 0x0000000701600000, 0x0000000701400000| Untracked 
|  11|0x0000000701600000, 0x0000000701800000, 0x0000000701800000|100%| O|  |TAMS 0x0000000701800000, 0x0000000701600000| Untracked 
|  12|0x0000000701800000, 0x0000000701a00000, 0x0000000701a00000|100%| O|  |TAMS 0x0000000701a00000, 0x0000000701800000| Untracked 
|  13|0x0000000701a00000, 0x0000000701c00000, 0x0000000701c00000|100%| O|  |TAMS 0x0000000701c00000, 0x0000000701a00000| Untracked 
|  14|0x0000000701c00000, 0x0000000701e00000, 0x0000000701e00000|100%|HS|  |TAMS 0x0000000701e00000, 0x0000000701c00000| Complete 
|  15|0x0000000701e00000, 0x0000000702000000, 0x0000000702000000|100%|HS|  |TAMS 0x0000000702000000, 0x0000000701e00000| Complete 
|  16|0x0000000702000000, 0x0000000702200000, 0x0000000702200000|100%|HS|  |TAMS 0x0000000702200000, 0x0000000702000000| Complete 
|  17|0x0000000702200000, 0x0000000702200000, 0x0000000702400000|  0%| F|  |TAMS 0x0000000702200000, 0x0000000702200000| Untracked 
|  18|0x0000000702400000, 0x0000000702400000, 0x0000000702600000|  0%| F|  |TAMS 0x0000000702400000, 0x0000000702400000| Untracked 
|  19|0x0000000702600000, 0x0000000702600000, 0x0000000702800000|  0%| F|  |TAMS 0x0000000702600000, 0x0000000702600000| Untracked 
|  20|0x0000000702800000, 0x0000000702800000, 0x0000000702a00000|  0%| F|  |TAMS 0x0000000702800000, 0x0000000702800000| Untracked 
|  21|0x0000000702a00000, 0x0000000702a00000, 0x0000000702c00000|  0%| F|  |TAMS 0x0000000702a00000, 0x0000000702a00000| Untracked 
|  22|0x0000000702c00000, 0x0000000702c00000, 0x0000000702e00000|  0%| F|  |TAMS 0x0000000702c00000, 0x0000000702c00000| Untracked 
|  23|0x0000000702e00000, 0x0000000702e00000, 0x0000000703000000|  0%| F|  |TAMS 0x0000000702e00000, 0x0000000702e00000| Untracked 
|  24|0x0000000703000000, 0x0000000703000000, 0x0000000703200000|  0%| F|  |TAMS 0x0000000703000000, 0x0000000703000000| Untracked 
|  25|0x0000000703200000, 0x0000000703200000, 0x0000000703400000|  0%| F|  |TAMS 0x0000000703200000, 0x0000000703200000| Untracked 
|  26|0x0000000703400000, 0x0000000703400000, 0x0000000703600000|  0%| F|  |TAMS 0x0000000703400000, 0x0000000703400000| Untracked 
|  27|0x0000000703600000, 0x0000000703600000, 0x0000000703800000|  0%| F|  |TAMS 0x0000000703600000, 0x0000000703600000| Untracked 
|  28|0x0000000703800000, 0x0000000703800000, 0x0000000703a00000|  0%| F|  |TAMS 0x0000000703800000, 0x0000000703800000| Untracked 
|  29|0x0000000703a00000, 0x0000000703be0c30, 0x0000000703c00000| 93%| S|CS|TAMS 0x0000000703a00000, 0x0000000703a00000| Complete 
|  30|0x0000000703c00000, 0x0000000703c00000, 0x0000000703e00000|  0%| F|  |TAMS 0x0000000703c00000, 0x0000000703c00000| Untracked 
|  31|0x0000000703e00000, 0x0000000704000000, 0x0000000704000000|100%| S|CS|TAMS 0x0000000703e00000, 0x0000000703e00000| Complete 
|  32|0x0000000704000000, 0x0000000704000000, 0x0000000704200000|  0%| F|  |TAMS 0x0000000704000000, 0x0000000704000000| Untracked 
|  33|0x0000000704200000, 0x0000000704200000, 0x0000000704400000|  0%| F|  |TAMS 0x0000000704200000, 0x0000000704200000| Untracked 
|  34|0x0000000704400000, 0x0000000704400000, 0x0000000704600000|  0%| F|  |TAMS 0x0000000704400000, 0x0000000704400000| Untracked 
|  35|0x0000000704600000, 0x0000000704600000, 0x0000000704800000|  0%| F|  |TAMS 0x0000000704600000, 0x0000000704600000| Untracked 
|  36|0x0000000704800000, 0x0000000704800000, 0x0000000704a00000|  0%| F|  |TAMS 0x0000000704800000, 0x0000000704800000| Untracked 
|  37|0x0000000704a00000, 0x0000000704a00000, 0x0000000704c00000|  0%| F|  |TAMS 0x0000000704a00000, 0x0000000704a00000| Untracked 
|  38|0x0000000704c00000, 0x0000000704c00000, 0x0000000704e00000|  0%| F|  |TAMS 0x0000000704c00000, 0x0000000704c00000| Untracked 
|  39|0x0000000704e00000, 0x0000000704e00000, 0x0000000705000000|  0%| F|  |TAMS 0x0000000704e00000, 0x0000000704e00000| Untracked 
|  40|0x0000000705000000, 0x0000000705000000, 0x0000000705200000|  0%| F|  |TAMS 0x0000000705000000, 0x0000000705000000| Untracked 
|  41|0x0000000705200000, 0x0000000705200000, 0x0000000705400000|  0%| F|  |TAMS 0x0000000705200000, 0x0000000705200000| Untracked 
|  42|0x0000000705400000, 0x0000000705400000, 0x0000000705600000|  0%| F|  |TAMS 0x0000000705400000, 0x0000000705400000| Untracked 
|  43|0x0000000705600000, 0x0000000705600000, 0x0000000705800000|  0%| F|  |TAMS 0x0000000705600000, 0x0000000705600000| Untracked 
|  44|0x0000000705800000, 0x0000000705800000, 0x0000000705a00000|  0%| F|  |TAMS 0x0000000705800000, 0x0000000705800000| Untracked 
|  45|0x0000000705a00000, 0x0000000705a00000, 0x0000000705c00000|  0%| F|  |TAMS 0x0000000705a00000, 0x0000000705a00000| Untracked 
|  46|0x0000000705c00000, 0x0000000705c00000, 0x0000000705e00000|  0%| F|  |TAMS 0x0000000705c00000, 0x0000000705c00000| Untracked 
|  47|0x0000000705e00000, 0x0000000705e00000, 0x0000000706000000|  0%| F|  |TAMS 0x0000000705e00000, 0x0000000705e00000| Untracked 
|  48|0x0000000706000000, 0x0000000706000000, 0x0000000706200000|  0%| F|  |TAMS 0x0000000706000000, 0x0000000706000000| Untracked 
|  49|0x0000000706200000, 0x0000000706200000, 0x0000000706400000|  0%| F|  |TAMS 0x0000000706200000, 0x0000000706200000| Untracked 
|  50|0x0000000706400000, 0x0000000706400000, 0x0000000706600000|  0%| F|  |TAMS 0x0000000706400000, 0x0000000706400000| Untracked 
|  51|0x0000000706600000, 0x0000000706600000, 0x0000000706800000|  0%| F|  |TAMS 0x0000000706600000, 0x0000000706600000| Untracked 
|  52|0x0000000706800000, 0x0000000706800000, 0x0000000706a00000|  0%| F|  |TAMS 0x0000000706800000, 0x0000000706800000| Untracked 
|  53|0x0000000706a00000, 0x0000000706a00000, 0x0000000706c00000|  0%| F|  |TAMS 0x0000000706a00000, 0x0000000706a00000| Untracked 
|  54|0x0000000706c00000, 0x0000000706c00000, 0x0000000706e00000|  0%| F|  |TAMS 0x0000000706c00000, 0x0000000706c00000| Untracked 
|  55|0x0000000706e00000, 0x0000000706e00000, 0x0000000707000000|  0%| F|  |TAMS 0x0000000706e00000, 0x0000000706e00000| Untracked 
|  56|0x0000000707000000, 0x0000000707000000, 0x0000000707200000|  0%| F|  |TAMS 0x0000000707000000, 0x0000000707000000| Untracked 
|  57|0x0000000707200000, 0x0000000707200000, 0x0000000707400000|  0%| F|  |TAMS 0x0000000707200000, 0x0000000707200000| Untracked 
|  58|0x0000000707400000, 0x0000000707400000, 0x0000000707600000|  0%| F|  |TAMS 0x0000000707400000, 0x0000000707400000| Untracked 
|  59|0x0000000707600000, 0x0000000707600000, 0x0000000707800000|  0%| F|  |TAMS 0x0000000707600000, 0x0000000707600000| Untracked 
|  60|0x0000000707800000, 0x0000000707800000, 0x0000000707a00000|  0%| F|  |TAMS 0x0000000707800000, 0x0000000707800000| Untracked 
|  61|0x0000000707a00000, 0x0000000707c00000, 0x0000000707c00000|100%| E|  |TAMS 0x0000000707a00000, 0x0000000707a00000| Complete 
|  62|0x0000000707c00000, 0x0000000707e00000, 0x0000000707e00000|100%| E|CS|TAMS 0x0000000707c00000, 0x0000000707c00000| Complete 
|  63|0x0000000707e00000, 0x0000000708000000, 0x0000000708000000|100%| E|CS|TAMS 0x0000000707e00000, 0x0000000707e00000| Complete 
|  64|0x0000000708000000, 0x0000000708200000, 0x0000000708200000|100%| E|CS|TAMS 0x0000000708000000, 0x0000000708000000| Complete 
|  65|0x0000000708200000, 0x0000000708400000, 0x0000000708400000|100%| E|CS|TAMS 0x0000000708200000, 0x0000000708200000| Complete 
|  66|0x0000000708400000, 0x0000000708600000, 0x0000000708600000|100%| E|CS|TAMS 0x0000000708400000, 0x0000000708400000| Complete 
|  67|0x0000000708600000, 0x0000000708800000, 0x0000000708800000|100%| E|CS|TAMS 0x0000000708600000, 0x0000000708600000| Complete 
|  68|0x0000000708800000, 0x0000000708a00000, 0x0000000708a00000|100%| E|CS|TAMS 0x0000000708800000, 0x0000000708800000| Complete 
|  69|0x0000000708a00000, 0x0000000708c00000, 0x0000000708c00000|100%| E|CS|TAMS 0x0000000708a00000, 0x0000000708a00000| Complete 
|  70|0x0000000708c00000, 0x0000000708e00000, 0x0000000708e00000|100%| E|CS|TAMS 0x0000000708c00000, 0x0000000708c00000| Complete 
|  71|0x0000000708e00000, 0x0000000709000000, 0x0000000709000000|100%| E|CS|TAMS 0x0000000708e00000, 0x0000000708e00000| Complete 
|  72|0x0000000709000000, 0x0000000709200000, 0x0000000709200000|100%| E|CS|TAMS 0x0000000709000000, 0x0000000709000000| Complete 
|  73|0x0000000709200000, 0x0000000709400000, 0x0000000709400000|100%| E|CS|TAMS 0x0000000709200000, 0x0000000709200000| Complete 
|  74|0x0000000709400000, 0x0000000709600000, 0x0000000709600000|100%| E|CS|TAMS 0x0000000709400000, 0x0000000709400000| Complete 
|  75|0x0000000709600000, 0x0000000709800000, 0x0000000709800000|100%| E|CS|TAMS 0x0000000709600000, 0x0000000709600000| Complete 
|  76|0x0000000709800000, 0x0000000709a00000, 0x0000000709a00000|100%| E|CS|TAMS 0x0000000709800000, 0x0000000709800000| Complete 
|  77|0x0000000709a00000, 0x0000000709c00000, 0x0000000709c00000|100%| E|CS|TAMS 0x0000000709a00000, 0x0000000709a00000| Complete 
|  78|0x0000000709c00000, 0x0000000709e00000, 0x0000000709e00000|100%| E|CS|TAMS 0x0000000709c00000, 0x0000000709c00000| Complete 
| 127|0x000000070fe00000, 0x0000000710000000, 0x0000000710000000|100%| E|CS|TAMS 0x000000070fe00000, 0x000000070fe00000| Complete 
|1534|0x00000007bfc00000, 0x00000007bfd51000, 0x00000007bfe00000| 65%|OA|  |TAMS 0x00000007bfd51000, 0x00000007bfc00000| Untracked 
|1535|0x00000007bfe00000, 0x00000007bfe79000, 0x00000007c0000000| 23%|CA|  |TAMS 0x00000007bfe79000, 0x00000007bfe00000| Untracked 
|2047|0x00000007ffe00000, 0x00000007ffe72600, 0x0000000800000000| 22%| O|  |TAMS 0x00000007ffe48c00, 0x00000007ffe00000| Untracked 

Card table byte_map: [0x000000012b0be000,0x000000012b8be000] _byte_map_base: 0x00000001278be000

Marking Bits (Prev, Next): (CMBitMap*) 0x00007faa35808810, (CMBitMap*) 0x00007faa35808850
 Prev Bits: [0x000000012c0be000, 0x00000001300be000)
 Next Bits: [0x00000001300be000, 0x00000001340be000)

Polling page: 0x000000010d882000

Metaspace:

Usage:
  Non-class:     32.71 MB capacity,    32.28 MB ( 99%) used,   336.70 KB (  1%) free+waste,    97.94 KB ( <1%) overhead. 
      Class:      4.12 MB capacity,     3.85 MB ( 94%) used,   236.95 KB (  6%) free+waste,    35.50 KB ( <1%) overhead. 
       Both:     36.82 MB capacity,    36.13 MB ( 98%) used,   573.65 KB (  2%) free+waste,   133.44 KB ( <1%) overhead. 

Virtual space:
  Non-class space:       34.00 MB reserved,      33.00 MB ( 97%) committed 
      Class space:        1.00 GB reserved,       4.25 MB ( <1%) committed 
             Both:        1.03 GB reserved,      37.25 MB (  4%) committed 

Chunk freelists:
   Non-Class:  91.00 KB
       Class:  26.00 KB
        Both:  117.00 KB

MaxMetaspaceSize: 17179869184.00 GB
CompressedClassSpaceSize: 1.00 GB

CodeHeap 'non-profiled nmethods': size=120028Kb used=3684Kb max_used=3684Kb free=116343Kb
 bounds [0x0000000123387000, 0x0000000123727000, 0x000000012a8be000]
CodeHeap 'profiled nmethods': size=120028Kb used=9837Kb max_used=11408Kb free=110190Kb
 bounds [0x000000011be50000, 0x000000011c980000, 0x0000000123387000]
CodeHeap 'non-nmethods': size=5704Kb used=1475Kb max_used=1568Kb free=4228Kb
 bounds [0x000000011b8be000, 0x000000011bb2e000, 0x000000011be50000]
 total_blobs=5827 nmethods=5007 adapters=732
 compilation: enabled
              stopped_count=0, restarted_count=0
 full_count=0

Compilation events (20 events):
Event: 676.286 Thread 0x00007faa35819c00 5905       3       org.slf4j.helpers.NOPLogger::debug (1 bytes)
Event: 676.286 Thread 0x00007faa35819c00 nmethod 5905 0x000000011c0c3f10 code [0x000000011c0c40a0, 0x000000011c0c4190]
Event: 676.286 Thread 0x00007faa35819c00 5904       3       java.nio.charset.Charset::forName (20 bytes)
Event: 676.286 Thread 0x00007faa35819c00 nmethod 5904 0x000000011c1f5d90 code [0x000000011c1f5f40, 0x000000011c1f6170]
Event: 676.288 Thread 0x00007faa35819c00 5906       3       java.nio.charset.Charset::isSupported (13 bytes)
Event: 676.288 Thread 0x00007faa35819c00 nmethod 5906 0x000000011c201a90 code [0x000000011c201c20, 0x000000011c201d80]
Event: 676.288 Thread 0x00007faa35819c00 5907       3       java.lang.StringCoding::deref (19 bytes)
Event: 676.288 Thread 0x00007faa35819c00 nmethod 5907 0x000000011c260b10 code [0x000000011c260cc0, 0x000000011c261070]
Event: 676.288 Thread 0x00007faa35819c00 5908   !   3       java.lang.StringCoding::lookupCharset (24 bytes)
Event: 676.289 Thread 0x00007faa35819c00 nmethod 5908 0x000000011c83ad10 code [0x000000011c83af00, 0x000000011c83b3b0]
Event: 676.292 Thread 0x00007faa35819c00 5910       3       java.awt.Container::checkAddToSelf (37 bytes)
Event: 676.292 Thread 0x00007faa35819c00 nmethod 5910 0x000000011c120210 code [0x000000011c1203c0, 0x000000011c1207a0]
Event: 676.292 Thread 0x00007faa35819c00 5909   !   3       java.awt.Container::addImpl (364 bytes)
Event: 676.294 Thread 0x00007faa35819c00 nmethod 5909 0x000000011bf4f390 code [0x000000011bf4f7e0, 0x000000011bf52220]
Event: 676.303 Thread 0x00007faa35819600 5911       4       com.sun.jna.Union::writeField (14 bytes)
Event: 676.304 Thread 0x00007faa35819600 nmethod 5911 0x000000012371d990 code [0x000000012371db00, 0x000000012371db88]
Event: 676.304 Thread 0x00007faa35819600 5912       4       jdk.internal.reflect.UnsafeIntegerFieldAccessorImpl::get (9 bytes)
Event: 676.304 Thread 0x00007faa35819c00 5913   !   3       uk.co.caprica.vlcj.player.DefaultMediaPlayer$NotifyEventListenersRunnable::run (100 bytes)
Event: 676.305 Thread 0x00007faa35819c00 nmethod 5913 0x000000011be84f90 code [0x000000011be851e0, 0x000000011be85ba0]
Event: 676.307 Thread 0x00007faa35819600 nmethod 5912 0x000000012371dc90 code [0x000000012371de20, 0x000000012371dff8]

GC Heap History (20 events):
Event: 642.638 GC heap before
{Heap before GC invocations=245 (full 0):
 garbage-first heap   total 169984K, used 134413K [0x0000000700000000, 0x0000000800000000)
  region size 2048K, 49 young (100352K), 1 survivors (2048K)
 Metaspace       used 36608K, capacity 37365K, committed 37628K, reserved 1083392K
  class space    used 3926K, capacity 4211K, committed 4348K, reserved 1048576K
}
Event: 642.639 GC heap after
{Heap after GC invocations=246 (full 0):
 garbage-first heap   total 169984K, used 36109K [0x0000000700000000, 0x0000000800000000)
  region size 2048K, 1 young (2048K), 1 survivors (2048K)
 Metaspace       used 36608K, capacity 37365K, committed 37628K, reserved 1083392K
  class space    used 3926K, capacity 4211K, committed 4348K, reserved 1048576K
}
Event: 647.873 GC heap before
{Heap before GC invocations=246 (full 0):
 garbage-first heap   total 169984K, used 134413K [0x0000000700000000, 0x0000000800000000)
  region size 2048K, 49 young (100352K), 1 survivors (2048K)
 Metaspace       used 36610K, capacity 37365K, committed 37628K, reserved 1083392K
  class space    used 3926K, capacity 4211K, committed 4348K, reserved 1048576K
}
Event: 647.874 GC heap after
{Heap after GC invocations=247 (full 0):
 garbage-first heap   total 169984K, used 36109K [0x0000000700000000, 0x0000000800000000)
  region size 2048K, 1 young (2048K), 1 survivors (2048K)
 Metaspace       used 36610K, capacity 37365K, committed 37628K, reserved 1083392K
  class space    used 3926K, capacity 4211K, committed 4348K, reserved 1048576K
}
Event: 653.128 GC heap before
{Heap before GC invocations=247 (full 0):
 garbage-first heap   total 169984K, used 134413K [0x0000000700000000, 0x0000000800000000)
  region size 2048K, 49 young (100352K), 1 survivors (2048K)
 Metaspace       used 36610K, capacity 37365K, committed 37628K, reserved 1083392K
  class space    used 3926K, capacity 4211K, committed 4348K, reserved 1048576K
}
Event: 653.129 GC heap after
{Heap after GC invocations=248 (full 0):
 garbage-first heap   total 169984K, used 36111K [0x0000000700000000, 0x0000000800000000)
  region size 2048K, 1 young (2048K), 1 survivors (2048K)
 Metaspace       used 36610K, capacity 37365K, committed 37628K, reserved 1083392K
  class space    used 3926K, capacity 4211K, committed 4348K, reserved 1048576K
}
Event: 658.373 GC heap before
{Heap before GC invocations=248 (full 0):
 garbage-first heap   total 169984K, used 134415K [0x0000000700000000, 0x0000000800000000)
  region size 2048K, 49 young (100352K), 1 survivors (2048K)
 Metaspace       used 36610K, capacity 37365K, committed 37628K, reserved 1083392K
  class space    used 3926K, capacity 4211K, committed 4348K, reserved 1048576K
}
Event: 658.373 GC heap after
{Heap after GC invocations=249 (full 0):
 garbage-first heap   total 169984K, used 36111K [0x0000000700000000, 0x0000000800000000)
  region size 2048K, 1 young (2048K), 1 survivors (2048K)
 Metaspace       used 36610K, capacity 37365K, committed 37628K, reserved 1083392K
  class space    used 3926K, capacity 4211K, committed 4348K, reserved 1048576K
}
Event: 663.627 GC heap before
{Heap before GC invocations=249 (full 0):
 garbage-first heap   total 169984K, used 134415K [0x0000000700000000, 0x0000000800000000)
  region size 2048K, 49 young (100352K), 1 survivors (2048K)
 Metaspace       used 36610K, capacity 37365K, committed 37628K, reserved 1083392K
  class space    used 3926K, capacity 4211K, committed 4348K, reserved 1048576K
}
Event: 663.628 GC heap after
{Heap after GC invocations=250 (full 0):
 garbage-first heap   total 169984K, used 36115K [0x0000000700000000, 0x0000000800000000)
  region size 2048K, 1 young (2048K), 1 survivors (2048K)
 Metaspace       used 36610K, capacity 37365K, committed 37628K, reserved 1083392K
  class space    used 3926K, capacity 4211K, committed 4348K, reserved 1048576K
}
Event: 668.867 GC heap before
{Heap before GC invocations=250 (full 0):
 garbage-first heap   total 169984K, used 134419K [0x0000000700000000, 0x0000000800000000)
  region size 2048K, 49 young (100352K), 1 survivors (2048K)
 Metaspace       used 36610K, capacity 37365K, committed 37628K, reserved 1083392K
  class space    used 3926K, capacity 4211K, committed 4348K, reserved 1048576K
}
Event: 668.868 GC heap after
{Heap after GC invocations=251 (full 0):
 garbage-first heap   total 169984K, used 36115K [0x0000000700000000, 0x0000000800000000)
  region size 2048K, 1 young (2048K), 1 survivors (2048K)
 Metaspace       used 36610K, capacity 37365K, committed 37628K, reserved 1083392K
  class space    used 3926K, capacity 4211K, committed 4348K, reserved 1048576K
}
Event: 674.052 GC heap before
{Heap before GC invocations=251 (full 0):
 garbage-first heap   total 169984K, used 132371K [0x0000000700000000, 0x0000000800000000)
  region size 2048K, 49 young (100352K), 1 survivors (2048K)
 Metaspace       used 36856K, capacity 37631K, committed 37884K, reserved 1083392K
  class space    used 3927K, capacity 4212K, committed 4348K, reserved 1048576K
}
Event: 674.054 GC heap after
{Heap after GC invocations=252 (full 0):
 garbage-first heap   total 169984K, used 41300K [0x0000000700000000, 0x0000000800000000)
  region size 2048K, 3 young (6144K), 3 survivors (6144K)
 Metaspace       used 36856K, capacity 37631K, committed 37884K, reserved 1083392K
  class space    used 3927K, capacity 4212K, committed 4348K, reserved 1048576K
}
Event: 674.396 GC heap before
{Heap before GC invocations=252 (full 0):
 garbage-first heap   total 169984K, used 135508K [0x0000000700000000, 0x0000000800000000)
  region size 2048K, 49 young (100352K), 3 survivors (6144K)
 Metaspace       used 36978K, capacity 37701K, committed 38140K, reserved 1083392K
  class space    used 3940K, capacity 4213K, committed 4348K, reserved 1048576K
}
Event: 674.401 GC heap after
{Heap after GC invocations=253 (full 0):
 garbage-first heap   total 169984K, used 41131K [0x0000000700000000, 0x0000000800000000)
  region size 2048K, 3 young (6144K), 3 survivors (6144K)
 Metaspace       used 36978K, capacity 37701K, committed 38140K, reserved 1083392K
  class space    used 3940K, capacity 4213K, committed 4348K, reserved 1048576K
}
Event: 675.385 GC heap before
{Heap before GC invocations=253 (full 0):
 garbage-first heap   total 169984K, used 135339K [0x0000000700000000, 0x0000000800000000)
  region size 2048K, 49 young (100352K), 3 survivors (6144K)
 Metaspace       used 36979K, capacity 37701K, committed 38140K, reserved 1083392K
  class space    used 3940K, capacity 4213K, committed 4348K, reserved 1048576K
}
Event: 675.387 GC heap after
{Heap after GC invocations=254 (full 0):
 garbage-first heap   total 169984K, used 36613K [0x0000000700000000, 0x0000000800000000)
  region size 2048K, 1 young (2048K), 1 survivors (2048K)
 Metaspace       used 36979K, capacity 37701K, committed 38140K, reserved 1083392K
  class space    used 3940K, capacity 4213K, committed 4348K, reserved 1048576K
}
Event: 676.286 GC heap before
{Heap before GC invocations=254 (full 0):
 garbage-first heap   total 169984K, used 132869K [0x0000000700000000, 0x0000000800000000)
  region size 2048K, 49 young (100352K), 1 survivors (2048K)
 Metaspace       used 36984K, capacity 37701K, committed 38140K, reserved 1083392K
  class space    used 3940K, capacity 4213K, committed 4348K, reserved 1048576K
}
Event: 676.288 GC heap after
{Heap after GC invocations=255 (full 0):
 garbage-first heap   total 169984K, used 40069K [0x0000000700000000, 0x0000000800000000)
  region size 2048K, 2 young (4096K), 2 survivors (4096K)
 Metaspace       used 36984K, capacity 37701K, committed 38140K, reserved 1083392K
  class space    used 3940K, capacity 4213K, committed 4348K, reserved 1048576K
}

Deoptimization events (20 events):
Event: 674.163 Thread 0x00007faa34835c00 Uncommon trap: trap_request=0xffffffc6 fr.pc=0x000000012369abd8 relative=0x0000000000000bb8
Event: 674.163 Thread 0x00007faa34835c00 Uncommon trap: reason=bimorphic_or_optimized_type_check action=maybe_recompile pc=0x000000012369abd8 method=com.sun.jna.Memory.finalize()V @ 1 c2
Event: 674.163 Thread 0x00007faa34835c00 DEOPT PACKING pc=0x000000012369abd8 sp=0x000070000f40c9f0
Event: 674.163 Thread 0x00007faa34835c00 DEOPT UNPACKING pc=0x000000011b90c125 sp=0x000070000f40ca08 mode 2
Event: 674.163 Thread 0x00007faa34835c00 Uncommon trap: trap_request=0xffffffc6 fr.pc=0x000000012369abd8 relative=0x0000000000000bb8
Event: 674.163 Thread 0x00007faa34835c00 Uncommon trap: reason=bimorphic_or_optimized_type_check action=maybe_recompile pc=0x000000012369abd8 method=com.sun.jna.Memory.finalize()V @ 1 c2
Event: 674.163 Thread 0x00007faa34835c00 DEOPT PACKING pc=0x000000012369abd8 sp=0x000070000f40c9f0
Event: 674.163 Thread 0x00007faa34835c00 DEOPT UNPACKING pc=0x000000011b90c125 sp=0x000070000f40ca08 mode 2
Event: 674.163 Thread 0x00007faa34835c00 Uncommon trap: trap_request=0xffffffc6 fr.pc=0x000000012369abd8 relative=0x0000000000000bb8
Event: 674.163 Thread 0x00007faa34835c00 Uncommon trap: reason=bimorphic_or_optimized_type_check action=maybe_recompile pc=0x000000012369abd8 method=com.sun.jna.Memory.finalize()V @ 1 c2
Event: 674.163 Thread 0x00007faa34835c00 DEOPT PACKING pc=0x000000012369abd8 sp=0x000070000f40c9f0
Event: 674.163 Thread 0x00007faa34835c00 DEOPT UNPACKING pc=0x000000011b90c125 sp=0x000070000f40ca08 mode 2
Event: 674.168 Thread 0x00007faa3902b400 Uncommon trap: trap_request=0xffffff45 fr.pc=0x00000001234e94cc relative=0x00000000000000cc
Event: 674.168 Thread 0x00007faa3902b400 Uncommon trap: reason=unstable_if action=reinterpret pc=0x00000001234e94cc method=java.lang.Integer.stringSize(I)I @ 3 c2
Event: 674.168 Thread 0x00007faa3902b400 DEOPT PACKING pc=0x00000001234e94cc sp=0x00007000108d6020
Event: 674.168 Thread 0x00007faa3902b400 DEOPT UNPACKING pc=0x000000011b90c125 sp=0x00007000108d5fc0 mode 2
Event: 674.366 Thread 0x00007faa266bea00 Uncommon trap: trap_request=0xffffff45 fr.pc=0x00000001235e1640 relative=0x00000000000000c0
Event: 674.366 Thread 0x00007faa266bea00 Uncommon trap: reason=unstable_if action=reinterpret pc=0x00000001235e1640 method=java.lang.Math.round(D)J @ 48 c2
Event: 674.366 Thread 0x00007faa266bea00 DEOPT PACKING pc=0x00000001235e1640 sp=0x00007000110ef3a0
Event: 674.366 Thread 0x00007faa266bea00 DEOPT UNPACKING pc=0x000000011b90c125 sp=0x00007000110ef320 mode 2

Classes unloaded (0 events):
No events

Classes redefined (0 events):
No events

Internal exceptions (20 events):
Event: 17.959 Thread 0x00007faa3902b400 Exception <a 'java/lang/NoSuchMethodError'{0x00000007023d9ab0}: 'java.lang.Object java.lang.invoke.DirectMethodHandle$Holder.invokeSpecial(java.lang.Object, java.lang.Object, long, java.lang.Object, java.lang.Object, int, int, java.lang.Object, java.lang.Object, java.lang.Object, java.lang.Object, java.lang.Object, java.lang.Object)'> (0x00000007023d9ab0) 
thrown [./open/src/hotspot/share/interpreter/linkResolver.cpp, line 782]
Event: 17.959 Thread 0x00007faa3902b400 Exception <a 'java/lang/NoSuchMethodError'{0x00000007023de3d0}: 'java.lang.Object java.lang.invoke.DelegatingMethodHandle$Holder.reinvoke_L(java.lang.Object, long, java.lang.Object, java.lang.Object, int, int, java.lang.Object, java.lang.Object, java.lang.Object, java.lang.Object, java.lang.Object, java.lang.Object)'> (0x00000007023de3d0) 
thrown [./open/src/hotspot/share/interpreter/linkResolver.cpp, line 782]
Event: 18.429 Thread 0x00007faa26894600 Implicit null exception at 0x000000012353e700 to 0x000000012353ea80
Event: 18.639 Thread 0x00007faa3702c600 Implicit null exception at 0x00000001235410f5 to 0x0000000123541c08
Event: 18.899 Thread 0x00007faa266c2e00 Implicit null exception at 0x0000000123549700 to 0x000000012354a438
Event: 20.635 Thread 0x00007faa3902b400 Implicit null exception at 0x0000000123555e0c to 0x0000000123555e50
Event: 20.640 Thread 0x00007faa3902b400 Exception <a 'java/lang/NoClassDefFoundError'{0x0000000703bf4fb8}: jakarta/validation/Validation> (0x0000000703bf4fb8) 
thrown [./open/src/hotspot/share/oops/constantPool.cpp, line 804]
Event: 21.596 Thread 0x00007faa3902b400 Implicit null exception at 0x00000001235a1882 to 0x00000001235a1b64
Event: 21.636 Thread 0x00007faa3902b400 Implicit null exception at 0x00000001235a0988 to 0x00000001235a0c4c
Event: 25.350 Thread 0x00007faa3902b400 Exception <a 'java/lang/NoClassDefFoundError'{0x000000070550a600}: jakarta/validation/Validation> (0x000000070550a600) 
thrown [./open/src/hotspot/share/oops/constantPool.cpp, line 804]
Event: 36.277 Thread 0x00007faa3902b400 Exception <a 'java/lang/NoClassDefFoundError'{0x0000000707758f40}: jakarta/validation/Validation> (0x0000000707758f40) 
thrown [./open/src/hotspot/share/oops/constantPool.cpp, line 804]
Event: 38.085 Thread 0x00007faa3902b400 Exception <a 'java/lang/NoClassDefFoundError'{0x0000000708c4cec0}: jakarta/validation/Validation> (0x0000000708c4cec0) 
thrown [./open/src/hotspot/share/oops/constantPool.cpp, line 804]
Event: 41.901 Thread 0x00007faa3902b400 Exception <a 'java/lang/NoSuchMethodError'{0x0000000709844898}: 'java.lang.Object java.lang.invoke.Invokers$Holder.linkToTargetMethod(java.lang.Object, int, int, java.lang.Object, java.lang.Object, java.lang.Object)'> (0x0000000709844898) 
thrown [./open/src/hotspot/share/interpreter/linkResolver.cpp, line 782]
Event: 672.919 Thread 0x00007faa35ed2800 Implicit null exception at 0x0000000123680b40 to 0x0000000123681888
Event: 672.950 Thread 0x00007faa3902b400 Exception <a 'java/lang/NoClassDefFoundError'{0x0000000705591bc8}: jakarta/validation/Validation> (0x0000000705591bc8) 
thrown [./open/src/hotspot/share/oops/constantPool.cpp, line 804]
Event: 673.120 Thread 0x00007faa358e2600 Exception <a 'java/io/FileNotFoundException'{0x0000000705843de0}> (0x0000000705843de0) 
thrown [./open/src/hotspot/share/prims/jni.cpp, line 578]
Event: 673.121 Thread 0x00007faa358e2600 Exception <a 'java/io/FileNotFoundException'{0x0000000705844328}> (0x0000000705844328) 
thrown [./open/src/hotspot/share/prims/jni.cpp, line 578]
Event: 673.122 Thread 0x00007faa358e2600 Exception <a 'java/io/FileNotFoundException'{0x00000007058448e0}> (0x00000007058448e0) 
thrown [./open/src/hotspot/share/prims/jni.cpp, line 578]
Event: 674.074 Thread 0x00007faa39039e00 Implicit null exception at 0x0000000123557889 to 0x00000001235579cc
Event: 674.075 Thread 0x00007faa39039e00 Implicit null exception at 0x00000001235e342d to 0x00000001235e3f74

Events (20 events):
Event: 676.308 Protecting memory [0x0000700011582000,0x0000700011586000] with protection modes 3
Event: 676.308 Thread 0x00007faa26553200 Thread exited: 0x00007faa26553200
Event: 676.308 Protecting memory [0x0000700011582000,0x0000700011586000] with protection modes 0
Event: 676.308 Thread 0x00007faa436f4600 Thread added: 0x00007faa436f4600
Event: 676.308 Protecting memory [0x0000700011582000,0x0000700011586000] with protection modes 3
Event: 676.308 Thread 0x00007faa436f4600 Thread exited: 0x00007faa436f4600
Event: 676.308 Protecting memory [0x0000700011582000,0x0000700011586000] with protection modes 0
Event: 676.308 Thread 0x00007faa35693e00 Thread added: 0x00007faa35693e00
Event: 676.309 Protecting memory [0x0000700011582000,0x0000700011586000] with protection modes 3
Event: 676.309 Thread 0x00007faa35693e00 Thread exited: 0x00007faa35693e00
Event: 676.309 Protecting memory [0x0000700011891000,0x0000700011895000] with protection modes 0
Event: 676.309 Thread 0x00007faa369bac00 Thread added: 0x00007faa369bac00
Event: 676.310 Protecting memory [0x0000700011891000,0x0000700011895000] with protection modes 3
Event: 676.310 Thread 0x00007faa369bac00 Thread exited: 0x00007faa369bac00
Event: 676.310 Protecting memory [0x0000700011582000,0x0000700011586000] with protection modes 0
Event: 676.310 Thread 0x00007faa369bac00 Thread added: 0x00007faa369bac00
Event: 676.311 Protecting memory [0x0000700011582000,0x0000700011586000] with protection modes 3
Event: 676.311 Thread 0x00007faa369bac00 Thread exited: 0x00007faa369bac00
Event: 676.311 Protecting memory [0x0000700011582000,0x0000700011586000] with protection modes 0
Event: 676.311 Thread 0x00007faa35693e00 Thread added: 0x00007faa35693e00


Dynamic libraries:
0x00007fff2a562000 	/usr/lib/libz.1.dylib
0x000000010d884000 	/Library/Java/JavaVirtualMachines/jdk-15.0.1.jdk/Contents/Home/lib/libjli.dylib
0x00007fff34f9b000 	/System/Library/Frameworks/Cocoa.framework/Versions/A/Cocoa
0x00007fff222e0000 	/System/Library/Frameworks/Security.framework/Versions/A/Security
0x00007fff331a3000 	/System/Library/Frameworks/ApplicationServices.framework/Versions/A/ApplicationServices
0x00007fff2a62a000 	/usr/lib/libSystem.B.dylib
0x00007fff2a624000 	/usr/lib/system/libcache.dylib
0x00007fff2a5e0000 	/usr/lib/system/libcommonCrypto.dylib
0x00007fff2a60a000 	/usr/lib/system/libcompiler_rt.dylib
0x00007fff2a5ff000 	/usr/lib/system/libcopyfile.dylib
0x00007fff201d9000 	/usr/lib/system/libcorecrypto.dylib
0x00007fff202a4000 	/usr/lib/system/libdispatch.dylib
0x00007fff20457000 	/usr/lib/system/libdyld.dylib
0x00007fff2a61b000 	/usr/lib/system/libkeymgr.dylib
0x00007fff2da33000 	/usr/lib/system/liblaunch.dylib
0x00007fff2a5be000 	/usr/lib/system/libmacho.dylib
0x00007fff29db6000 	/usr/lib/system/libquarantine.dylib
0x00007fff2a618000 	/usr/lib/system/libremovefile.dylib
0x00007fff24cbc000 	/usr/lib/system/libsystem_asl.dylib
0x00007fff20189000 	/usr/lib/system/libsystem_blocks.dylib
0x00007fff20326000 	/usr/lib/system/libsystem_c.dylib
0x00007fff2a612000 	/usr/lib/system/libsystem_collections.dylib
0x00007fff290bc000 	/usr/lib/system/libsystem_configuration.dylib
0x00007fff283a8000 	/usr/lib/system/libsystem_containermanager.dylib
0x00007fff2a361000 	/usr/lib/system/libsystem_coreservices.dylib
0x00007fff22898000 	/usr/lib/system/libsystem_darwin.dylib
0x00007fff2a61c000 	/usr/lib/system/libsystem_dnssd.dylib
0x00007fff20323000 	/usr/lib/system/libsystem_featureflags.dylib
0x00007fff2049d000 	/usr/lib/system/libsystem_info.dylib
0x00007fff2a575000 	/usr/lib/system/libsystem_m.dylib
0x00007fff20277000 	/usr/lib/system/libsystem_malloc.dylib
0x00007fff24c4f000 	/usr/lib/system/libsystem_networkextension.dylib
0x00007fff22cb7000 	/usr/lib/system/libsystem_notify.dylib
0x00007fff2feca000 	/usr/lib/system/libsystem_product_info_filter.dylib
0x00007fff290c0000 	/usr/lib/system/libsystem_sandbox.dylib
0x00007fff2a615000 	/usr/lib/system/libsystem_secinit.dylib
0x00007fff2041b000 	/usr/lib/system/libsystem_kernel.dylib
0x00007fff20493000 	/usr/lib/system/libsystem_platform.dylib
0x00007fff2044b000 	/usr/lib/system/libsystem_pthread.dylib
0x00007fff26399000 	/usr/lib/system/libsystem_symptoms.dylib
0x00007fff201c1000 	/usr/lib/system/libsystem_trace.dylib
0x00007fff2a5ec000 	/usr/lib/system/libunwind.dylib
0x00007fff2018b000 	/usr/lib/system/libxpc.dylib
0x00007fff20405000 	/usr/lib/libc++abi.dylib
0x00007fff202e9000 	/usr/lib/libobjc.A.dylib
0x00007fff2a5f7000 	/usr/lib/liboah.dylib
0x00007fff203af000 	/usr/lib/libc++.1.dylib
0x00007fff204c9000 	/System/Library/Frameworks/CoreFoundation.framework/Versions/A/CoreFoundation
0x00007fff21278000 	/System/Library/Frameworks/Foundation.framework/Versions/C/Foundation
0x00007fff22d11000 	/System/Library/Frameworks/AppKit.framework/Versions/C/AppKit
0x00007fff25bd5000 	/System/Library/Frameworks/CoreData.framework/Versions/A/CoreData
0x00007fff23a5d000 	/System/Library/PrivateFrameworks/UIFoundation.framework/Versions/A/UIFoundation
0x00007fff2fc5d000 	/System/Library/PrivateFrameworks/RemoteViewServices.framework/Versions/A/RemoteViewServices
0x00007fff28a6e000 	/System/Library/PrivateFrameworks/XCTTargetBootstrap.framework/Versions/A/XCTTargetBootstrap
0x00007fff2b753000 	/usr/lib/libspindump.dylib
0x00007fff23cac000 	/System/Library/Frameworks/UniformTypeIdentifiers.framework/Versions/A/UniformTypeIdentifiers
0x00007fff27272000 	/usr/lib/libapp_launch_measurement.dylib
0x00007fff27275000 	/System/Library/PrivateFrameworks/CoreAutoLayout.framework/Versions/A/CoreAutoLayout
0x00007fff283d5000 	/System/Library/Frameworks/Metal.framework/Versions/A/Metal
0x00007fff290cb000 	/usr/lib/liblangid.dylib
0x00007fff28a72000 	/System/Library/PrivateFrameworks/CoreSVG.framework/Versions/A/CoreSVG
0x00007fff24cec000 	/System/Library/PrivateFrameworks/SkyLight.framework/Versions/A/SkyLight
0x00007fff25052000 	/System/Library/Frameworks/CoreGraphics.framework/Versions/A/CoreGraphics
0x00007fff30184000 	/System/Library/Frameworks/Accelerate.framework/Versions/A/Accelerate
0x00007fff2b191000 	/System/Library/PrivateFrameworks/IconServices.framework/Versions/A/IconServices
0x00007fff283b9000 	/System/Library/Frameworks/IOSurface.framework/Versions/A/IOSurface
0x00007fff2655d000 	/usr/lib/libDiagnosticMessagesClient.dylib
0x00007fff28a5a000 	/System/Library/PrivateFrameworks/DFRFoundation.framework/Versions/A/DFRFoundation
0x00007fff22638000 	/usr/lib/libicucore.A.dylib
0x00007fff2cc9c000 	/System/Library/Frameworks/AudioToolbox.framework/Versions/A/AudioToolbox
0x00007fff2bf24000 	/System/Library/PrivateFrameworks/DataDetectorsCore.framework/Versions/A/DataDetectorsCore
0x00007fff24c5f000 	/usr/lib/libMobileGestalt.dylib
0x00007fff2875e000 	/System/Library/Frameworks/Carbon.framework/Versions/A/Frameworks/HIToolbox.framework/Versions/A/HIToolbox
0x00007fff26cb7000 	/System/Library/Frameworks/QuartzCore.framework/Versions/A/QuartzCore
0x00007fff2fc95000 	/System/Library/Frameworks/Carbon.framework/Versions/A/Frameworks/SpeechRecognition.framework/Versions/A/SpeechRecognition
0x00007fff26fd7000 	/System/Library/PrivateFrameworks/CoreUI.framework/Versions/A/CoreUI
0x00007fff21c4e000 	/System/Library/Frameworks/CoreAudio.framework/Versions/A/CoreAudio
0x00007fff26648000 	/System/Library/Frameworks/DiskArbitration.framework/Versions/A/DiskArbitration
0x00007fff2bb21000 	/System/Library/PrivateFrameworks/MultitouchSupport.framework/Versions/A/MultitouchSupport
0x00007fff2bf1b000 	/System/Library/PrivateFrameworks/InternationalSupport.framework/Versions/A/InternationalSupport
0x00007fff24c5e000 	/usr/lib/libenergytrace.dylib
0x00007fff22c08000 	/System/Library/Frameworks/IOKit.framework/Versions/A/IOKit
0x00007fff2ffc8000 	/System/Library/Frameworks/CoreServices.framework/Versions/A/CoreServices
0x00007fff27204000 	/System/Library/PrivateFrameworks/PerformanceAnalysis.framework/Versions/A/PerformanceAnalysis
0x00007fff6bb33000 	/System/Library/Frameworks/OpenGL.framework/Versions/A/OpenGL
0x00007fff2bf9f000 	/System/Library/PrivateFrameworks/UserActivity.framework/Versions/A/UserActivity
0x00007fff256dc000 	/System/Library/Frameworks/ColorSync.framework/Versions/A/ColorSync
0x00007fff28cd9000 	/System/Library/Frameworks/CoreImage.framework/Versions/A/CoreImage
0x00007fff21a68000 	/System/Library/Frameworks/CoreText.framework/Versions/A/CoreText
0x00007fff28a9c000 	/System/Library/Frameworks/ImageIO.framework/Versions/A/ImageIO
0x00007fff2a630000 	/System/Library/PrivateFrameworks/SoftLinking.framework/Versions/A/SoftLinking
0x00007fff272bd000 	/usr/lib/libxml2.2.dylib
0x00007fff2a8a1000 	/usr/lib/libcompression.dylib
0x00007fff2be4d000 	/System/Library/PrivateFrameworks/TextureIO.framework/Versions/A/TextureIO
0x00007fff2aed0000 	/usr/lib/libate.dylib
0x00007fff2acb5000 	/usr/lib/liblzma.5.dylib
0x00007fff20f8c000 	/System/Library/Frameworks/SystemConfiguration.framework/Versions/A/SystemConfiguration
0x00007fff2a62c000 	/usr/lib/libfakelink.dylib
0x00007fff247b0000 	/System/Library/Frameworks/CFNetwork.framework/Versions/A/CFNetwork
0x00007fff2a76c000 	/usr/lib/libarchive.2.dylib
0x00007fff2100a000 	/usr/lib/libCRFSuite.dylib
0x00007fff29ddd000 	/usr/lib/libbsm.0.dylib
0x00007fff24129000 	/usr/lib/libnetwork.dylib
0x00007fff2a631000 	/usr/lib/libpcap.A.dylib
0x00007fff26392000 	/usr/lib/libdns_services.dylib
0x00007fff2acce000 	/usr/lib/libcoretls_cfhelpers.dylib
0x00007fff2a86b000 	/usr/lib/libapple_nghttp2.dylib
0x00007fff2a5c4000 	/usr/lib/system/libkxld.dylib
0x00007fff2600b000 	/usr/lib/libsqlite3.dylib
0x00007fff2a344000 	/System/Library/PrivateFrameworks/AppleFSCompression.framework/Versions/A/AppleFSCompression
0x00007fff29dc5000 	/usr/lib/libcoretls.dylib
0x00007fff2a89c000 	/usr/lib/libpam.2.dylib
0x00007fff2adcc000 	/usr/lib/libxar.1.dylib
0x00007fff290c7000 	/System/Library/PrivateFrameworks/AppleSystemInfo.framework/Versions/A/AppleSystemInfo
0x00007fff29a07000 	/System/Library/PrivateFrameworks/IOMobileFramebuffer.framework/Versions/A/IOMobileFramebuffer
0x00007fff2a354000 	/usr/lib/libbz2.1.0.dylib
0x00007fff2a669000 	/usr/lib/libiconv.2.dylib
0x00007fff2a5bd000 	/usr/lib/libcharset.1.dylib
0x00007fff27240000 	/System/Library/Frameworks/CoreServices.framework/Versions/A/Frameworks/FSEvents.framework/Versions/A/FSEvents
0x00007fff228a2000 	/System/Library/Frameworks/CoreServices.framework/Versions/A/Frameworks/CarbonCore.framework/Versions/A/CarbonCore
0x00007fff265ad000 	/System/Library/Frameworks/CoreServices.framework/Versions/A/Frameworks/Metadata.framework/Versions/A/Metadata
0x00007fff2a366000 	/System/Library/Frameworks/CoreServices.framework/Versions/A/Frameworks/OSServices.framework/Versions/A/OSServices
0x00007fff2a7de000 	/System/Library/Frameworks/CoreServices.framework/Versions/A/Frameworks/SearchKit.framework/Versions/A/SearchKit
0x00007fff2631d000 	/System/Library/Frameworks/CoreServices.framework/Versions/A/Frameworks/AE.framework/Versions/A/AE
0x00007fff20967000 	/System/Library/Frameworks/CoreServices.framework/Versions/A/Frameworks/LaunchServices.framework/Versions/A/LaunchServices
0x00007fff2ac65000 	/System/Library/Frameworks/CoreServices.framework/Versions/A/Frameworks/DictionaryServices.framework/Versions/A/DictionaryServices
0x00007fff2724d000 	/System/Library/Frameworks/CoreServices.framework/Versions/A/Frameworks/SharedFileList.framework/Versions/A/SharedFileList
0x00007fff29db9000 	/usr/lib/libCheckFix.dylib
0x00007fff24cd3000 	/System/Library/PrivateFrameworks/TCC.framework/Versions/A/TCC
0x00007fff290cd000 	/System/Library/PrivateFrameworks/CoreNLP.framework/Versions/A/CoreNLP
0x00007fff26560000 	/System/Library/PrivateFrameworks/MetadataUtilities.framework/Versions/A/MetadataUtilities
0x00007fff2103f000 	/usr/lib/libmecabra.dylib
0x00007fff2a0c3000 	/System/Library/Frameworks/MLCompute.framework/Versions/A/MLCompute
0x00007fff29dee000 	/usr/lib/libmecab.dylib
0x00007fff29e38000 	/usr/lib/libgermantok.dylib
0x00007fff2a846000 	/usr/lib/libThaiTokenizer.dylib
0x00007fff2ae07000 	/usr/lib/libChineseTokenizer.dylib
0x00007fff2a89a000 	/System/Library/Frameworks/MetalPerformanceShaders.framework/Versions/A/MetalPerformanceShaders
0x00007fff2664f000 	/System/Library/Frameworks/Accelerate.framework/Versions/A/Frameworks/vImage.framework/Versions/A/vImage
0x00007fff2ffa2000 	/System/Library/Frameworks/Accelerate.framework/Versions/A/Frameworks/vecLib.framework/Versions/A/vecLib
0x00007fff2ae12000 	/System/Library/Frameworks/Accelerate.framework/Versions/A/Frameworks/vecLib.framework/Versions/A/libvMisc.dylib
0x00007fff29822000 	/System/Library/Frameworks/Accelerate.framework/Versions/A/Frameworks/vecLib.framework/Versions/A/libvDSP.dylib
0x00007fff20c72000 	/System/Library/Frameworks/Accelerate.framework/Versions/A/Frameworks/vecLib.framework/Versions/A/libBLAS.dylib
0x00007fff2a8c7000 	/System/Library/Frameworks/Accelerate.framework/Versions/A/Frameworks/vecLib.framework/Versions/A/libLAPACK.dylib
0x00007fff29e3e000 	/System/Library/Frameworks/Accelerate.framework/Versions/A/Frameworks/vecLib.framework/Versions/A/libLinearAlgebra.dylib
0x00007fff2a883000 	/System/Library/Frameworks/Accelerate.framework/Versions/A/Frameworks/vecLib.framework/Versions/A/libSparseBLAS.dylib
0x00007fff2a8c1000 	/System/Library/Frameworks/Accelerate.framework/Versions/A/Frameworks/vecLib.framework/Versions/A/libQuadrature.dylib
0x00007fff29179000 	/System/Library/Frameworks/Accelerate.framework/Versions/A/Frameworks/vecLib.framework/Versions/A/libBNNS.dylib
0x00007fff20f1d000 	/System/Library/Frameworks/Accelerate.framework/Versions/A/Frameworks/vecLib.framework/Versions/A/libSparse.dylib
0x00007fff29055000 	/System/Library/Frameworks/MetalPerformanceShaders.framework/Versions/A/Frameworks/MPSCore.framework/Versions/A/MPSCore
0x00007fff2a2b3000 	/System/Library/Frameworks/MetalPerformanceShaders.framework/Versions/A/Frameworks/MPSImage.framework/Versions/A/MPSImage
0x00007fff29e54000 	/System/Library/Frameworks/MetalPerformanceShaders.framework/Versions/A/Frameworks/MPSNeuralNetwork.framework/Versions/A/MPSNeuralNetwork
0x00007fff2a225000 	/System/Library/Frameworks/MetalPerformanceShaders.framework/Versions/A/Frameworks/MPSMatrix.framework/Versions/A/MPSMatrix
0x00007fff2a073000 	/System/Library/Frameworks/MetalPerformanceShaders.framework/Versions/A/Frameworks/MPSRayIntersector.framework/Versions/A/MPSRayIntersector
0x00007fff2a25c000 	/System/Library/Frameworks/MetalPerformanceShaders.framework/Versions/A/Frameworks/MPSNDArray.framework/Versions/A/MPSNDArray
0x00007fff20b9d000 	/System/Library/PrivateFrameworks/MetalTools.framework/Versions/A/MetalTools
0x00007fff290c5000 	/System/Library/PrivateFrameworks/AggregateDictionary.framework/Versions/A/AggregateDictionary
0x00007fff2652d000 	/System/Library/PrivateFrameworks/CoreAnalytics.framework/Versions/A/CoreAnalytics
0x00007fff2a848000 	/System/Library/PrivateFrameworks/AppleSauce.framework/Versions/A/AppleSauce
0x00007fff283cb000 	/System/Library/PrivateFrameworks/IOAccelerator.framework/Versions/A/IOAccelerator
0x00007fff6bb27000 	/System/Library/Frameworks/OpenGL.framework/Versions/A/Libraries/libCoreFSCache.dylib
0x00007fff215d7000 	/System/Library/PrivateFrameworks/LanguageModeling.framework/Versions/A/LanguageModeling
0x00007fff299f5000 	/System/Library/PrivateFrameworks/CoreEmoji.framework/Versions/A/CoreEmoji
0x00007fff29172000 	/System/Library/PrivateFrameworks/LinguisticData.framework/Versions/A/LinguisticData
0x00007fff20ecf000 	/System/Library/PrivateFrameworks/Lexicon.framework/Versions/A/Lexicon
0x00007fff2a75a000 	/usr/lib/libcmph.dylib
0x00007fff27220000 	/System/Library/Frameworks/OpenDirectory.framework/Versions/A/Frameworks/CFOpenDirectory.framework/Versions/A/CFOpenDirectory
0x00007fff27210000 	/System/Library/Frameworks/OpenDirectory.framework/Versions/A/OpenDirectory
0x00007fff2acd0000 	/System/Library/PrivateFrameworks/APFS.framework/Versions/A/APFS
0x00007fff29d1b000 	/System/Library/Frameworks/SecurityFoundation.framework/Versions/A/SecurityFoundation
0x00007fff2adda000 	/usr/lib/libutil.dylib
0x00007fff22bcd000 	/System/Library/PrivateFrameworks/CoreServicesStore.framework/Versions/A/CoreServicesStore
0x00007fff29db1000 	/System/Library/Frameworks/ServiceManagement.framework/Versions/A/ServiceManagement
0x00007fff2adde000 	/usr/lib/libxslt.1.dylib
0x00007fff29da7000 	/System/Library/PrivateFrameworks/BackgroundTaskManagement.framework/Versions/A/BackgroundTaskManagement
0x00007fff2bd97000 	/System/Library/Frameworks/ImageIO.framework/Versions/A/Resources/libRadiance.dylib
0x00007fff2bda1000 	/System/Library/Frameworks/ImageIO.framework/Versions/A/Resources/libJPEG.dylib
0x00007fff2bceb000 	/System/Library/Frameworks/ImageIO.framework/Versions/A/Resources/libPng.dylib
0x00007fff2bd12000 	/System/Library/Frameworks/ImageIO.framework/Versions/A/Resources/libTIFF.dylib
0x00007fff2bdf6000 	/System/Library/Frameworks/ImageIO.framework/Versions/A/Resources/libGIF.dylib
0x00007fff2ba3d000 	/System/Library/Frameworks/ImageIO.framework/Versions/A/Resources/libJP2.dylib
0x00007fff2b159000 	/usr/lib/libexpat.1.dylib
0x00007fff2b9f3000 	/System/Library/PrivateFrameworks/AppleJPEG.framework/Versions/A/AppleJPEG
0x00007fff28601000 	/System/Library/PrivateFrameworks/FontServices.framework/libFontParser.dylib
0x00007fff262d4000 	/System/Library/PrivateFrameworks/RunningBoardServices.framework/Versions/A/RunningBoardServices
0x00007fff2bb1d000 	/System/Library/PrivateFrameworks/WatchdogClient.framework/Versions/A/WatchdogClient
0x00007fff216c0000 	/System/Library/Frameworks/CoreDisplay.framework/Versions/A/CoreDisplay
0x00007fff28516000 	/System/Library/Frameworks/CoreMedia.framework/Versions/A/CoreMedia
0x00007fff273a0000 	/System/Library/Frameworks/CoreVideo.framework/Versions/A/CoreVideo
0x00007fff2bb58000 	/System/Library/Frameworks/VideoToolbox.framework/Versions/A/VideoToolbox
0x00007fff26254000 	/System/Library/PrivateFrameworks/BaseBoard.framework/Versions/A/BaseBoard
0x00007fff2b29d000 	/System/Library/PrivateFrameworks/PersistentConnection.framework/Versions/A/PersistentConnection
0x00007fff25ff5000 	/System/Library/PrivateFrameworks/ProtocolBuffer.framework/Versions/A/ProtocolBuffer
0x00007fff2623c000 	/System/Library/PrivateFrameworks/CommonUtilities.framework/Versions/A/CommonUtilities
0x00007fff2b9b6000 	/System/Library/PrivateFrameworks/Bom.framework/Versions/A/Bom
0x00007fff2bd8f000 	/System/Library/PrivateFrameworks/GPUWrangler.framework/Versions/A/GPUWrangler
0x00007fff2bd72000 	/System/Library/PrivateFrameworks/IOPresentment.framework/Versions/A/IOPresentment
0x00007fff2bd9b000 	/System/Library/PrivateFrameworks/DSExternalDisplay.framework/Versions/A/DSExternalDisplay
0x00007fff2bdfb000 	/System/Library/PrivateFrameworks/CMCaptureCore.framework/Versions/A/CMCaptureCore
0x00007fff2b739000 	/System/Library/PrivateFrameworks/AppServerSupport.framework/Versions/A/AppServerSupport
0x00007fff2d7d6000 	/System/Library/PrivateFrameworks/perfdata.framework/Versions/A/perfdata
0x00007fff29d0a000 	/System/Library/PrivateFrameworks/AssertionServices.framework/Versions/A/AssertionServices
0x00007fff217f7000 	/System/Library/PrivateFrameworks/AudioToolboxCore.framework/Versions/A/AudioToolboxCore
0x00007fff284f9000 	/System/Library/PrivateFrameworks/caulk.framework/Versions/A/caulk
0x00007fff3cc82000 	/System/Library/PrivateFrameworks/SystemPolicy.framework/Versions/A/SystemPolicy
0x00007fff2af68000 	/usr/lib/libIOReport.dylib
0x00007fff2d012000 	/usr/lib/libSMC.dylib
0x00007fff2bcb7000 	/usr/lib/libAudioToolboxUtility.dylib
0x00007fff3d5df000 	/usr/lib/libmis.dylib
0x00007fff6bb83000 	/System/Library/Frameworks/OpenGL.framework/Versions/A/Libraries/libGLU.dylib
0x00007fff6bb46000 	/System/Library/Frameworks/OpenGL.framework/Versions/A/Libraries/libGFXShared.dylib
0x00007fff6bd54000 	/System/Library/Frameworks/OpenGL.framework/Versions/A/Libraries/libGL.dylib
0x00007fff6bb4f000 	/System/Library/Frameworks/OpenGL.framework/Versions/A/Libraries/libGLImage.dylib
0x00007fff6bb43000 	/System/Library/Frameworks/OpenGL.framework/Versions/A/Libraries/libCVMSPluginSupport.dylib
0x00007fff6bb2e000 	/System/Library/Frameworks/OpenGL.framework/Versions/A/Libraries/libCoreVMClient.dylib
0x00007fff6d19e000 	/System/Library/Frameworks/OpenCL.framework/Versions/A/OpenCL
0x00007fff2b2c6000 	/System/Library/PrivateFrameworks/GraphVisualizer.framework/Versions/A/GraphVisualizer
0x00007fff2b2d5000 	/System/Library/PrivateFrameworks/FaceCore.framework/Versions/A/FaceCore
0x00007fff2b6f1000 	/System/Library/PrivateFrameworks/OTSVG.framework/Versions/A/OTSVG
0x00007fff26f95000 	/System/Library/Frameworks/ApplicationServices.framework/Versions/A/Frameworks/ATS.framework/Versions/A/Resources/libFontRegistry.dylib
0x00007fff2b740000 	/System/Library/PrivateFrameworks/FontServices.framework/libhvf.dylib
0x00007fff2b105000 	/System/Library/PrivateFrameworks/AppleVA.framework/Versions/A/AppleVA
0x00007fff2ce5a000 	/System/Library/Frameworks/ApplicationServices.framework/Versions/A/Frameworks/ATS.framework/Versions/A/ATS
0x00007fff2d16d000 	/System/Library/Frameworks/ApplicationServices.framework/Versions/A/Frameworks/ColorSyncLegacy.framework/Versions/A/ColorSyncLegacy
0x00007fff257d3000 	/System/Library/Frameworks/ApplicationServices.framework/Versions/A/Frameworks/HIServices.framework/Versions/A/HIServices
0x00007fff2d152000 	/System/Library/Frameworks/ApplicationServices.framework/Versions/A/Frameworks/LangAnalysis.framework/Versions/A/LangAnalysis
0x00007fff2be05000 	/System/Library/Frameworks/ApplicationServices.framework/Versions/A/Frameworks/PrintCore.framework/Versions/A/PrintCore
0x00007fff2d175000 	/System/Library/Frameworks/ApplicationServices.framework/Versions/A/Frameworks/QD.framework/Versions/A/QD
0x00007fff2ce4a000 	/System/Library/Frameworks/ApplicationServices.framework/Versions/A/Frameworks/SpeechSynthesis.framework/Versions/A/SpeechSynthesis
0x00007fff2bdc6000 	/System/Library/Frameworks/ApplicationServices.framework/Versions/A/Frameworks/ATSUI.framework/Versions/A/ATSUI
0x00007fff2d0f2000 	/usr/lib/libcups.2.dylib
0x00007fff2d162000 	/System/Library/PrivateFrameworks/NetAuth.framework/Versions/A/NetAuth
0x00007fff2d7f1000 	/System/Library/Frameworks/Kerberos.framework/Versions/A/Kerberos
0x00007fff2d801000 	/System/Library/Frameworks/GSS.framework/Versions/A/GSS
0x00007fff2cec7000 	/usr/lib/libresolv.9.dylib
0x00007fff2b756000 	/System/Library/PrivateFrameworks/Heimdal.framework/Versions/A/Heimdal
0x00007fff334b8000 	/System/Library/Frameworks/Kerberos.framework/Versions/A/Libraries/libHeimdalProxy.dylib
0x00007fff263a1000 	/System/Library/Frameworks/Network.framework/Versions/A/Network
0x00007fff2b172000 	/usr/lib/libheimdal-asn1.dylib
0x00007fff2d852000 	/System/Library/PrivateFrameworks/CommonAuth.framework/Versions/A/CommonAuth
0x00007fff273ee000 	/System/Library/PrivateFrameworks/login.framework/Versions/A/Frameworks/loginsupport.framework/Versions/A/loginsupport
0x00007fff2cdd1000 	/System/Library/PrivateFrameworks/AudioSession.framework/Versions/A/AudioSession
0x00007fff2ce37000 	/usr/lib/libAudioStatistics.dylib
0x00007fff2b1fe000 	/System/Library/PrivateFrameworks/MediaExperience.framework/Versions/A/MediaExperience
0x00007fff2cc6a000 	/System/Library/PrivateFrameworks/AudioSession.framework/libSessionUtility.dylib
0x00007fff2d7e2000 	/usr/lib/libperfcheck.dylib
0x00007fff2d181000 	/System/Library/PrivateFrameworks/AudioResourceArbitration.framework/Versions/A/AudioResourceArbitration
0x00007fff2b17c000 	/System/Library/PrivateFrameworks/IconFoundation.framework/Versions/A/IconFoundation
0x00007fff2fc85000 	/System/Library/PrivateFrameworks/SpeechRecognitionCore.framework/Versions/A/SpeechRecognitionCore
0x0000000112800000 	/Library/Java/JavaVirtualMachines/jdk-15.0.1.jdk/Contents/Home/lib/server/libjvm.dylib
0x000000010d8ae000 	/Library/Java/JavaVirtualMachines/jdk-15.0.1.jdk/Contents/Home/lib/libjimage.dylib
0x000000010d8ba000 	/Library/Java/JavaVirtualMachines/jdk-15.0.1.jdk/Contents/Home/lib/libinstrument.dylib
0x000000010d8ca000 	/Library/Java/JavaVirtualMachines/jdk-15.0.1.jdk/Contents/Home/lib/libjava.dylib
0x000000010dbb5000 	/Library/Java/JavaVirtualMachines/jdk-15.0.1.jdk/Contents/Home/lib/libzip.dylib
0x000000010dbc3000 	/Library/Java/JavaVirtualMachines/jdk-15.0.1.jdk/Contents/Home/lib/libnio.dylib
0x000000010dbd7000 	/Library/Java/JavaVirtualMachines/jdk-15.0.1.jdk/Contents/Home/lib/libnet.dylib
0x000000010dbf0000 	/Library/Java/JavaVirtualMachines/jdk-15.0.1.jdk/Contents/Home/lib/libextnet.dylib
0x000000010dbf7000 	/Library/Java/JavaVirtualMachines/jdk-15.0.1.jdk/Contents/Home/lib/libawt.dylib
0x000000010dcae000 	/Library/Java/JavaVirtualMachines/jdk-15.0.1.jdk/Contents/Home/lib/libmlib_image.dylib
0x00007fff6ead3000 	/System/Library/Frameworks/JavaNativeFoundation.framework/Versions/A/JavaNativeFoundation
0x00007fff6eadf000 	/System/Library/Frameworks/JavaRuntimeSupport.framework/Versions/A/JavaRuntimeSupport
0x00007fff3c9cc000 	/System/Library/Frameworks/Carbon.framework/Versions/A/Carbon
0x00007fff31af6000 	/System/Library/PrivateFrameworks/CoreSymbolication.framework/Versions/A/CoreSymbolication
0x00007fff36463000 	/System/Library/Frameworks/Carbon.framework/Versions/A/Frameworks/CommonPanels.framework/Versions/A/CommonPanels
0x00007fff32f4d000 	/System/Library/Frameworks/Carbon.framework/Versions/A/Frameworks/Help.framework/Versions/A/Help
0x00007fff36467000 	/System/Library/Frameworks/Carbon.framework/Versions/A/Frameworks/ImageCapture.framework/Versions/A/ImageCapture
0x00007fff36437000 	/System/Library/Frameworks/Carbon.framework/Versions/A/Frameworks/OpenScripting.framework/Versions/A/OpenScripting
0x00007fff3645f000 	/System/Library/Frameworks/Carbon.framework/Versions/A/Frameworks/Ink.framework/Versions/A/Ink
0x00007fff3c9c8000 	/System/Library/Frameworks/Carbon.framework/Versions/A/Frameworks/Print.framework/Versions/A/Print
0x00007fff3645b000 	/System/Library/Frameworks/Carbon.framework/Versions/A/Frameworks/SecurityHI.framework/Versions/A/SecurityHI
0x00007fff31aba000 	/System/Library/PrivateFrameworks/DebugSymbols.framework/Versions/A/DebugSymbols
0x000000010dd4a000 	/Library/Java/JavaVirtualMachines/jdk-15.0.1.jdk/Contents/Home/lib/libawt_lwawt.dylib
0x000000010de04000 	/Library/Java/JavaVirtualMachines/jdk-15.0.1.jdk/Contents/Home/lib/libosxapp.dylib
0x00007fff3bfe3000 	/System/Library/Frameworks/ExceptionHandling.framework/Versions/A/ExceptionHandling
0x000000010de24000 	/Library/Java/JavaVirtualMachines/jdk-15.0.1.jdk/Contents/Home/lib/libfontmanager.dylib
0x000000010df50000 	/Library/Java/JavaVirtualMachines/jdk-15.0.1.jdk/Contents/Home/lib/libfreetype.dylib
0x00007fff22b8e000 	/System/Library/PrivateFrameworks/CoreServicesInternal.framework/Versions/A/CoreServicesInternal
0x00007fff3100c000 	/System/Library/Frameworks/FileProvider.framework/Versions/A/FileProvider
0x00007fff261bf000 	/System/Library/Frameworks/Accounts.framework/Versions/A/Accounts
0x00007fff3115c000 	/System/Library/PrivateFrameworks/GenerationalStorage.framework/Versions/A/GenerationalStorage
0x00007fff30a2c000 	/System/Library/PrivateFrameworks/SymptomDiagnosticReporter.framework/Versions/A/SymptomDiagnosticReporter
0x00007fff23cbf000 	/System/Library/PrivateFrameworks/DesktopServicesPriv.framework/Versions/A/DesktopServicesPriv
0x00007fff22cc3000 	/usr/lib/libsandbox.1.dylib
0x00007fff27419000 	/System/Library/PrivateFrameworks/UserManagement.framework/Versions/A/UserManagement
0x00007fff29ce7000 	/System/Library/PrivateFrameworks/MobileKeyBag.framework/Versions/A/MobileKeyBag
0x00007fff3453b000 	/System/Library/PrivateFrameworks/ChunkingLibrary.framework/Versions/A/ChunkingLibrary
0x00007fff2e215000 	/System/Library/PrivateFrameworks/Sharing.framework/Versions/A/Sharing
0x00007fff32aba000 	/System/Library/PrivateFrameworks/Apple80211.framework/Versions/A/Apple80211
0x00007fff2a394000 	/System/Library/PrivateFrameworks/AuthKit.framework/Versions/A/AuthKit
0x00007fff29ae5000 	/System/Library/PrivateFrameworks/CoreUtils.framework/Versions/A/CoreUtils
0x00007fff29a12000 	/System/Library/Frameworks/CoreWLAN.framework/Versions/A/CoreWLAN
0x00007fff2e361000 	/System/Library/Frameworks/IOBluetooth.framework/Versions/A/IOBluetooth
0x00007fff32b1e000 	/System/Library/PrivateFrameworks/CoreWiFi.framework/Versions/A/CoreWiFi
0x00007fff2d8d8000 	/System/Library/PrivateFrameworks/CorePhoneNumbers.framework/Versions/A/CorePhoneNumbers
0x00007fff30b33000 	/System/Library/PrivateFrameworks/DiskManagement.framework/Versions/A/DiskManagement
0x00007fff30a49000 	/System/Library/PrivateFrameworks/AppleIDAuthSupport.framework/Versions/A/AppleIDAuthSupport
0x00007fff2d8b8000 	/System/Library/PrivateFrameworks/KeychainCircle.framework/Versions/A/KeychainCircle
0x00007fff30aff000 	/System/Library/PrivateFrameworks/MediaKit.framework/Versions/A/MediaKit
0x00007fff30a56000 	/System/Library/Frameworks/DiscRecording.framework/Versions/A/DiscRecording
0x00007fff2b079000 	/usr/lib/libCoreStorage.dylib
0x00007fff32f59000 	/usr/lib/libcsfde.dylib
0x00007fff2e49c000 	/System/Library/PrivateFrameworks/ProtectedCloudStorage.framework/Versions/A/ProtectedCloudStorage
0x00007fff32f51000 	/System/Library/PrivateFrameworks/EFILogin.framework/Versions/A/EFILogin
0x00007fff3356b000 	/System/Library/Frameworks/AudioUnit.framework/Versions/A/AudioUnit
0x00007fff309c6000 	/System/Library/Frameworks/CoreBluetooth.framework/Versions/A/CoreBluetooth
0x00007fff2b071000 	/usr/lib/libMatch.1.dylib
0x00007fff43853000 	/System/Library/CoreServices/RawCamera.bundle/Contents/MacOS/RawCamera
0x00007fff2d863000 	/System/Library/PrivateFrameworks/MobileAsset.framework/Versions/A/MobileAsset
0x00007fff3358f000 	/System/Library/PrivateFrameworks/StreamingZip.framework/Versions/A/StreamingZip
0x00007fff2bffd000 	/System/Library/Frameworks/MediaToolbox.framework/Versions/A/MediaToolbox
0x00007fff30fde000 	/System/Library/PrivateFrameworks/CoreAVCHD.framework/Versions/A/CoreAVCHD
0x00007fff301c5000 	/System/Library/Frameworks/MediaAccessibility.framework/Versions/A/MediaAccessibility
0x00007fff30fda000 	/System/Library/PrivateFrameworks/Mangrove.framework/Versions/A/Mangrove
0x00007fff301d1000 	/System/Library/PrivateFrameworks/AlgosScoreFramework.framework/Versions/A/AlgosScoreFramework
0x00007fff319c8000 	/System/Library/PrivateFrameworks/AppleVPA.framework/Versions/A/AppleVPA
0x00007fff30c1f000 	/System/Library/PrivateFrameworks/CoreAUC.framework/Versions/A/CoreAUC
0x00007fff412a6000 	/System/Library/Frameworks/Accelerate.framework/Versions/A/Frameworks/vImage.framework/Versions/A/Libraries/libCGInterfaces.dylib
0x000000010e7ae000 	/usr/lib/libobjc-trampolines.dylib
0x00007fff27118000 	/System/Library/PrivateFrameworks/ViewBridge.framework/Versions/A/ViewBridge
0x00007fff2b817000 	/System/Library/PrivateFrameworks/login.framework/Versions/A/login
0x00007fff6bd5f000 	/System/Library/Frameworks/OpenGL.framework/Versions/A/Resources/GLEngine.bundle/GLEngine
0x00007fff6bbc0000 	/System/Library/Frameworks/OpenGL.framework/Versions/A/Libraries/libGLProgrammability.dylib
0x00007fff62292000 	/System/Library/Extensions/AppleIntelSKLGraphicsGLDriver.bundle/Contents/MacOS/AppleIntelSKLGraphicsGLDriver
0x00007fff46399000 	/System/Library/PrivateFrameworks/GPUSupport.framework/Versions/A/Libraries/libGPUSupportMercury.dylib
0x000000013b3bd000 	/System/Library/Extensions/AMDRadeonX4000GLDriver.bundle/Contents/MacOS/AMDRadeonX4000GLDriver
0x00007fff6e0a0000 	/System/Library/Extensions/AMDRadeonX4000GLDriver.bundle/Contents/MacOS/ATIRadeonX4000SCLib.dylib
0x00007fff5e1ab000 	/System/Library/Extensions/AMDShared.bundle/Contents/PlugIns/libSC.dylib
0x00007fff6bedd000 	/System/Library/Frameworks/OpenGL.framework/Versions/A/Resources/GLRendererFloat.bundle/GLRendererFloat
0x000000013b6af000 	/Library/Java/JavaVirtualMachines/jdk-15.0.1.jdk/Contents/Home/lib/libosxui.dylib
0x00007fff5cf62000 	/System/Library/CoreServices/Encodings/libSimplifiedChineseConverter.dylib
0x00007fff779d2000 	/usr/lib/libRosetta.dylib
0x00007fff30202000 	/System/Library/PrivateFrameworks/SystemAdministration.framework/Versions/A/SystemAdministration
0x00007fff2fc51000 	/System/Library/Frameworks/DirectoryService.framework/Versions/A/DirectoryService
0x00007fff32df9000 	/System/Library/PrivateFrameworks/DiskImages.framework/Versions/A/DiskImages
0x00007fff32fcc000 	/System/Library/PrivateFrameworks/LoginUIKit.framework/Versions/A/Frameworks/LoginUICore.framework/Versions/A/LoginUICore
0x00007fff2b9b2000 	/usr/lib/libodfde.dylib
0x00007fff32f65000 	/usr/lib/libcurl.4.dylib
0x00007fff32cc5000 	/usr/lib/libcrypto.44.dylib
0x00007fff32dcb000 	/usr/lib/libssl.46.dylib
0x00007fff32c8b000 	/System/Library/Frameworks/LDAP.framework/Versions/A/LDAP
0x00007fff32cc3000 	/System/Library/PrivateFrameworks/TrustEvaluationAgent.framework/Versions/A/TrustEvaluationAgent
0x00007fff2cee0000 	/usr/lib/libsasl2.2.dylib
0x00007fff301f6000 	/System/Library/PrivateFrameworks/CoreDaemon.framework/Versions/B/CoreDaemon
0x00007fff301f1000 	/System/Library/PrivateFrameworks/AppleSRP.framework/Versions/A/AppleSRP
0x000000017edd0000 	/Library/Java/JavaVirtualMachines/jdk-15.0.1.jdk/Contents/Home/lib/libverify.dylib
0x000000017ede1000 	/Users/andrewamato/Library/Caches/JNA/temp/jna9987347842992550631.tmp
0x00007fff6eae7000 	/System/Library/Frameworks/JavaVM.framework/Versions/A/JavaVM
0x000000017eff8000 	/Applications/VLC.app/Contents/MacOS/lib/libvlccore.8.dylib
0x000000017f0eb000 	/Applications/VLC.app/Contents/MacOS/lib/libvlc.5.dylib
0x00007fff780ec000 	/usr/lib/libstdc++.6.dylib
0x00007fff6f373000 	/System/Library/Frameworks/VideoDecodeAcceleration.framework/Versions/A/VideoDecodeAcceleration
0x000000017d821000 	/Applications/VLC.app/Contents/MacOS/plugins/libavcapture_plugin.dylib
0x00007fff3cac8000 	/System/Library/Frameworks/AVFoundation.framework/Versions/A/AVFoundation
0x00007fff6e2a8000 	/System/Library/Frameworks/AVFAudio.framework/Versions/A/AVFAudio
0x00007fff315e7000 	/System/Library/PrivateFrameworks/AVFCore.framework/Versions/A/AVFCore
0x00007fff376cb000 	/System/Library/PrivateFrameworks/AVFCapture.framework/Versions/A/AVFCapture
0x00007fff3bd1c000 	/System/Library/PrivateFrameworks/AirPlaySync.framework/Versions/A/AirPlaySync
0x00007fff2cfad000 	/System/Library/Frameworks/CoreMediaIO.framework/Versions/A/CoreMediaIO
0x00007fff377de000 	/System/Library/PrivateFrameworks/Quagga.framework/Versions/A/Quagga
0x00007fff37872000 	/System/Library/PrivateFrameworks/CMCapture.framework/Versions/A/CMCapture
0x00007fff3367e000 	/System/Library/PrivateFrameworks/Espresso.framework/Versions/A/Espresso
0x00007fff34dff000 	/System/Library/PrivateFrameworks/AppleNeuralEngine.framework/Versions/A/AppleNeuralEngine
0x00007fff33e80000 	/System/Library/PrivateFrameworks/ANEServices.framework/Versions/A/ANEServices
0x00007fff6f90d000 	/System/Library/PrivateFrameworks/CMImaging.framework/Versions/A/CMImaging
0x00007fff32c70000 	/System/Library/PrivateFrameworks/BackBoardServices.framework/Versions/A/BackBoardServices
0x00007fff3177c000 	/System/Library/PrivateFrameworks/FrontBoardServices.framework/Versions/A/FrontBoardServices
0x00007fff317ec000 	/System/Library/PrivateFrameworks/BoardServices.framework/Versions/A/BoardServices
0x000000017f10a000 	/Applications/VLC.app/Contents/MacOS/plugins/libqtcapture_plugin.dylib
0x00007fff34ed6000 	/System/Library/Frameworks/QTKit.framework/Versions/A/QTKit
0x000000017f115000 	/Applications/VLC.app/Contents/MacOS/plugins/libqtsound_plugin.dylib
0x000000017f11f000 	/Applications/VLC.app/Contents/MacOS/plugins/libauhal_plugin.dylib
0x000000017f12e000 	/System/Library/Extensions/AppleHDA.kext/Contents/PlugIns/AppleHDAHALPlugIn.bundle/Contents/MacOS/AppleHDAHALPlugIn
0x000000017f146000 	/Applications/VLC.app/Contents/MacOS/plugins/liblibbluray_plugin.dylib
0x000000017f4f2000 	/Applications/VLC.app/Contents/MacOS/plugins/libaccess_bd_plugin.dylib
0x000000017f500000 	/Applications/VLC.app/Contents/MacOS/plugins/libdvdnav_plugin.dylib
0x000000017f55f000 	/Applications/VLC.app/Contents/MacOS/plugins/libvdr_plugin.dylib
0x000000017f568000 	/Applications/VLC.app/Contents/MacOS/plugins/libfilesystem_plugin.dylib
0x000000017f571000 	/Applications/VLC.app/Contents/MacOS/plugins/libsmooth_plugin.dylib
0x000000017f57c000 	/Applications/VLC.app/Contents/MacOS/plugins/libhttplive_plugin.dylib
0x000000017f67c000 	/Applications/VLC.app/Contents/MacOS/plugins/libdecomp_plugin.dylib
0x000000017f683000 	/Applications/VLC.app/Contents/MacOS/plugins/libdash_plugin.dylib
0x000000017f6b2000 	/Applications/VLC.app/Contents/MacOS/plugins/librar_plugin.dylib
0x000000017f6b9000 	/Applications/VLC.app/Contents/MacOS/plugins/libzip_plugin.dylib
0x000000017d82b000 	/Applications/VLC.app/Contents/MacOS/plugins/librecord_plugin.dylib
0x000000017f6d1000 	/Applications/VLC.app/Contents/MacOS/plugins/libmp4_plugin.dylib
0x000000017f702000 	/Applications/VLC.app/Contents/MacOS/plugins/libpng_plugin.dylib
0x000000017f776000 	/Applications/VLC.app/Contents/MacOS/plugins/libjpeg_plugin.dylib
0x000000017f7e8000 	/Applications/VLC.app/Contents/MacOS/plugins/libcdg_plugin.dylib
0x000000017f7ef000 	/Applications/VLC.app/Contents/MacOS/plugins/libschroedinger_plugin.dylib
0x000000017fa01000 	/Applications/VLC.app/Contents/MacOS/plugins/libfaad_plugin.dylib
0x000000017fa86000 	/Applications/VLC.app/Contents/MacOS/plugins/libdts_plugin.dylib
0x000000017fa8d000 	/Applications/VLC.app/Contents/MacOS/plugins/libaes3_plugin.dylib
0x000000017fa93000 	/Applications/VLC.app/Contents/MacOS/plugins/libaraw_plugin.dylib
0x000000017fa9a000 	/Applications/VLC.app/Contents/MacOS/plugins/libsubstx3g_plugin.dylib
0x000000017faa1000 	/Applications/VLC.app/Contents/MacOS/plugins/libvorbis_plugin.dylib
0x000000017fb7e000 	/Applications/VLC.app/Contents/MacOS/plugins/libtheora_plugin.dylib
0x000000017fbc3000 	/Applications/VLC.app/Contents/MacOS/plugins/libflac_plugin.dylib
0x000000017fbf1000 	/Applications/VLC.app/Contents/MacOS/plugins/libmpeg_audio_plugin.dylib
0x000000017fbf8000 	/Applications/VLC.app/Contents/MacOS/plugins/libg711_plugin.dylib
0x000000017fc01000 	/Applications/VLC.app/Contents/MacOS/plugins/liba52_plugin.dylib
0x000000017fc08000 	/Applications/VLC.app/Contents/MacOS/plugins/liblibass_plugin.dylib
0x0000000180156000 	/Applications/VLC.app/Contents/MacOS/plugins/libspeex_plugin.dylib
0x000000018018c000 	/Applications/VLC.app/Contents/MacOS/plugins/libopus_plugin.dylib
0x000000018022d000 	/Applications/VLC.app/Contents/MacOS/plugins/liblpcm_plugin.dylib
0x0000000180235000 	/Applications/VLC.app/Contents/MacOS/plugins/libdvbsub_plugin.dylib
0x0000000180247000 	/Applications/VLC.app/Contents/MacOS/plugins/libspudec_plugin.dylib
0x000000018024e000 	/Applications/VLC.app/Contents/MacOS/plugins/libavcodec_plugin.dylib
0x00000001818a1000 	/Applications/VLC.app/Contents/MacOS/plugins/libtaglib_plugin.dylib
0x0000000181bc6000 	/Applications/VLC.app/Contents/MacOS/plugins/liblua_plugin.dylib
0x0000000181c33000 	/Applications/VLC.app/Contents/MacOS/plugins/libfreetype_plugin.dylib
0x0000000181d80000 	/System/Library/Components/CoreAudio.component/Contents/MacOS/CoreAudio
0x0000000182ea4000 	/Applications/VLC.app/Contents/MacOS/plugins/libfloat_mixer_plugin.dylib
0x0000000182ea9000 	/Applications/VLC.app/Contents/MacOS/plugins/libscaletempo_plugin.dylib
0x0000000182eb0000 	/Applications/VLC.app/Contents/MacOS/plugins/libugly_resampler_plugin.dylib
0x0000000182edb000 	/Applications/VLC.app/Contents/MacOS/plugins/libi420_yuy2_sse2_plugin.dylib
0x0000000182ee2000 	/Applications/VLC.app/Contents/MacOS/plugins/libi420_yuy2_mmx_plugin.dylib
0x000000018460d000 	/Applications/VLC.app/Contents/MacOS/plugins/libswscale_plugin.dylib
0x0000000182ee9000 	/Applications/VLC.app/Contents/MacOS/plugins/libi422_yuy2_sse2_plugin.dylib
0x0000000182ef0000 	/Applications/VLC.app/Contents/MacOS/plugins/libi420_rgb_sse2_plugin.dylib
0x0000000182efd000 	/Applications/VLC.app/Contents/MacOS/plugins/libi420_rgb_mmx_plugin.dylib
0x0000000182f07000 	/Applications/VLC.app/Contents/MacOS/plugins/libi422_yuy2_mmx_plugin.dylib
0x0000000182f0d000 	/Applications/VLC.app/Contents/MacOS/plugins/libyuy2_i420_plugin.dylib
0x0000000182f43000 	/Applications/VLC.app/Contents/MacOS/plugins/libyuy2_i422_plugin.dylib
0x0000000182f49000 	/Applications/VLC.app/Contents/MacOS/plugins/libi420_yuy2_plugin.dylib
0x0000000182f50000 	/Applications/VLC.app/Contents/MacOS/plugins/libi422_yuy2_plugin.dylib
0x0000000182f57000 	/Applications/VLC.app/Contents/MacOS/plugins/libi420_rgb_plugin.dylib
0x0000000182f61000 	/Applications/VLC.app/Contents/MacOS/plugins/libgrey_yuv_plugin.dylib
0x0000000182fa7000 	/Applications/VLC.app/Contents/MacOS/plugins/libi422_i420_plugin.dylib
0x0000000182fad000 	/Applications/VLC.app/Contents/MacOS/plugins/libscale_plugin.dylib
0x0000000182fb3000 	/Applications/VLC.app/Contents/MacOS/plugins/libyuvp_plugin.dylib
0x0000000182fb9000 	/Applications/VLC.app/Contents/MacOS/plugins/libvmem_plugin.dylib
0x00007fff6dd20000 	/System/Library/Extensions/AMDMTLBronzeDriver.bundle/Contents/MacOS/AMDMTLBronzeDriver
0x00007fff40e1a000 	/System/Library/PrivateFrameworks/IOAccelMemoryInfo.framework/Versions/A/IOAccelMemoryInfo
0x00007fff61e06000 	/System/Library/Extensions/AppleIntelSKLGraphicsMTLDriver.bundle/Contents/MacOS/AppleIntelSKLGraphicsMTLDriver
0x00007fff3d5f2000 	/System/Library/PrivateFrameworks/GPURawCounter.framework/Versions/A/GPURawCounter
0x00007fff696dc000 	/System/Library/PrivateFrameworks/GPUCompiler.framework/Versions/31001/Libraries/libmetal_timestamp.dylib


VM Arguments:
jvm_args: -javaagent:/Applications/IntelliJ IDEA.app/Contents/lib/idea_rt.jar=59346:/Applications/IntelliJ IDEA.app/Contents/bin -Dfile.encoding=UTF-8 
java_command: Main
java_class_path (initial): /Users/andrewamato/IdeaProjects/Amato_Bucchieri_Videoh/target/classes:/Users/andrewamato/.m2/repository/org/eclipse/persistence/org.eclipse.persistence.jpa/3.0.2/org.eclipse.persistence.jpa-3.0.2.jar:/Users/andrewamato/.m2/repository/org/eclipse/persistence/org.eclipse.persistence.asm/9.1.0/org.eclipse.persistence.asm-9.1.0.jar:/Users/andrewamato/.m2/repository/org/eclipse/persistence/org.eclipse.persistence.core/3.0.2/org.eclipse.persistence.core-3.0.2.jar:/Users/andrewamato/.m2/repository/org/eclipse/persistence/org.eclipse.persistence.jpa.jpql/3.0.2/org.eclipse.persistence.jpa.jpql-3.0.2.jar:/Users/andrewamato/.m2/repository/jakarta/persistence/jakarta.persistence-api/3.0.0/jakarta.persistence-api-3.0.0.jar:/Users/andrewamato/.m2/repository/org/hsqldb/hsqldb/2.5.2/hsqldb-2.5.2.jar:/Users/andrewamato/.m2/repository/org/apache/maven/surefire/maven-surefire-common/2.19.1/maven-surefire-common-2.19.1.jar:/Users/andrewamato/.m2/repository/org/apache/maven/maven-plugin-api/2.2.1/maven-plugin-api-2.2.1.jar:/Users/andrewamato/.m2/repository/org/apache/maven/plugin-tools/maven-plugin-annotations/3.3/maven-plugin-annotations-3.3.jar:/Users/andrewamato/.m2/repository/org/apache/maven/surefire/surefire-api/2.19.1/surefire-api-2.19.1.jar:/Users/andrewamato/.m2/repository/org/apache/maven/surefire/surefire-booter/2.19.1/surefire-booter-2.19.1.jar:/Users/andrewamato/.m2/repository/org/apache/maven/maven-artifact/2.2.1/maven-artifact-2.2.1.jar:/Users/andrewamato/.m2/repository/org/codehaus/plexus/plexus-utils/1.5.15/plexus-utils-1.5.15.jar:/Users/andrewamato/.m2/repository/org/apache/maven/maven-plugin-descriptor/2.2.1/maven-plugin-descriptor-2.2.1.jar:/Users/andrewamato/.m2/repository/org/codehaus/plexus/plexus-container-default/1.0-alpha-9-stable-1/plexus-container-default-1.0-alpha-9-stable-1.jar:/Users/andrewamato/.m2/repository/junit/junit/3.8.1/junit-3.8.1.jar:/Users/andrewamato/.m2/repository/org/apache/maven/maven-project/2.2.1/maven-project-
Launcher Type: SUN_STANDARD

[Global flags]
     intx CICompilerCount                          = 4                                         {product} {ergonomic}
     uint ConcGCThreads                            = 2                                         {product} {ergonomic}
     uint G1ConcRefinementThreads                  = 8                                         {product} {ergonomic}
   size_t G1HeapRegionSize                         = 2097152                                   {product} {ergonomic}
    uintx GCDrainStackTargetSize                   = 64                                        {product} {ergonomic}
   size_t InitialHeapSize                          = 268435456                                 {product} {ergonomic}
   size_t MarkStackSize                            = 4194304                                   {product} {ergonomic}
   size_t MaxHeapSize                              = 4294967296                                {product} {ergonomic}
   size_t MaxNewSize                               = 2575302656                                {product} {ergonomic}
   size_t MinHeapDeltaBytes                        = 2097152                                   {product} {ergonomic}
   size_t MinHeapSize                              = 8388608                                   {product} {ergonomic}
    uintx NonNMethodCodeHeapSize                   = 5839372                                {pd product} {ergonomic}
    uintx NonProfiledCodeHeapSize                  = 122909434                              {pd product} {ergonomic}
    uintx ProfiledCodeHeapSize                     = 122909434                              {pd product} {ergonomic}
    uintx ReservedCodeCacheSize                    = 251658240                              {pd product} {ergonomic}
     bool SegmentedCodeCache                       = true                                      {product} {ergonomic}
   size_t SoftMaxHeapSize                          = 4294967296                             {manageable} {ergonomic}
     bool UseCompressedClassPointers               = true                                 {lp64_product} {ergonomic}
     bool UseCompressedOops                        = true                                 {lp64_product} {ergonomic}
     bool UseG1GC                                  = true                                      {product} {ergonomic}
     bool UseNUMA                                  = false                                     {product} {ergonomic}
     bool UseNUMAInterleaving                      = false                                     {product} {ergonomic}

Logging:
Log output configuration:
 #0: stdout all=warning uptime,level,tags
 #1: stderr all=off uptime,level,tags

Environment Variables:
JAVA_HOME=/Library/Internet Plug-Ins/JavaAppletPlugin.plugin/Contents/Home
PATH=/usr/local/opt/ruby/bin:/Library/Frameworks/Python.framework/Versions/3.8/bin:/usr/local/bin:/usr/bin:/bin:/usr/sbin:/sbin:/Users/andrewamato/Library/Python/2.7/bin:/Applications/VMware Fusion.app/Contents/Public:/usr/local/aria2/bin:/usr/local/MacGPG2/bin:/Library/Apple/usr/bin:/Library/Frameworks/Mono.framework/Versions/Current/Commands:/Applications/flutter/bin
SHELL=/bin/bash
LANG=it_IT
LC_CTYPE=it_IT.UTF-8

Signal Handlers:
SIGSEGV: [libjvm.dylib+0x9fe2e0], sa_mask[0]=11111111011111110111111111111111, sa_flags=SA_ONSTACK|SA_RESTART|SA_SIGINFO
