#
# A fatal error has been detected by the Java Runtime Environment:
#
#  SIGSEGV (0xb) at pc=0x00000001bdb5b910, pid=31057, tid=139523
#
# JRE version: Java(TM) SE Runtime Environment (15.0.2+7) (build 15.0.2+7-27)
# Java VM: Java HotSpot(TM) 64-Bit Server VM (15.0.2+7-27, mixed mode, sharing, tiered, compressed oops, g1 gc, bsd-amd64)
# Problematic frame:
# C  [libvmem_plugin.dylib+0x2910]  vlc_entry_license__3_0_0f+0x160
#
# No core dump will be written. Core dumps have been disabled. To enable core dumping, try "ulimit -c unlimited" before starting Java again
#
# If you would like to submit a bug report, please visit:
#   https://bugreport.java.com/bugreport/crash.jsp
#

---------------  S U M M A R Y ------------

Command Line: -javaagent:/Applications/IntelliJ IDEA.app/Contents/lib/idea_rt.jar=62088:/Applications/IntelliJ IDEA.app/Contents/bin -Dfile.encoding=UTF-8 Main

Host: MacBookPro16,1 x86_64 2600 MHz, 12 cores, 16G, Darwin 20.5.0
Time: Fri Oct  1 15:29:50 2021 CEST elapsed time: 39.878666 seconds (0d 0h 0m 39s)

---------------  T H R E A D  ---------------

Current thread is native thread

Stack: [0x000070000f871000,0x000070000f971000],  sp=0x000070000f970930,  free space=1022k
Native frames: (J=compiled Java code, A=aot compiled Java code, j=interpreted, Vv=VM code, C=native code)
C  [libvmem_plugin.dylib+0x2910]  vlc_entry_license__3_0_0f+0x160

[error occurred during error reporting (printing native stack), id 0xb, SIGSEGV (0xb) at pc=0x000000010d0254a6]


siginfo: si_signo: 11 (SIGSEGV), si_code: 0 (unknown), si_addr: 0x0000000000000000

Registers:
RAX=0xff1c1224ff1d1325, RBX=0x00007f8248e17df0, RCX=0x0000000000000000, RDX=0x000070000f970930
RSP=0x000070000f970930, RBP=0x0000000000000000, RSI=0xff1e152bff20172d, RDI=0xff1e182fff1f1930
R8 =0x0000000000005501, R9 =0x0000000000000019, R10=0x00007f8249900000, R11=0x0000000000000000
R12=0x00000000ffffffff, R13=0x00007f8249289918, R14=0x00007f8249958210, R15=0x00007f8249959080
RIP=0x00000001bdb5b910, EFLAGS=0x0000000000010282, ERR=0x0000000000000000
  TRAPNO=0x000000000000000d

Top of Stack: (sp=0x000070000f970930)
0x000070000f970930:   00007f8248e17bf0 00000001a1e13300
0x000070000f970940:   00000001a1e114dc 00000001a1de673c
0x000070000f970950:   00007f8248e1e4b0 00007f8248e1e4a8
0x000070000f970960:   0000000000000000 0000000000000000
0x000070000f970970:   00007f8248e17bf0 000012c000000320
0x000070000f970980:   00000001a1e13300 0000000000000000
0x000070000f970990:   00000001a1e114dc 0000000000000000
0x000070000f9709a0:   00000001a1de673c 0000000000000000
0x000070000f9709b0:   00007f8248e1e4b0 0000000000000000
0x000070000f9709c0:   00007f8248688f70 e9f6eac1d6bf0008
0x000070000f9709d0:   0000000000000000 00007f8248e17bf0
0x000070000f9709e0:   00007f8249958210 00000001a1dbce30
0x000070000f9709f0:   00007f8200000000 000000000000000d
0x000070000f970a00:   0000000000000000 00007f8249289918
0x000070000f970a10:   000000000f970aa0 00007f8248e17bf0
0x000070000f970a20:   0000000000000000 00007f8249289920
0x000070000f970a30:   0000000000000800 0000002b8110a97a
0x000070000f970a40:   00007f8248e17c28 0000000000002100
0x000070000f970a50:   0000000000000020 0000000106419a00
0x000070000f970a60:   000004b032335652 0000000000000320
0x000070000f970a70:   000004b000000000 0000001800000320
0x000070000f970a80:   0000000100000001 000003e900007530
0x000070000f970a90:   0000ff0000ff0000 00000000000000ff
0x000070000f970aa0:   0000000000000000 0000000000000000
0x000070000f970ab0:   0000000000000000 0000000000000000
0x000070000f970ac0:   0000000300000000 0000000200000005
0x000070000f970ad0:   0000000100000000 0000000000000000
0x000070000f970ae0:   0000000000000000 42a0000000000000
0x000070000f970af0:   0000000000000000 0000000000000000
0x000070000f970b00:   0000000000000000 0000000000000000
0x000070000f970b10:   000004b032335652 0000000000000320
0x000070000f970b20:   000004b000000000 0000001800000320 

Instructions: (pc=0x00000001bdb5b910)
0x00000001bdb5b810:   98 00 00 00 49 8b 9f d0 01 00 00 0f 57 c0 0f 29
0x00000001bdb5b820:   84 24 80 00 00 00 0f 29 44 24 70 0f 29 44 24 60
0x00000001bdb5b830:   0f 29 44 24 50 0f 29 44 24 40 0f 29 44 24 30 48
0x00000001bdb5b840:   8b 7b 08 48 89 e6 ff 53 18 48 89 43 10 48 8b 04
0x00000001bdb5b850:   24 48 8b 4c 24 08 48 89 44 24 40 8b 43 4c 89 44
0x00000001bdb5b860:   24 48 8b 43 38 89 44 24 4c 48 89 4c 24 50 8b 43
0x00000001bdb5b870:   50 89 44 24 58 8b 43 3c 89 44 24 5c 48 8b 44 24
0x00000001bdb5b880:   10 48 89 44 24 60 8b 43 54 89 44 24 68 8b 43 40
0x00000001bdb5b890:   89 44 24 6c 48 8b 44 24 18 48 89 44 24 70 8b 43
0x00000001bdb5b8a0:   58 89 44 24 78 8b 43 44 89 44 24 7c 48 8b 44 24
0x00000001bdb5b8b0:   20 48 89 84 24 80 00 00 00 8b 43 5c 89 84 24 88
0x00000001bdb5b8c0:   00 00 00 8b 43 48 89 84 24 8c 00 00 00 49 81 c7
0x00000001bdb5b8d0:   e8 00 00 00 48 8d 74 24 30 4c 89 ff e8 85 01 00
0x00000001bdb5b8e0:   00 49 89 c7 4d 85 ff 74 13 4c 89 ff 4c 89 f6 e8
0x00000001bdb5b8f0:   6c 01 00 00 4c 89 ff e8 70 01 00 00 48 8b 43 20
0x00000001bdb5b900:   48 85 c0 74 0d 48 8b 7b 08 48 8b 73 10 48 89 e2
0x00000001bdb5b910:   ff d0 48 8b 05 f7 06 00 00 48 8b 00 48 3b 84 24
0x00000001bdb5b920:   98 00 00 00 75 0d 48 81 c4 a0 00 00 00 5b 41 5e
0x00000001bdb5b930:   41 5f c3 e8 10 01 00 00 0f 1f 84 00 00 00 00 00
0x00000001bdb5b940:   53 48 89 f3 48 8b 8f d0 01 00 00 48 8b 41 28 48
0x00000001bdb5b950:   85 c0 74 0a 48 8b 79 08 48 8b 71 10 ff d0 48 89
0x00000001bdb5b960:   df 5b e9 05 01 00 00 66 0f 1f 84 00 00 00 00 00
0x00000001bdb5b970:   b8 ff ff ff ff c3 66 2e 0f 1f 84 00 00 00 00 00
0x00000001bdb5b980:   48 81 ec d8 00 00 00 84 c0 74 31 0f 29 44 24 30
0x00000001bdb5b990:   0f 29 4c 24 40 0f 29 54 24 50 0f 29 5c 24 60 0f
0x00000001bdb5b9a0:   29 64 24 70 0f 29 ac 24 80 00 00 00 0f 29 b4 24
0x00000001bdb5b9b0:   90 00 00 00 0f 29 bc 24 a0 00 00 00 4c 89 4c 24
0x00000001bdb5b9c0:   28 4c 89 44 24 20 48 89 4c 24 18 48 89 54 24 10
0x00000001bdb5b9d0:   48 8b 05 39 06 00 00 48 8b 00 48 89 84 24 d0 00
0x00000001bdb5b9e0:   00 00 48 89 e0 48 89 84 24 c0 00 00 00 48 8d 84
0x00000001bdb5b9f0:   24 e0 00 00 00 48 89 84 24 b8 00 00 00 c7 84 24
0x00000001bdb5ba00:   b4 00 00 00 30 00 00 00 c7 84 24 b0 00 00 00 10 



---------------  P R O C E S S  ---------------

VM state: not at safepoint (normal execution)

VM Mutex/Monitor currently owned by a thread: None

Heap address: 0x0000000700000000, size: 4096 MB, Compressed Oops mode: Zero based, Oop shift amount: 3
CDS archive(s) mapped at: [0x0000000800000000-0x0000000800b2d000-0x0000000800b2d000), size 11718656, SharedBaseAddress: 0x0000000800000000, ArchiveRelocationMode: 0.
Compressed class space mapped at: 0x0000000800b30000-0x0000000840b30000, size: 1073741824
Narrow klass base: 0x0000000800000000, Narrow klass shift: 3, Narrow klass range: 0x100000000

GC Precious Log:
 CPUs: 12 total, 12 available
 Memory: 16384M
 Large Page Support: Disabled
 NUMA Support: Disabled
 Compressed Oops: Enabled (Zero based)
 Heap Region Size: 2M
 Heap Min Capacity: 8M
 Heap Initial Capacity: 256M
 Heap Max Capacity: 4G
 Pre-touch: Disabled
 Parallel Workers: 10
 Concurrent Workers: 3
 Concurrent Refinement Workers: 10
 Periodic GC: Disabled

Heap:
 garbage-first heap   total 71680K, used 32338K [0x0000000700000000, 0x0000000800000000)
  region size 2048K, 2 young (4096K), 1 survivors (2048K)
 Metaspace       used 33185K, capacity 33756K, committed 33920K, reserved 1079296K
  class space    used 3694K, capacity 3888K, committed 3968K, reserved 1048576K

Heap Regions: E=young(eden), S=young(survivor), O=old, HS=humongous(starts), HC=humongous(continues), CS=collection set, F=free, OA=open archive, CA=closed archive, TAMS=top-at-mark-start (previous, next)
|   0|0x0000000700000000, 0x0000000700200000, 0x0000000700200000|100%|HS|  |TAMS 0x0000000700200000, 0x0000000700000000| Complete 
|   1|0x0000000700200000, 0x0000000700400000, 0x0000000700400000|100%|HS|  |TAMS 0x0000000700400000, 0x0000000700200000| Complete 
|   2|0x0000000700400000, 0x0000000700600000, 0x0000000700600000|100%|HS|  |TAMS 0x0000000700600000, 0x0000000700400000| Complete 
|   3|0x0000000700600000, 0x0000000700800000, 0x0000000700800000|100%| O|  |TAMS 0x0000000700800000, 0x0000000700600000| Untracked 
|   4|0x0000000700800000, 0x0000000700a00000, 0x0000000700a00000|100%| O|  |TAMS 0x0000000700a00000, 0x0000000700800000| Untracked 
|   5|0x0000000700a00000, 0x0000000700bb5600, 0x0000000700c00000| 85%| O|  |TAMS 0x0000000700bb5600, 0x0000000700a00000| Untracked 
|   6|0x0000000700c00000, 0x0000000700e00000, 0x0000000700e00000|100%|HS|  |TAMS 0x0000000700e00000, 0x0000000700c00000| Complete 
|   7|0x0000000700e00000, 0x0000000701000000, 0x0000000701000000|100%|HC|  |TAMS 0x0000000701000000, 0x0000000700e00000| Complete 
|   8|0x0000000701000000, 0x0000000701200000, 0x0000000701200000|100%|HS|  |TAMS 0x0000000701200000, 0x0000000701000000| Complete 
|   9|0x0000000701200000, 0x0000000701400000, 0x0000000701400000|100%|HC|  |TAMS 0x0000000701400000, 0x0000000701200000| Complete 
|  10|0x0000000701400000, 0x0000000701400000, 0x0000000701600000|  0%| F|  |TAMS 0x0000000701400000, 0x0000000701400000| Untracked 
|  11|0x0000000701600000, 0x0000000701600000, 0x0000000701800000|  0%| F|  |TAMS 0x0000000701600000, 0x0000000701600000| Untracked 
|  12|0x0000000701800000, 0x0000000701a00000, 0x0000000701a00000|100%|HS|  |TAMS 0x0000000701a00000, 0x0000000701800000| Complete 
|  13|0x0000000701a00000, 0x0000000701c00000, 0x0000000701c00000|100%|HC|  |TAMS 0x0000000701c00000, 0x0000000701a00000| Complete 
|  14|0x0000000701c00000, 0x0000000701e00000, 0x0000000701e00000|100%| O|  |TAMS 0x0000000701e00000, 0x0000000701c00000| Untracked 
|  15|0x0000000701e00000, 0x0000000702000000, 0x0000000702000000|100%| O|  |TAMS 0x0000000702000000, 0x0000000701e00000| Untracked 
|  16|0x0000000702000000, 0x00000007021d5400, 0x0000000702200000| 91%| O|  |TAMS 0x00000007021a5000, 0x0000000702000000| Untracked 
|  17|0x0000000702200000, 0x0000000702200000, 0x0000000702400000|  0%| F|  |TAMS 0x0000000702200000, 0x0000000702200000| Untracked 
|  18|0x0000000702400000, 0x0000000702400000, 0x0000000702600000|  0%| F|  |TAMS 0x0000000702400000, 0x0000000702400000| Untracked 
|  19|0x0000000702600000, 0x0000000702600000, 0x0000000702800000|  0%| F|  |TAMS 0x0000000702600000, 0x0000000702600000| Untracked 
|  20|0x0000000702800000, 0x0000000702840070, 0x0000000702a00000| 12%| S|CS|TAMS 0x0000000702800000, 0x0000000702800000| Complete 
|  21|0x0000000702a00000, 0x0000000702a00000, 0x0000000702c00000|  0%| F|  |TAMS 0x0000000702a00000, 0x0000000702a00000| Untracked 
|  22|0x0000000702c00000, 0x0000000702c00000, 0x0000000702e00000|  0%| F|  |TAMS 0x0000000702c00000, 0x0000000702c00000| Untracked 
|  23|0x0000000702e00000, 0x0000000702e00000, 0x0000000703000000|  0%| F|  |TAMS 0x0000000702e00000, 0x0000000702e00000| Untracked 
|  24|0x0000000703000000, 0x0000000703000000, 0x0000000703200000|  0%| F|  |TAMS 0x0000000703000000, 0x0000000703000000| Untracked 
|  25|0x0000000703200000, 0x0000000703200000, 0x0000000703400000|  0%| F|  |TAMS 0x0000000703200000, 0x0000000703200000| Untracked 
|  26|0x0000000703400000, 0x0000000703400000, 0x0000000703600000|  0%| F|  |TAMS 0x0000000703400000, 0x0000000703400000| Untracked 
|  27|0x0000000703600000, 0x0000000703600000, 0x0000000703800000|  0%| F|  |TAMS 0x0000000703600000, 0x0000000703600000| Untracked 
|  28|0x0000000703800000, 0x0000000703800000, 0x0000000703a00000|  0%| F|  |TAMS 0x0000000703800000, 0x0000000703800000| Untracked 
|  29|0x0000000703a00000, 0x0000000703a00000, 0x0000000703c00000|  0%| F|  |TAMS 0x0000000703a00000, 0x0000000703a00000| Untracked 
|  30|0x0000000703c00000, 0x0000000703c00000, 0x0000000703e00000|  0%| F|  |TAMS 0x0000000703c00000, 0x0000000703c00000| Untracked 
| 109|0x000000070da00000, 0x000000070da00000, 0x000000070dc00000|  0%| F|  |TAMS 0x000000070da00000, 0x000000070da00000| Untracked 
| 127|0x000000070fe00000, 0x000000070fe3b378, 0x0000000710000000| 11%| E|  |TAMS 0x000000070fe00000, 0x000000070fe00000| Complete 
|1534|0x00000007bfc00000, 0x00000007bfd51000, 0x00000007bfe00000| 65%|OA|  |TAMS 0x00000007bfd51000, 0x00000007bfc00000| Untracked 
|1535|0x00000007bfe00000, 0x00000007bfe79000, 0x00000007c0000000| 23%|CA|  |TAMS 0x00000007bfe79000, 0x00000007bfe00000| Untracked 

Card table byte_map: [0x000000010dfbc000,0x000000010e7bc000] _byte_map_base: 0x000000010a7bc000

Marking Bits (Prev, Next): (CMBitMap*) 0x00007f825782cc50, (CMBitMap*) 0x00007f825782cc10
 Prev Bits: [0x000000012bd4f000, 0x000000012fd4f000)
 Next Bits: [0x0000000127d4f000, 0x000000012bd4f000)

Polling page: 0x000000010643c000

Metaspace:

Usage:
  Non-class:     29.17 MB capacity,    28.80 MB ( 99%) used,   303.83 KB (  1%) free+waste,    72.94 KB ( <1%) overhead. 
      Class:      3.80 MB capacity,     3.61 MB ( 95%) used,   166.97 KB (  4%) free+waste,    26.75 KB ( <1%) overhead. 
       Both:     32.96 MB capacity,    32.41 MB ( 98%) used,   470.80 KB (  1%) free+waste,    99.69 KB ( <1%) overhead. 

Virtual space:
  Non-class space:       30.00 MB reserved,      29.25 MB ( 98%) committed 
      Class space:        1.00 GB reserved,       3.88 MB ( <1%) committed 
             Both:        1.03 GB reserved,      33.12 MB (  3%) committed 

Chunk freelists:
   Non-Class:  4.00 KB
       Class:  0 bytes
        Both:  4.00 KB

MaxMetaspaceSize: 17179869184.00 GB
CompressedClassSpaceSize: 1.00 GB

CodeHeap 'non-profiled nmethods': size=120028Kb used=1914Kb max_used=1914Kb free=118114Kb
 bounds [0x0000000120818000, 0x0000000120a88000, 0x0000000127d4f000]
CodeHeap 'profiled nmethods': size=120028Kb used=7355Kb max_used=7355Kb free=112673Kb
 bounds [0x00000001192e1000, 0x0000000119a11000, 0x0000000120818000]
CodeHeap 'non-nmethods': size=5704Kb used=1446Kb max_used=1521Kb free=4258Kb
 bounds [0x0000000118d4f000, 0x0000000118fbf000, 0x00000001192e1000]
 total_blobs=4522 nmethods=3735 adapters=700
 compilation: enabled
              stopped_count=0, restarted_count=0
 full_count=0

Compilation events (20 events):
Event: 36.807 Thread 0x00007f82578e5a00 3741       4       java.lang.ThreadLocal::get (38 bytes)
Event: 36.812 Thread 0x00007f82578e5a00 nmethod 3741 0x00000001209f1c90 code [0x00000001209f1e40, 0x00000001209f21f8]
Event: 36.812 Thread 0x00007f82578e5a00 3742       4       java.lang.Thread::interrupted (23 bytes)
Event: 36.812 Thread 0x00007f82578e5a00 nmethod 3742 0x00000001209f2590 code [0x00000001209f2700, 0x00000001209f2778]
Event: 37.796 Thread 0x00007f82578e5a00 3743       4       javax.swing.JComponent::getGraphics (33 bytes)
Event: 37.796 Thread 0x00007f82578e5a00 nmethod 3743 0x00000001209f2890 code [0x00000001209f2a20, 0x00000001209f2ac8]
Event: 37.804 Thread 0x00007f82578e5a00 3744  s    4       java.lang.Throwable::fillInStackTrace (29 bytes)
Event: 37.806 Thread 0x00007f82578e5a00 nmethod 3744 0x00000001209f2b90 code [0x00000001209f2d20, 0x00000001209f3068]
Event: 38.558 Thread 0x00007f8259015e00 3745       3       java.util.concurrent.atomic.AtomicInteger::getAndIncrement (12 bytes)
Event: 38.558 Thread 0x00007f8259015e00 nmethod 3745 0x0000000119a0f910 code [0x0000000119a0faa0, 0x0000000119a0fbb0]
Event: 38.943 Thread 0x00007f82578e5a00 3746       4       java.lang.Integer::getChars (131 bytes)
Event: 38.947 Thread 0x00007f82578e5a00 nmethod 3746 0x00000001209f3190 code [0x00000001209f3320, 0x00000001209f3718]
Event: 39.054 Thread 0x00007f82578e5a00 3747       4       java.lang.Throwable::<init> (34 bytes)
Event: 39.058 Thread 0x00007f82578e5a00 nmethod 3747 0x00000001209f3910 code [0x00000001209f3aa0, 0x00000001209f4248]
Event: 39.306 Thread 0x00007f82578e5a00 3748       4       java.lang.ReflectiveOperationException::<init> (6 bytes)
Event: 39.310 Thread 0x00007f82578e5a00 nmethod 3748 0x00000001209f4390 code [0x00000001209f4520, 0x00000001209f4c88]
Event: 39.802 Thread 0x00007f82578e5a00 3749       4       java.util.Properties::getProperty (16 bytes)
Event: 39.809 Thread 0x00007f82578e5a00 nmethod 3749 0x00000001209f4d90 code [0x00000001209f4f40, 0x00000001209f5778]
Event: 39.861 Thread 0x00007f82578e5a00 3750   !   4       java.lang.ref.Finalizer::runFinalizer (117 bytes)
Event: 39.866 Thread 0x00007f82578e5a00 nmethod 3750 0x00000001209f5d10 code [0x00000001209f5ea0, 0x00000001209f6658]

GC Heap History (20 events):
Event: 26.932 GC heap before
{Heap before GC invocations=19 (full 0):
 garbage-first heap   total 71680K, used 56774K [0x0000000700000000, 0x0000000800000000)
  region size 2048K, 13 young (26624K), 1 survivors (2048K)
 Metaspace       used 33124K, capacity 33692K, committed 33920K, reserved 1079296K
  class space    used 3694K, capacity 3888K, committed 3968K, reserved 1048576K
}
Event: 26.933 GC heap after
{Heap after GC invocations=20 (full 0):
 garbage-first heap   total 71680K, used 32200K [0x0000000700000000, 0x0000000800000000)
  region size 2048K, 1 young (2048K), 1 survivors (2048K)
 Metaspace       used 33124K, capacity 33692K, committed 33920K, reserved 1079296K
  class space    used 3694K, capacity 3888K, committed 3968K, reserved 1048576K
}
Event: 28.133 GC heap before
{Heap before GC invocations=20 (full 0):
 garbage-first heap   total 71680K, used 56776K [0x0000000700000000, 0x0000000800000000)
  region size 2048K, 13 young (26624K), 1 survivors (2048K)
 Metaspace       used 33129K, capacity 33692K, committed 33920K, reserved 1079296K
  class space    used 3694K, capacity 3888K, committed 3968K, reserved 1048576K
}
Event: 28.135 GC heap after
{Heap after GC invocations=21 (full 0):
 garbage-first heap   total 71680K, used 32205K [0x0000000700000000, 0x0000000800000000)
  region size 2048K, 1 young (2048K), 1 survivors (2048K)
 Metaspace       used 33129K, capacity 33692K, committed 33920K, reserved 1079296K
  class space    used 3694K, capacity 3888K, committed 3968K, reserved 1048576K
}
Event: 29.373 GC heap before
{Heap before GC invocations=22 (full 0):
 garbage-first heap   total 71680K, used 56781K [0x0000000700000000, 0x0000000800000000)
  region size 2048K, 13 young (26624K), 1 survivors (2048K)
 Metaspace       used 33133K, capacity 33692K, committed 33920K, reserved 1079296K
  class space    used 3694K, capacity 3888K, committed 3968K, reserved 1048576K
}
Event: 29.374 GC heap after
{Heap after GC invocations=23 (full 0):
 garbage-first heap   total 71680K, used 32197K [0x0000000700000000, 0x0000000800000000)
  region size 2048K, 1 young (2048K), 1 survivors (2048K)
 Metaspace       used 33133K, capacity 33692K, committed 33920K, reserved 1079296K
  class space    used 3694K, capacity 3888K, committed 3968K, reserved 1048576K
}
Event: 30.637 GC heap before
{Heap before GC invocations=23 (full 0):
 garbage-first heap   total 71680K, used 56773K [0x0000000700000000, 0x0000000800000000)
  region size 2048K, 13 young (26624K), 1 survivors (2048K)
 Metaspace       used 33137K, capacity 33692K, committed 33920K, reserved 1079296K
  class space    used 3694K, capacity 3888K, committed 3968K, reserved 1048576K
}
Event: 30.638 GC heap after
{Heap after GC invocations=24 (full 0):
 garbage-first heap   total 71680K, used 32206K [0x0000000700000000, 0x0000000800000000)
  region size 2048K, 1 young (2048K), 1 survivors (2048K)
 Metaspace       used 33137K, capacity 33692K, committed 33920K, reserved 1079296K
  class space    used 3694K, capacity 3888K, committed 3968K, reserved 1048576K
}
Event: 31.805 GC heap before
{Heap before GC invocations=25 (full 0):
 garbage-first heap   total 71680K, used 56782K [0x0000000700000000, 0x0000000800000000)
  region size 2048K, 13 young (26624K), 1 survivors (2048K)
 Metaspace       used 33137K, capacity 33692K, committed 33920K, reserved 1079296K
  class space    used 3694K, capacity 3888K, committed 3968K, reserved 1048576K
}
Event: 31.806 GC heap after
{Heap after GC invocations=26 (full 0):
 garbage-first heap   total 71680K, used 32214K [0x0000000700000000, 0x0000000800000000)
  region size 2048K, 1 young (2048K), 1 survivors (2048K)
 Metaspace       used 33137K, capacity 33692K, committed 33920K, reserved 1079296K
  class space    used 3694K, capacity 3888K, committed 3968K, reserved 1048576K
}
Event: 33.007 GC heap before
{Heap before GC invocations=26 (full 0):
 garbage-first heap   total 71680K, used 56790K [0x0000000700000000, 0x0000000800000000)
  region size 2048K, 13 young (26624K), 1 survivors (2048K)
 Metaspace       used 33169K, capacity 33756K, committed 33920K, reserved 1079296K
  class space    used 3694K, capacity 3888K, committed 3968K, reserved 1048576K
}
Event: 33.008 GC heap after
{Heap after GC invocations=27 (full 0):
 garbage-first heap   total 71680K, used 32191K [0x0000000700000000, 0x0000000800000000)
  region size 2048K, 1 young (2048K), 1 survivors (2048K)
 Metaspace       used 33169K, capacity 33756K, committed 33920K, reserved 1079296K
  class space    used 3694K, capacity 3888K, committed 3968K, reserved 1048576K
}
Event: 34.678 GC heap before
{Heap before GC invocations=28 (full 0):
 garbage-first heap   total 71680K, used 56767K [0x0000000700000000, 0x0000000800000000)
  region size 2048K, 13 young (26624K), 1 survivors (2048K)
 Metaspace       used 33179K, capacity 33756K, committed 33920K, reserved 1079296K
  class space    used 3694K, capacity 3888K, committed 3968K, reserved 1048576K
}
Event: 34.679 GC heap after
{Heap after GC invocations=29 (full 0):
 garbage-first heap   total 71680K, used 32231K [0x0000000700000000, 0x0000000800000000)
  region size 2048K, 1 young (2048K), 1 survivors (2048K)
 Metaspace       used 33179K, capacity 33756K, committed 33920K, reserved 1079296K
  class space    used 3694K, capacity 3888K, committed 3968K, reserved 1048576K
}
Event: 36.379 GC heap before
{Heap before GC invocations=29 (full 0):
 garbage-first heap   total 71680K, used 56807K [0x0000000700000000, 0x0000000800000000)
  region size 2048K, 13 young (26624K), 1 survivors (2048K)
 Metaspace       used 33181K, capacity 33756K, committed 33920K, reserved 1079296K
  class space    used 3694K, capacity 3888K, committed 3968K, reserved 1048576K
}
Event: 36.381 GC heap after
{Heap after GC invocations=30 (full 0):
 garbage-first heap   total 71680K, used 32332K [0x0000000700000000, 0x0000000800000000)
  region size 2048K, 1 young (2048K), 1 survivors (2048K)
 Metaspace       used 33181K, capacity 33756K, committed 33920K, reserved 1079296K
  class space    used 3694K, capacity 3888K, committed 3968K, reserved 1048576K
}
Event: 38.146 GC heap before
{Heap before GC invocations=31 (full 0):
 garbage-first heap   total 71680K, used 56908K [0x0000000700000000, 0x0000000800000000)
  region size 2048K, 14 young (28672K), 1 survivors (2048K)
 Metaspace       used 33183K, capacity 33756K, committed 33920K, reserved 1079296K
  class space    used 3694K, capacity 3888K, committed 3968K, reserved 1048576K
}
Event: 38.147 GC heap after
{Heap after GC invocations=32 (full 0):
 garbage-first heap   total 71680K, used 32338K [0x0000000700000000, 0x0000000800000000)
  region size 2048K, 1 young (2048K), 1 survivors (2048K)
 Metaspace       used 33183K, capacity 33756K, committed 33920K, reserved 1079296K
  class space    used 3694K, capacity 3888K, committed 3968K, reserved 1048576K
}
Event: 39.859 GC heap before
{Heap before GC invocations=32 (full 0):
 garbage-first heap   total 71680K, used 56914K [0x0000000700000000, 0x0000000800000000)
  region size 2048K, 13 young (26624K), 1 survivors (2048K)
 Metaspace       used 33183K, capacity 33756K, committed 33920K, reserved 1079296K
  class space    used 3694K, capacity 3888K, committed 3968K, reserved 1048576K
}
Event: 39.861 GC heap after
{Heap after GC invocations=33 (full 0):
 garbage-first heap   total 71680K, used 32338K [0x0000000700000000, 0x0000000800000000)
  region size 2048K, 1 young (2048K), 1 survivors (2048K)
 Metaspace       used 33183K, capacity 33756K, committed 33920K, reserved 1079296K
  class space    used 3694K, capacity 3888K, committed 3968K, reserved 1048576K
}

Deoptimization events (20 events):
Event: 14.821 Thread 0x00007f8259094600 DEOPT PACKING pc=0x000000012082baa4 sp=0x000070000e8392e0
Event: 14.821 Thread 0x00007f8259094600 DEOPT UNPACKING pc=0x0000000118d9d125 sp=0x000070000e839298 mode 2
Event: 17.302 Thread 0x00007f8259094600 Uncommon trap: trap_request=0xffffffde fr.pc=0x000000012082baa4 relative=0x00000000000001a4
Event: 17.302 Thread 0x00007f8259094600 Uncommon trap: reason=class_check action=maybe_recompile pc=0x000000012082baa4 method=java.lang.String.equals(Ljava/lang/Object;)Z @ 8 c2
Event: 17.302 Thread 0x00007f8259094600 DEOPT PACKING pc=0x000000012082baa4 sp=0x000070000e8392d0
Event: 17.302 Thread 0x00007f8259094600 DEOPT UNPACKING pc=0x0000000118d9d125 sp=0x000070000e839288 mode 2
Event: 17.302 Thread 0x00007f8259094600 Uncommon trap: trap_request=0xffffffde fr.pc=0x000000012082baa4 relative=0x00000000000001a4
Event: 17.302 Thread 0x00007f8259094600 Uncommon trap: reason=class_check action=maybe_recompile pc=0x000000012082baa4 method=java.lang.String.equals(Ljava/lang/Object;)Z @ 8 c2
Event: 17.302 Thread 0x00007f8259094600 DEOPT PACKING pc=0x000000012082baa4 sp=0x000070000e839310
Event: 17.302 Thread 0x00007f8259094600 DEOPT UNPACKING pc=0x0000000118d9d125 sp=0x000070000e8392c8 mode 2
Event: 19.804 Thread 0x00007f824a1cc400 Uncommon trap: trap_request=0xfffffff4 fr.pc=0x00000001209cbcd4 relative=0x0000000000000af4
Event: 19.804 Thread 0x00007f824a1cc400 Uncommon trap: reason=null_check action=make_not_entrant pc=0x00000001209cbcd4 method=com.sun.jna.Native.getNativeSize(Ljava/lang/Class;Ljava/lang/Object;)I @ 64 c2
Event: 19.804 Thread 0x00007f824a1cc400 DEOPT PACKING pc=0x00000001209cbcd4 sp=0x000070000f1d7a40
Event: 19.804 Thread 0x00007f824a1cc400 DEOPT UNPACKING pc=0x0000000118d9d125 sp=0x000070000f1d79f8 mode 2
Event: 20.304 Thread 0x00007f824a887a00 Uncommon trap: trap_request=0xfffffff4 fr.pc=0x00000001209cdb48 relative=0x0000000000000d68
Event: 20.304 Thread 0x00007f824a887a00 Uncommon trap: reason=null_check action=make_not_entrant pc=0x00000001209cdb48 method=com.sun.jna.Native.getNativeSize(Ljava/lang/Class;)I @ 4 c2
Event: 20.304 Thread 0x00007f824a887a00 DEOPT PACKING pc=0x00000001209cdb48 sp=0x000070000f1d7ab0
Event: 20.304 Thread 0x00007f824a887a00 DEOPT UNPACKING pc=0x0000000118d9d125 sp=0x000070000f1d7a08 mode 2
Event: 22.647 Thread 0x00007f8259094600 DEOPT PACKING pc=0x00000001198be9ae sp=0x000070000e83a460
Event: 22.647 Thread 0x00007f8259094600 DEOPT UNPACKING pc=0x0000000118d9cf2b sp=0x000070000e839910 mode 0

Classes unloaded (0 events):
No events

Classes redefined (0 events):
No events

Internal exceptions (20 events):
Event: 7.596 Thread 0x00007f8259094600 Implicit null exception at 0x00000001208cbba0 to 0x00000001208d56e8
Event: 7.737 Thread 0x00007f8259094600 Exception <a 'java/lang/NoClassDefFoundError'{0x0000000703bcd468}: jakarta/validation/Validation> (0x0000000703bcd468) 
thrown [./open/src/hotspot/share/classfile/systemDictionary.cpp, line 284]
Event: 7.743 Thread 0x00007f8259094600 Exception <a 'java/lang/NoSuchMethodError'{0x0000000703800a40}: 'void java.lang.invoke.DirectMethodHandle$Holder.invokeStaticInit(java.lang.Object, java.lang.Object)'> (0x0000000703800a40) 
thrown [./open/src/hotspot/share/interpreter/linkResolver.cpp, line 782]
Event: 8.215 Thread 0x00007f8259094600 Exception <a 'java/lang/NoSuchMethodError'{0x0000000701f72940}: 'org.slf4j.impl.StaticLoggerBinder org.slf4j.impl.StaticLoggerBinder.getSingleton()'> (0x0000000701f72940) 
thrown [./open/src/hotspot/share/interpreter/linkResolver.cpp, line 782]
Event: 8.216 Thread 0x00007f8259094600 Exception <a 'java/lang/NoSuchFieldError'{0x0000000701f74868}: REQUESTED_API_VERSION> (0x0000000701f74868) 
thrown [./open/src/hotspot/share/interpreter/linkResolver.cpp, line 990]
Event: 8.322 Thread 0x00007f8259094600 Exception <a 'java/lang/UnsatisfiedLinkError'{0x000000070187fcb8}: dlopen(libX11.dylib, 9): image not found> (0x000000070187fcb8) 
thrown [./open/src/hotspot/share/prims/jni.cpp, line 599]
Event: 8.322 Thread 0x00007f8259094600 Exception <a 'java/lang/UnsatisfiedLinkError'{0x0000000701880e78}: dlopen(libX11.dylib, 9): image not found> (0x0000000701880e78) 
thrown [./open/src/hotspot/share/prims/jni.cpp, line 599]
Event: 8.323 Thread 0x00007f8259094600 Exception <a 'java/lang/UnsatisfiedLinkError'{0x0000000701892908}> (0x0000000701892908) 
thrown [./open/src/hotspot/share/oops/instanceKlass.cpp, line 1195]
Event: 8.419 Thread 0x00007f8259094600 Exception <a 'java/lang/NoSuchMethodError'{0x000000070ff08ce8}: 'java.lang.Object java.lang.invoke.DirectMethodHandle$Holder.invokeSpecial(java.lang.Object, java.lang.Object, long, java.lang.Object, int, int, int, int, java.lang.Object, java.lang.Object, java.lang.Object)'> (0x000000070ff08ce8) 
thrown [./open/src/hotspot/share/interpreter/linkResolver.cpp, line 782]
Event: 8.419 Thread 0x00007f8259094600 Exception <a 'java/lang/NoSuchMethodError'{0x000000070ff0d990}: 'java.lang.Object java.lang.invoke.DelegatingMethodHandle$Holder.reinvoke_L(java.lang.Object, long, java.lang.Object, int, int, int, int, java.lang.Object, java.lang.Object, java.lang.Object)'> (0x000000070ff0d990) 
thrown [./open/src/hotspot/share/interpreter/linkResolver.cpp, line 782]
Event: 8.424 Thread 0x00007f8259094600 Exception <a 'java/lang/NoSuchMethodError'{0x000000070fff2bf0}: 'java.lang.Object java.lang.invoke.DirectMethodHandle$Holder.invokeSpecial(java.lang.Object, java.lang.Object, long, java.lang.Object, java.lang.Object, java.lang.Object, java.lang.Object, int, java.lang.Object, java.lang.Object, java.lang.Object)'> (0x000000070fff2bf0) 
thrown [./open/src/hotspot/share/interpreter/linkResolver.cpp, line 782]
Event: 8.424 Thread 0x00007f8259094600 Exception <a 'java/lang/NoSuchMethodError'{0x000000070fff7bf8}: 'java.lang.Object java.lang.invoke.DelegatingMethodHandle$Holder.reinvoke_L(java.lang.Object, long, java.lang.Object, java.lang.Object, java.lang.Object, java.lang.Object, int, java.lang.Object, java.lang.Object, java.lang.Object)'> (0x000000070fff7bf8) 
thrown [./open/src/hotspot/share/interpreter/linkResolver.cpp, line 782]
Event: 8.434 Thread 0x00007f8259094600 Exception <a 'java/lang/NoSuchMethodError'{0x0000000703de3908}: 'java.lang.Object java.lang.invoke.DelegatingMethodHandle$Holder.reinvoke_L(java.lang.Object, java.lang.Object, long, java.lang.Object, java.lang.Object, java.lang.Object, java.lang.Object, java.lang.Object, java.lang.Object, java.lang.Object, java.lang.Object, java.lang.Object, java.lang.Object, java.lang.Object, java.lang.Object, java.lang.Object)'> (0x0000000703de3908) 
thrown [./open/src/hotspot/share/interpreter/linkResolver.cpp, line 782
Event: 8.437 Thread 0x00007f8259094600 Exception <a 'java/lang/NoSuchMethodError'{0x0000000703a5a688}: 'java.lang.Object java.lang.invoke.DirectMethodHandle$Holder.invokeSpecial(java.lang.Object, java.lang.Object, long, java.lang.Object, java.lang.Object, java.lang.Object, java.lang.Object, java.lang.Object, java.lang.Object, java.lang.Object, java.lang.Object, java.lang.Object, java.lang.Object, java.lang.Object, java.lang.Object, java.lang.Object)'> (0x0000000703a5a688) 
thrown [./open/src/hotspot/share/interpreter/linkResolver.cpp, line 782]
Event: 8.438 Thread 0x00007f8259094600 Exception <a 'java/lang/NoSuchMethodError'{0x0000000703a5f8c8}: 'java.lang.Object java.lang.invoke.DelegatingMethodHandle$Holder.reinvoke_L(java.lang.Object, long, java.lang.Object, java.lang.Object, java.lang.Object, java.lang.Object, java.lang.Object, java.lang.Object, java.lang.Object, java.lang.Object, java.lang.Object, java.lang.Object, java.lang.Object, java.lang.Object, java.lang.Object)'> (0x0000000703a5f8c8) 
thrown [./open/src/hotspot/share/interpreter/linkResolver.cpp, line 782]
Event: 8.439 Thread 0x00007f8259094600 Exception <a 'java/lang/NoSuchMethodError'{0x0000000703a79dd0}: 'java.lang.Object java.lang.invoke.DirectMethodHandle$Holder.invokeSpecial(java.lang.Object, java.lang.Object, java.lang.Object, java.lang.Object, java.lang.Object, java.lang.Object, java.lang.Object, java.lang.Object, java.lang.Object, java.lang.Object, java.lang.Object, java.lang.Object, java.lang.Object, java.lang.Object, java.lang.Object)'> (0x0000000703a79dd0) 
thrown [./open/src/hotspot/share/interpreter/linkResolver.cpp, line 782]
Event: 8.439 Thread 0x00007f8259094600 Exception <a 'java/lang/NoSuchMethodError'{0x0000000703a7f518}: 'java.lang.Object java.lang.invoke.Invokers$Holder.linkToTargetMethod(java.lang.Object, java.lang.Object, java.lang.Object, java.lang.Object, java.lang.Object, java.lang.Object, java.lang.Object, java.lang.Object, java.lang.Object, java.lang.Object, java.lang.Object, java.lang.Object, java.lang.Object, java.lang.Object)'> (0x0000000703a7f518) 
thrown [./open/src/hotspot/share/interpreter/linkResolver.cpp, line 782]
Event: 8.690 Thread 0x00007f825b454c00 Implicit null exception at 0x0000000120989a80 to 0x0000000120989dfc
Event: 19.804 Thread 0x00007f824a1cc400 Implicit null exception at 0x00000001209cb1f5 to 0x00000001209cbcc0
Event: 20.304 Thread 0x00007f824a887a00 Implicit null exception at 0x00000001209cce00 to 0x00000001209cdb38

Events (20 events):
Event: 39.849 Protecting memory [0x000070000f871000,0x000070000f875000] with protection modes 0
Event: 39.849 Thread 0x00007f8247808800 Thread added: 0x00007f8247808800
Event: 39.859 Protecting memory [0x000070000f871000,0x000070000f875000] with protection modes 3
Event: 39.859 Thread 0x00007f8247808800 Thread exited: 0x00007f8247808800
Event: 39.859 Executing VM operation: G1CollectForAllocation
Event: 39.861 Executing VM operation: G1CollectForAllocation done
Event: 39.861 Executing VM operation: HandshakeAllThreads
Event: 39.861 Executing VM operation: HandshakeAllThreads done
Event: 39.865 Executing VM operation: G1Concurrent
Event: 39.866 Executing VM operation: G1Concurrent done
Event: 39.866 Executing VM operation: HandshakeAllThreads
Event: 39.866 Executing VM operation: HandshakeAllThreads done
Event: 39.866 Protecting memory [0x000070000ef53000,0x000070000ef57000] with protection modes 3
Event: 39.866 Thread 0x00007f82583f3e00 Thread exited: 0x00007f82583f3e00
Event: 39.869 Executing VM operation: G1Concurrent
Event: 39.869 Executing VM operation: G1Concurrent done
Event: 39.877 Protecting memory [0x000070000f871000,0x000070000f875000] with protection modes 0
Event: 39.877 Thread 0x00007f824b056a00 Thread added: 0x00007f824b056a00
Event: 39.877 Protecting memory [0x000070000f871000,0x000070000f875000] with protection modes 3
Event: 39.877 Thread 0x00007f824b056a00 Thread exited: 0x00007f824b056a00


Dynamic libraries:
0x00007fff2a67d000 	/usr/lib/libz.1.dylib
0x00000001063fb000 	/Library/Java/JavaVirtualMachines/jdk-15.0.2.jdk/Contents/Home/lib/libjli.dylib
0x00007fff3508b000 	/System/Library/Frameworks/Cocoa.framework/Versions/A/Cocoa
0x00007fff22400000 	/System/Library/Frameworks/Security.framework/Versions/A/Security
0x00007fff33298000 	/System/Library/Frameworks/ApplicationServices.framework/Versions/A/ApplicationServices
0x00007fff2a745000 	/usr/lib/libSystem.B.dylib
0x00007fff2a73f000 	/usr/lib/system/libcache.dylib
0x00007fff2a6fb000 	/usr/lib/system/libcommonCrypto.dylib
0x00007fff2a725000 	/usr/lib/system/libcompiler_rt.dylib
0x00007fff2a71a000 	/usr/lib/system/libcopyfile.dylib
0x00007fff202fc000 	/usr/lib/system/libcorecrypto.dylib
0x00007fff203c7000 	/usr/lib/system/libdispatch.dylib
0x00007fff2057a000 	/usr/lib/system/libdyld.dylib
0x00007fff2a736000 	/usr/lib/system/libkeymgr.dylib
0x00007fff2db4c000 	/usr/lib/system/liblaunch.dylib
0x00007fff2a6d9000 	/usr/lib/system/libmacho.dylib
0x00007fff29ed1000 	/usr/lib/system/libquarantine.dylib
0x00007fff2a733000 	/usr/lib/system/libremovefile.dylib
0x00007fff24dd6000 	/usr/lib/system/libsystem_asl.dylib
0x00007fff202ac000 	/usr/lib/system/libsystem_blocks.dylib
0x00007fff20449000 	/usr/lib/system/libsystem_c.dylib
0x00007fff2a72d000 	/usr/lib/system/libsystem_collections.dylib
0x00007fff291d7000 	/usr/lib/system/libsystem_configuration.dylib
0x00007fff284bf000 	/usr/lib/system/libsystem_containermanager.dylib
0x00007fff2a47c000 	/usr/lib/system/libsystem_coreservices.dylib
0x00007fff229b5000 	/usr/lib/system/libsystem_darwin.dylib
0x00007fff2a737000 	/usr/lib/system/libsystem_dnssd.dylib
0x00007fff20446000 	/usr/lib/system/libsystem_featureflags.dylib
0x00007fff205c0000 	/usr/lib/system/libsystem_info.dylib
0x00007fff2a690000 	/usr/lib/system/libsystem_m.dylib
0x00007fff2039a000 	/usr/lib/system/libsystem_malloc.dylib
0x00007fff24d69000 	/usr/lib/system/libsystem_networkextension.dylib
0x00007fff22dd4000 	/usr/lib/system/libsystem_notify.dylib
0x00007fff2ffdb000 	/usr/lib/system/libsystem_product_info_filter.dylib
0x00007fff291db000 	/usr/lib/system/libsystem_sandbox.dylib
0x00007fff2a730000 	/usr/lib/system/libsystem_secinit.dylib
0x00007fff2053e000 	/usr/lib/system/libsystem_kernel.dylib
0x00007fff205b6000 	/usr/lib/system/libsystem_platform.dylib
0x00007fff2056e000 	/usr/lib/system/libsystem_pthread.dylib
0x00007fff264b1000 	/usr/lib/system/libsystem_symptoms.dylib
0x00007fff202e4000 	/usr/lib/system/libsystem_trace.dylib
0x00007fff2a707000 	/usr/lib/system/libunwind.dylib
0x00007fff202ae000 	/usr/lib/system/libxpc.dylib
0x00007fff20528000 	/usr/lib/libc++abi.dylib
0x00007fff2040c000 	/usr/lib/libobjc.A.dylib
0x00007fff2a712000 	/usr/lib/liboah.dylib
0x00007fff204d2000 	/usr/lib/libc++.1.dylib
0x00007fff205ec000 	/System/Library/Frameworks/CoreFoundation.framework/Versions/A/CoreFoundation
0x00007fff21399000 	/System/Library/Frameworks/Foundation.framework/Versions/C/Foundation
0x00007fff22e2e000 	/System/Library/Frameworks/AppKit.framework/Versions/C/AppKit
0x00007fff25ced000 	/System/Library/Frameworks/CoreData.framework/Versions/A/CoreData
0x00007fff23b77000 	/System/Library/PrivateFrameworks/UIFoundation.framework/Versions/A/UIFoundation
0x00007fff2fd6e000 	/System/Library/PrivateFrameworks/RemoteViewServices.framework/Versions/A/RemoteViewServices
0x00007fff28b89000 	/System/Library/PrivateFrameworks/XCTTargetBootstrap.framework/Versions/A/XCTTargetBootstrap
0x00007fff2b86e000 	/usr/lib/libspindump.dylib
0x00007fff23dc6000 	/System/Library/Frameworks/UniformTypeIdentifiers.framework/Versions/A/UniformTypeIdentifiers
0x00007fff27389000 	/usr/lib/libapp_launch_measurement.dylib
0x00007fff2738c000 	/System/Library/PrivateFrameworks/CoreAutoLayout.framework/Versions/A/CoreAutoLayout
0x00007fff284ec000 	/System/Library/Frameworks/Metal.framework/Versions/A/Metal
0x00007fff291e6000 	/usr/lib/liblangid.dylib
0x00007fff28b8d000 	/System/Library/PrivateFrameworks/CoreSVG.framework/Versions/A/CoreSVG
0x00007fff24e05000 	/System/Library/PrivateFrameworks/SkyLight.framework/Versions/A/SkyLight
0x00007fff2516a000 	/System/Library/Frameworks/CoreGraphics.framework/Versions/A/CoreGraphics
0x00007fff30295000 	/System/Library/Frameworks/Accelerate.framework/Versions/A/Accelerate
0x00007fff2b2ac000 	/System/Library/PrivateFrameworks/IconServices.framework/Versions/A/IconServices
0x00007fff284d0000 	/System/Library/Frameworks/IOSurface.framework/Versions/A/IOSurface
0x00007fff26675000 	/usr/lib/libDiagnosticMessagesClient.dylib
0x00007fff28b75000 	/System/Library/PrivateFrameworks/DFRFoundation.framework/Versions/A/DFRFoundation
0x00007fff22755000 	/usr/lib/libicucore.A.dylib
0x00007fff2cdb5000 	/System/Library/Frameworks/AudioToolbox.framework/Versions/A/AudioToolbox
0x00007fff2c03f000 	/System/Library/PrivateFrameworks/DataDetectorsCore.framework/Versions/A/DataDetectorsCore
0x00007fff24d79000 	/usr/lib/libMobileGestalt.dylib
0x00007fff28879000 	/System/Library/Frameworks/Carbon.framework/Versions/A/Frameworks/HIToolbox.framework/Versions/A/HIToolbox
0x00007fff26dcf000 	/System/Library/Frameworks/QuartzCore.framework/Versions/A/QuartzCore
0x00007fff2fda6000 	/System/Library/Frameworks/Carbon.framework/Versions/A/Frameworks/SpeechRecognition.framework/Versions/A/SpeechRecognition
0x00007fff270ee000 	/System/Library/PrivateFrameworks/CoreUI.framework/Versions/A/CoreUI
0x00007fff21d6f000 	/System/Library/Frameworks/CoreAudio.framework/Versions/A/CoreAudio
0x00007fff26760000 	/System/Library/Frameworks/DiskArbitration.framework/Versions/A/DiskArbitration
0x00007fff2bc3c000 	/System/Library/PrivateFrameworks/MultitouchSupport.framework/Versions/A/MultitouchSupport
0x00007fff2c036000 	/System/Library/PrivateFrameworks/InternationalSupport.framework/Versions/A/InternationalSupport
0x00007fff24d78000 	/usr/lib/libenergytrace.dylib
0x00007fff22d25000 	/System/Library/Frameworks/IOKit.framework/Versions/A/IOKit
0x00007fff300d9000 	/System/Library/Frameworks/CoreServices.framework/Versions/A/CoreServices
0x00007fff2731b000 	/System/Library/PrivateFrameworks/PerformanceAnalysis.framework/Versions/A/PerformanceAnalysis
0x00007fff6bb8d000 	/System/Library/Frameworks/OpenGL.framework/Versions/A/OpenGL
0x00007fff2c0ba000 	/System/Library/PrivateFrameworks/UserActivity.framework/Versions/A/UserActivity
0x00007fff257f4000 	/System/Library/Frameworks/ColorSync.framework/Versions/A/ColorSync
0x00007fff28df4000 	/System/Library/Frameworks/CoreImage.framework/Versions/A/CoreImage
0x00007fff21b89000 	/System/Library/Frameworks/CoreText.framework/Versions/A/CoreText
0x00007fff28bb7000 	/System/Library/Frameworks/ImageIO.framework/Versions/A/ImageIO
0x00007fff2a74b000 	/System/Library/PrivateFrameworks/SoftLinking.framework/Versions/A/SoftLinking
0x00007fff273d4000 	/usr/lib/libxml2.2.dylib
0x00007fff2a9bc000 	/usr/lib/libcompression.dylib
0x00007fff2bf68000 	/System/Library/PrivateFrameworks/TextureIO.framework/Versions/A/TextureIO
0x00007fff2afeb000 	/usr/lib/libate.dylib
0x00007fff2add0000 	/usr/lib/liblzma.5.dylib
0x00007fff210ad000 	/System/Library/Frameworks/SystemConfiguration.framework/Versions/A/SystemConfiguration
0x00007fff2a747000 	/usr/lib/libfakelink.dylib
0x00007fff248ca000 	/System/Library/Frameworks/CFNetwork.framework/Versions/A/CFNetwork
0x00007fff2a887000 	/usr/lib/libarchive.2.dylib
0x00007fff2112b000 	/usr/lib/libCRFSuite.dylib
0x00007fff29ef8000 	/usr/lib/libbsm.0.dylib
0x00007fff24243000 	/usr/lib/libnetwork.dylib
0x00007fff2a74c000 	/usr/lib/libpcap.A.dylib
0x00007fff264aa000 	/usr/lib/libdns_services.dylib
0x00007fff2ade9000 	/usr/lib/libcoretls_cfhelpers.dylib
0x00007fff2a986000 	/usr/lib/libapple_nghttp2.dylib
0x00007fff2a6df000 	/usr/lib/system/libkxld.dylib
0x00007fff26123000 	/usr/lib/libsqlite3.dylib
0x00007fff2a45f000 	/System/Library/PrivateFrameworks/AppleFSCompression.framework/Versions/A/AppleFSCompression
0x00007fff29ee0000 	/usr/lib/libcoretls.dylib
0x00007fff2a9b7000 	/usr/lib/libpam.2.dylib
0x00007fff2aee7000 	/usr/lib/libxar.1.dylib
0x00007fff291e2000 	/System/Library/PrivateFrameworks/AppleSystemInfo.framework/Versions/A/AppleSystemInfo
0x00007fff29b22000 	/System/Library/PrivateFrameworks/IOMobileFramebuffer.framework/Versions/A/IOMobileFramebuffer
0x00007fff2a46f000 	/usr/lib/libbz2.1.0.dylib
0x00007fff2a784000 	/usr/lib/libiconv.2.dylib
0x00007fff2a6d8000 	/usr/lib/libcharset.1.dylib
0x00007fff27357000 	/System/Library/Frameworks/CoreServices.framework/Versions/A/Frameworks/FSEvents.framework/Versions/A/FSEvents
0x00007fff229bf000 	/System/Library/Frameworks/CoreServices.framework/Versions/A/Frameworks/CarbonCore.framework/Versions/A/CarbonCore
0x00007fff266c5000 	/System/Library/Frameworks/CoreServices.framework/Versions/A/Frameworks/Metadata.framework/Versions/A/Metadata
0x00007fff2a481000 	/System/Library/Frameworks/CoreServices.framework/Versions/A/Frameworks/OSServices.framework/Versions/A/OSServices
0x00007fff2a8f9000 	/System/Library/Frameworks/CoreServices.framework/Versions/A/Frameworks/SearchKit.framework/Versions/A/SearchKit
0x00007fff26435000 	/System/Library/Frameworks/CoreServices.framework/Versions/A/Frameworks/AE.framework/Versions/A/AE
0x00007fff20a8a000 	/System/Library/Frameworks/CoreServices.framework/Versions/A/Frameworks/LaunchServices.framework/Versions/A/LaunchServices
0x00007fff2ad80000 	/System/Library/Frameworks/CoreServices.framework/Versions/A/Frameworks/DictionaryServices.framework/Versions/A/DictionaryServices
0x00007fff27364000 	/System/Library/Frameworks/CoreServices.framework/Versions/A/Frameworks/SharedFileList.framework/Versions/A/SharedFileList
0x00007fff29ed4000 	/usr/lib/libCheckFix.dylib
0x00007fff24ded000 	/System/Library/PrivateFrameworks/TCC.framework/Versions/A/TCC
0x00007fff291e8000 	/System/Library/PrivateFrameworks/CoreNLP.framework/Versions/A/CoreNLP
0x00007fff26678000 	/System/Library/PrivateFrameworks/MetadataUtilities.framework/Versions/A/MetadataUtilities
0x00007fff21160000 	/usr/lib/libmecabra.dylib
0x00007fff2a1de000 	/System/Library/Frameworks/MLCompute.framework/Versions/A/MLCompute
0x00007fff29f09000 	/usr/lib/libmecab.dylib
0x00007fff29f53000 	/usr/lib/libgermantok.dylib
0x00007fff2a961000 	/usr/lib/libThaiTokenizer.dylib
0x00007fff2af22000 	/usr/lib/libChineseTokenizer.dylib
0x00007fff2a9b5000 	/System/Library/Frameworks/MetalPerformanceShaders.framework/Versions/A/MetalPerformanceShaders
0x00007fff26767000 	/System/Library/Frameworks/Accelerate.framework/Versions/A/Frameworks/vImage.framework/Versions/A/vImage
0x00007fff300b3000 	/System/Library/Frameworks/Accelerate.framework/Versions/A/Frameworks/vecLib.framework/Versions/A/vecLib
0x00007fff2af2d000 	/System/Library/Frameworks/Accelerate.framework/Versions/A/Frameworks/vecLib.framework/Versions/A/libvMisc.dylib
0x00007fff2993d000 	/System/Library/Frameworks/Accelerate.framework/Versions/A/Frameworks/vecLib.framework/Versions/A/libvDSP.dylib
0x00007fff20d93000 	/System/Library/Frameworks/Accelerate.framework/Versions/A/Frameworks/vecLib.framework/Versions/A/libBLAS.dylib
0x00007fff2a9e2000 	/System/Library/Frameworks/Accelerate.framework/Versions/A/Frameworks/vecLib.framework/Versions/A/libLAPACK.dylib
0x00007fff29f59000 	/System/Library/Frameworks/Accelerate.framework/Versions/A/Frameworks/vecLib.framework/Versions/A/libLinearAlgebra.dylib
0x00007fff2a99e000 	/System/Library/Frameworks/Accelerate.framework/Versions/A/Frameworks/vecLib.framework/Versions/A/libSparseBLAS.dylib
0x00007fff2a9dc000 	/System/Library/Frameworks/Accelerate.framework/Versions/A/Frameworks/vecLib.framework/Versions/A/libQuadrature.dylib
0x00007fff29294000 	/System/Library/Frameworks/Accelerate.framework/Versions/A/Frameworks/vecLib.framework/Versions/A/libBNNS.dylib
0x00007fff2103e000 	/System/Library/Frameworks/Accelerate.framework/Versions/A/Frameworks/vecLib.framework/Versions/A/libSparse.dylib
0x00007fff29170000 	/System/Library/Frameworks/MetalPerformanceShaders.framework/Versions/A/Frameworks/MPSCore.framework/Versions/A/MPSCore
0x00007fff2a3ce000 	/System/Library/Frameworks/MetalPerformanceShaders.framework/Versions/A/Frameworks/MPSImage.framework/Versions/A/MPSImage
0x00007fff29f6f000 	/System/Library/Frameworks/MetalPerformanceShaders.framework/Versions/A/Frameworks/MPSNeuralNetwork.framework/Versions/A/MPSNeuralNetwork
0x00007fff2a340000 	/System/Library/Frameworks/MetalPerformanceShaders.framework/Versions/A/Frameworks/MPSMatrix.framework/Versions/A/MPSMatrix
0x00007fff2a18e000 	/System/Library/Frameworks/MetalPerformanceShaders.framework/Versions/A/Frameworks/MPSRayIntersector.framework/Versions/A/MPSRayIntersector
0x00007fff2a377000 	/System/Library/Frameworks/MetalPerformanceShaders.framework/Versions/A/Frameworks/MPSNDArray.framework/Versions/A/MPSNDArray
0x00007fff20cbf000 	/System/Library/PrivateFrameworks/MetalTools.framework/Versions/A/MetalTools
0x00007fff291e0000 	/System/Library/PrivateFrameworks/AggregateDictionary.framework/Versions/A/AggregateDictionary
0x00007fff26645000 	/System/Library/PrivateFrameworks/CoreAnalytics.framework/Versions/A/CoreAnalytics
0x00007fff2a963000 	/System/Library/PrivateFrameworks/AppleSauce.framework/Versions/A/AppleSauce
0x00007fff284e2000 	/System/Library/PrivateFrameworks/IOAccelerator.framework/Versions/A/IOAccelerator
0x00007fff6bb81000 	/System/Library/Frameworks/OpenGL.framework/Versions/A/Libraries/libCoreFSCache.dylib
0x00007fff216f8000 	/System/Library/PrivateFrameworks/LanguageModeling.framework/Versions/A/LanguageModeling
0x00007fff29b10000 	/System/Library/PrivateFrameworks/CoreEmoji.framework/Versions/A/CoreEmoji
0x00007fff2928d000 	/System/Library/PrivateFrameworks/LinguisticData.framework/Versions/A/LinguisticData
0x00007fff20ff0000 	/System/Library/PrivateFrameworks/Lexicon.framework/Versions/A/Lexicon
0x00007fff2a875000 	/usr/lib/libcmph.dylib
0x00007fff27337000 	/System/Library/Frameworks/OpenDirectory.framework/Versions/A/Frameworks/CFOpenDirectory.framework/Versions/A/CFOpenDirectory
0x00007fff27327000 	/System/Library/Frameworks/OpenDirectory.framework/Versions/A/OpenDirectory
0x00007fff2adeb000 	/System/Library/PrivateFrameworks/APFS.framework/Versions/A/APFS
0x00007fff29e36000 	/System/Library/Frameworks/SecurityFoundation.framework/Versions/A/SecurityFoundation
0x00007fff2aef5000 	/usr/lib/libutil.dylib
0x00007fff22cea000 	/System/Library/PrivateFrameworks/CoreServicesStore.framework/Versions/A/CoreServicesStore
0x00007fff29ecc000 	/System/Library/Frameworks/ServiceManagement.framework/Versions/A/ServiceManagement
0x00007fff2aef9000 	/usr/lib/libxslt.1.dylib
0x00007fff29ec2000 	/System/Library/PrivateFrameworks/BackgroundTaskManagement.framework/Versions/A/BackgroundTaskManagement
0x00007fff2beb2000 	/System/Library/Frameworks/ImageIO.framework/Versions/A/Resources/libRadiance.dylib
0x00007fff2bebc000 	/System/Library/Frameworks/ImageIO.framework/Versions/A/Resources/libJPEG.dylib
0x00007fff2be06000 	/System/Library/Frameworks/ImageIO.framework/Versions/A/Resources/libPng.dylib
0x00007fff2be2d000 	/System/Library/Frameworks/ImageIO.framework/Versions/A/Resources/libTIFF.dylib
0x00007fff2bf11000 	/System/Library/Frameworks/ImageIO.framework/Versions/A/Resources/libGIF.dylib
0x00007fff2bb58000 	/System/Library/Frameworks/ImageIO.framework/Versions/A/Resources/libJP2.dylib
0x00007fff2b274000 	/usr/lib/libexpat.1.dylib
0x00007fff2bb0e000 	/System/Library/PrivateFrameworks/AppleJPEG.framework/Versions/A/AppleJPEG
0x00007fff28718000 	/System/Library/PrivateFrameworks/FontServices.framework/libFontParser.dylib
0x00007fff263ec000 	/System/Library/PrivateFrameworks/RunningBoardServices.framework/Versions/A/RunningBoardServices
0x00007fff2bc38000 	/System/Library/PrivateFrameworks/WatchdogClient.framework/Versions/A/WatchdogClient
0x00007fff217e1000 	/System/Library/Frameworks/CoreDisplay.framework/Versions/A/CoreDisplay
0x00007fff2862d000 	/System/Library/Frameworks/CoreMedia.framework/Versions/A/CoreMedia
0x00007fff274b7000 	/System/Library/Frameworks/CoreVideo.framework/Versions/A/CoreVideo
0x00007fff2bc73000 	/System/Library/Frameworks/VideoToolbox.framework/Versions/A/VideoToolbox
0x00007fff2636c000 	/System/Library/PrivateFrameworks/BaseBoard.framework/Versions/A/BaseBoard
0x00007fff2b3b8000 	/System/Library/PrivateFrameworks/PersistentConnection.framework/Versions/A/PersistentConnection
0x00007fff2610d000 	/System/Library/PrivateFrameworks/ProtocolBuffer.framework/Versions/A/ProtocolBuffer
0x00007fff26354000 	/System/Library/PrivateFrameworks/CommonUtilities.framework/Versions/A/CommonUtilities
0x00007fff2bad1000 	/System/Library/PrivateFrameworks/Bom.framework/Versions/A/Bom
0x00007fff2beaa000 	/System/Library/PrivateFrameworks/GPUWrangler.framework/Versions/A/GPUWrangler
0x00007fff2be8d000 	/System/Library/PrivateFrameworks/IOPresentment.framework/Versions/A/IOPresentment
0x00007fff2beb6000 	/System/Library/PrivateFrameworks/DSExternalDisplay.framework/Versions/A/DSExternalDisplay
0x00007fff2bf16000 	/System/Library/PrivateFrameworks/CMCaptureCore.framework/Versions/A/CMCaptureCore
0x00007fff2b854000 	/System/Library/PrivateFrameworks/AppServerSupport.framework/Versions/A/AppServerSupport
0x00007fff2d8ef000 	/System/Library/PrivateFrameworks/perfdata.framework/Versions/A/perfdata
0x00007fff29e25000 	/System/Library/PrivateFrameworks/AssertionServices.framework/Versions/A/AssertionServices
0x00007fff21918000 	/System/Library/PrivateFrameworks/AudioToolboxCore.framework/Versions/A/AudioToolboxCore
0x00007fff28610000 	/System/Library/PrivateFrameworks/caulk.framework/Versions/A/caulk
0x00007fff3cd27000 	/System/Library/PrivateFrameworks/SystemPolicy.framework/Versions/A/SystemPolicy
0x00007fff2b083000 	/usr/lib/libIOReport.dylib
0x00007fff2d12b000 	/usr/lib/libSMC.dylib
0x00007fff2bdd2000 	/usr/lib/libAudioToolboxUtility.dylib
0x00007fff3d681000 	/usr/lib/libmis.dylib
0x00007fff6bbdd000 	/System/Library/Frameworks/OpenGL.framework/Versions/A/Libraries/libGLU.dylib
0x00007fff6bba0000 	/System/Library/Frameworks/OpenGL.framework/Versions/A/Libraries/libGFXShared.dylib
0x00007fff6bdae000 	/System/Library/Frameworks/OpenGL.framework/Versions/A/Libraries/libGL.dylib
0x00007fff6bba9000 	/System/Library/Frameworks/OpenGL.framework/Versions/A/Libraries/libGLImage.dylib
0x00007fff6bb9d000 	/System/Library/Frameworks/OpenGL.framework/Versions/A/Libraries/libCVMSPluginSupport.dylib
0x00007fff6bb88000 	/System/Library/Frameworks/OpenGL.framework/Versions/A/Libraries/libCoreVMClient.dylib
0x00007fff6d1f8000 	/System/Library/Frameworks/OpenCL.framework/Versions/A/OpenCL
0x00007fff2b3e1000 	/System/Library/PrivateFrameworks/GraphVisualizer.framework/Versions/A/GraphVisualizer
0x00007fff2b3f0000 	/System/Library/PrivateFrameworks/FaceCore.framework/Versions/A/FaceCore
0x00007fff2b80c000 	/System/Library/PrivateFrameworks/OTSVG.framework/Versions/A/OTSVG
0x00007fff270ac000 	/System/Library/Frameworks/ApplicationServices.framework/Versions/A/Frameworks/ATS.framework/Versions/A/Resources/libFontRegistry.dylib
0x00007fff2b85b000 	/System/Library/PrivateFrameworks/FontServices.framework/libhvf.dylib
0x00007fff2b220000 	/System/Library/PrivateFrameworks/AppleVA.framework/Versions/A/AppleVA
0x00007fff2cf73000 	/System/Library/Frameworks/ApplicationServices.framework/Versions/A/Frameworks/ATS.framework/Versions/A/ATS
0x00007fff2d286000 	/System/Library/Frameworks/ApplicationServices.framework/Versions/A/Frameworks/ColorSyncLegacy.framework/Versions/A/ColorSyncLegacy
0x00007fff258eb000 	/System/Library/Frameworks/ApplicationServices.framework/Versions/A/Frameworks/HIServices.framework/Versions/A/HIServices
0x00007fff2d26b000 	/System/Library/Frameworks/ApplicationServices.framework/Versions/A/Frameworks/LangAnalysis.framework/Versions/A/LangAnalysis
0x00007fff2bf20000 	/System/Library/Frameworks/ApplicationServices.framework/Versions/A/Frameworks/PrintCore.framework/Versions/A/PrintCore
0x00007fff2d28e000 	/System/Library/Frameworks/ApplicationServices.framework/Versions/A/Frameworks/QD.framework/Versions/A/QD
0x00007fff2cf63000 	/System/Library/Frameworks/ApplicationServices.framework/Versions/A/Frameworks/SpeechSynthesis.framework/Versions/A/SpeechSynthesis
0x00007fff2bee1000 	/System/Library/Frameworks/ApplicationServices.framework/Versions/A/Frameworks/ATSUI.framework/Versions/A/ATSUI
0x00007fff2d20b000 	/usr/lib/libcups.2.dylib
0x00007fff2d27b000 	/System/Library/PrivateFrameworks/NetAuth.framework/Versions/A/NetAuth
0x00007fff2d90a000 	/System/Library/Frameworks/Kerberos.framework/Versions/A/Kerberos
0x00007fff2d91a000 	/System/Library/Frameworks/GSS.framework/Versions/A/GSS
0x00007fff2cfe0000 	/usr/lib/libresolv.9.dylib
0x00007fff2b871000 	/System/Library/PrivateFrameworks/Heimdal.framework/Versions/A/Heimdal
0x00007fff335ad000 	/System/Library/Frameworks/Kerberos.framework/Versions/A/Libraries/libHeimdalProxy.dylib
0x00007fff264b9000 	/System/Library/Frameworks/Network.framework/Versions/A/Network
0x00007fff2b28d000 	/usr/lib/libheimdal-asn1.dylib
0x00007fff2d96b000 	/System/Library/PrivateFrameworks/CommonAuth.framework/Versions/A/CommonAuth
0x00007fff27505000 	/System/Library/PrivateFrameworks/login.framework/Versions/A/Frameworks/loginsupport.framework/Versions/A/loginsupport
0x00007fff2ceea000 	/System/Library/PrivateFrameworks/AudioSession.framework/Versions/A/AudioSession
0x00007fff2cf50000 	/usr/lib/libAudioStatistics.dylib
0x00007fff2b319000 	/System/Library/PrivateFrameworks/MediaExperience.framework/Versions/A/MediaExperience
0x00007fff2cd83000 	/System/Library/PrivateFrameworks/AudioSession.framework/libSessionUtility.dylib
0x00007fff2d8fb000 	/usr/lib/libperfcheck.dylib
0x00007fff2d29a000 	/System/Library/PrivateFrameworks/AudioResourceArbitration.framework/Versions/A/AudioResourceArbitration
0x00007fff2b297000 	/System/Library/PrivateFrameworks/IconFoundation.framework/Versions/A/IconFoundation
0x00007fff2fd96000 	/System/Library/PrivateFrameworks/SpeechRecognitionCore.framework/Versions/A/SpeechRecognitionCore
0x000000010c800000 	/Library/Java/JavaVirtualMachines/jdk-15.0.2.jdk/Contents/Home/lib/server/libjvm.dylib
0x0000000106430000 	/Library/Java/JavaVirtualMachines/jdk-15.0.2.jdk/Contents/Home/lib/libjimage.dylib
0x000000010643e000 	/Library/Java/JavaVirtualMachines/jdk-15.0.2.jdk/Contents/Home/lib/libinstrument.dylib
0x000000010644e000 	/Library/Java/JavaVirtualMachines/jdk-15.0.2.jdk/Contents/Home/lib/libjava.dylib
0x0000000106739000 	/Library/Java/JavaVirtualMachines/jdk-15.0.2.jdk/Contents/Home/lib/libzip.dylib
0x0000000106747000 	/Library/Java/JavaVirtualMachines/jdk-15.0.2.jdk/Contents/Home/lib/libnio.dylib
0x000000010675b000 	/Library/Java/JavaVirtualMachines/jdk-15.0.2.jdk/Contents/Home/lib/libnet.dylib
0x0000000106774000 	/Library/Java/JavaVirtualMachines/jdk-15.0.2.jdk/Contents/Home/lib/libextnet.dylib
0x000000010f7bc000 	/Library/Java/JavaVirtualMachines/jdk-15.0.2.jdk/Contents/Home/lib/libawt.dylib
0x000000010f873000 	/Library/Java/JavaVirtualMachines/jdk-15.0.2.jdk/Contents/Home/lib/libmlib_image.dylib
0x00007fff6eb2d000 	/System/Library/Frameworks/JavaNativeFoundation.framework/Versions/A/JavaNativeFoundation
0x00007fff6eb39000 	/System/Library/Frameworks/JavaRuntimeSupport.framework/Versions/A/JavaRuntimeSupport
0x00007fff3ca71000 	/System/Library/Frameworks/Carbon.framework/Versions/A/Carbon
0x00007fff31c07000 	/System/Library/PrivateFrameworks/CoreSymbolication.framework/Versions/A/CoreSymbolication
0x00007fff36528000 	/System/Library/Frameworks/Carbon.framework/Versions/A/Frameworks/CommonPanels.framework/Versions/A/CommonPanels
0x00007fff33042000 	/System/Library/Frameworks/Carbon.framework/Versions/A/Frameworks/Help.framework/Versions/A/Help
0x00007fff3652c000 	/System/Library/Frameworks/Carbon.framework/Versions/A/Frameworks/ImageCapture.framework/Versions/A/ImageCapture
0x00007fff364fc000 	/System/Library/Frameworks/Carbon.framework/Versions/A/Frameworks/OpenScripting.framework/Versions/A/OpenScripting
0x00007fff36524000 	/System/Library/Frameworks/Carbon.framework/Versions/A/Frameworks/Ink.framework/Versions/A/Ink
0x00007fff3ca6d000 	/System/Library/Frameworks/Carbon.framework/Versions/A/Frameworks/Print.framework/Versions/A/Print
0x00007fff36520000 	/System/Library/Frameworks/Carbon.framework/Versions/A/Frameworks/SecurityHI.framework/Versions/A/SecurityHI
0x00007fff31bcb000 	/System/Library/PrivateFrameworks/DebugSymbols.framework/Versions/A/DebugSymbols
0x000000010f90f000 	/Library/Java/JavaVirtualMachines/jdk-15.0.2.jdk/Contents/Home/lib/libawt_lwawt.dylib
0x000000010677b000 	/Library/Java/JavaVirtualMachines/jdk-15.0.2.jdk/Contents/Home/lib/libosxapp.dylib
0x00007fff3c08c000 	/System/Library/Frameworks/ExceptionHandling.framework/Versions/A/ExceptionHandling
0x000000010f9c9000 	/Library/Java/JavaVirtualMachines/jdk-15.0.2.jdk/Contents/Home/lib/libfontmanager.dylib
0x000000010faf5000 	/Library/Java/JavaVirtualMachines/jdk-15.0.2.jdk/Contents/Home/lib/libfreetype.dylib
0x00007fff22cab000 	/System/Library/PrivateFrameworks/CoreServicesInternal.framework/Versions/A/CoreServicesInternal
0x00007fff3111d000 	/System/Library/Frameworks/FileProvider.framework/Versions/A/FileProvider
0x00007fff262d7000 	/System/Library/Frameworks/Accounts.framework/Versions/A/Accounts
0x00007fff3126d000 	/System/Library/PrivateFrameworks/GenerationalStorage.framework/Versions/A/GenerationalStorage
0x00007fff30b3d000 	/System/Library/PrivateFrameworks/SymptomDiagnosticReporter.framework/Versions/A/SymptomDiagnosticReporter
0x00007fff23dd9000 	/System/Library/PrivateFrameworks/DesktopServicesPriv.framework/Versions/A/DesktopServicesPriv
0x00007fff22de0000 	/usr/lib/libsandbox.1.dylib
0x00007fff27530000 	/System/Library/PrivateFrameworks/UserManagement.framework/Versions/A/UserManagement
0x00007fff29e02000 	/System/Library/PrivateFrameworks/MobileKeyBag.framework/Versions/A/MobileKeyBag
0x00007fff3462f000 	/System/Library/PrivateFrameworks/ChunkingLibrary.framework/Versions/A/ChunkingLibrary
0x00007fff2e32e000 	/System/Library/PrivateFrameworks/Sharing.framework/Versions/A/Sharing
0x00007fff32baf000 	/System/Library/PrivateFrameworks/Apple80211.framework/Versions/A/Apple80211
0x00007fff2a4af000 	/System/Library/PrivateFrameworks/AuthKit.framework/Versions/A/AuthKit
0x00007fff29c00000 	/System/Library/PrivateFrameworks/CoreUtils.framework/Versions/A/CoreUtils
0x00007fff29b2d000 	/System/Library/Frameworks/CoreWLAN.framework/Versions/A/CoreWLAN
0x00007fff2e47a000 	/System/Library/Frameworks/IOBluetooth.framework/Versions/A/IOBluetooth
0x00007fff32c13000 	/System/Library/PrivateFrameworks/CoreWiFi.framework/Versions/A/CoreWiFi
0x00007fff2d9f1000 	/System/Library/PrivateFrameworks/CorePhoneNumbers.framework/Versions/A/CorePhoneNumbers
0x00007fff30c44000 	/System/Library/PrivateFrameworks/DiskManagement.framework/Versions/A/DiskManagement
0x00007fff30b5a000 	/System/Library/PrivateFrameworks/AppleIDAuthSupport.framework/Versions/A/AppleIDAuthSupport
0x00007fff2d9d1000 	/System/Library/PrivateFrameworks/KeychainCircle.framework/Versions/A/KeychainCircle
0x00007fff30c10000 	/System/Library/PrivateFrameworks/MediaKit.framework/Versions/A/MediaKit
0x00007fff30b67000 	/System/Library/Frameworks/DiscRecording.framework/Versions/A/DiscRecording
0x00007fff2b194000 	/usr/lib/libCoreStorage.dylib
0x00007fff3304e000 	/usr/lib/libcsfde.dylib
0x00007fff2e5b5000 	/System/Library/PrivateFrameworks/ProtectedCloudStorage.framework/Versions/A/ProtectedCloudStorage
0x00007fff33046000 	/System/Library/PrivateFrameworks/EFILogin.framework/Versions/A/EFILogin
0x00007fff33660000 	/System/Library/Frameworks/AudioUnit.framework/Versions/A/AudioUnit
0x00007fff30ad7000 	/System/Library/Frameworks/CoreBluetooth.framework/Versions/A/CoreBluetooth
0x00007fff2b18c000 	/usr/lib/libMatch.1.dylib
0x00007fff438ec000 	/System/Library/CoreServices/RawCamera.bundle/Contents/MacOS/RawCamera
0x00007fff2d97c000 	/System/Library/PrivateFrameworks/MobileAsset.framework/Versions/A/MobileAsset
0x00007fff33684000 	/System/Library/PrivateFrameworks/StreamingZip.framework/Versions/A/StreamingZip
0x00007fff2c118000 	/System/Library/Frameworks/MediaToolbox.framework/Versions/A/MediaToolbox
0x00007fff310ef000 	/System/Library/PrivateFrameworks/CoreAVCHD.framework/Versions/A/CoreAVCHD
0x00007fff302d6000 	/System/Library/Frameworks/MediaAccessibility.framework/Versions/A/MediaAccessibility
0x00007fff310eb000 	/System/Library/PrivateFrameworks/Mangrove.framework/Versions/A/Mangrove
0x00007fff302e2000 	/System/Library/PrivateFrameworks/AlgosScoreFramework.framework/Versions/A/AlgosScoreFramework
0x00007fff31ad9000 	/System/Library/PrivateFrameworks/AppleVPA.framework/Versions/A/AppleVPA
0x00007fff30d30000 	/System/Library/PrivateFrameworks/CoreAUC.framework/Versions/A/CoreAUC
0x00007fff41343000 	/System/Library/Frameworks/Accelerate.framework/Versions/A/Frameworks/vImage.framework/Versions/A/Libraries/libCGInterfaces.dylib
0x0000000110b18000 	/usr/lib/libobjc-trampolines.dylib
0x00007fff2722f000 	/System/Library/PrivateFrameworks/ViewBridge.framework/Versions/A/ViewBridge
0x00007fff2b932000 	/System/Library/PrivateFrameworks/login.framework/Versions/A/login
0x00007fff779f6000 	/usr/lib/libRosetta.dylib
0x00007fff6bdb9000 	/System/Library/Frameworks/OpenGL.framework/Versions/A/Resources/GLEngine.bundle/GLEngine
0x00007fff6bc1a000 	/System/Library/Frameworks/OpenGL.framework/Versions/A/Libraries/libGLProgrammability.dylib
0x00007fff5efa0000 	/System/Library/Extensions/AppleIntelKBLGraphicsGLDriver.bundle/Contents/MacOS/AppleIntelKBLGraphicsGLDriver
0x00007fff46430000 	/System/Library/PrivateFrameworks/GPUSupport.framework/Versions/A/Libraries/libGPUSupportMercury.dylib
0x000000013791f000 	/System/Library/Extensions/AMDRadeonX6000GLDriver.bundle/Contents/MacOS/AMDRadeonX6000GLDriver
0x00007fff6e19a000 	/System/Library/Extensions/AMDRadeonX6000GLDriver.bundle/Contents/MacOS/ATIRadeonX6000SCLib.dylib
0x00007fff5e210000 	/System/Library/Extensions/AMDShared.bundle/Contents/PlugIns/libSC.dylib
0x00007fff6bf37000 	/System/Library/Frameworks/OpenGL.framework/Versions/A/Resources/GLRendererFloat.bundle/GLRendererFloat
0x0000000137c82000 	/Library/Java/JavaVirtualMachines/jdk-15.0.2.jdk/Contents/Home/lib/libosxui.dylib
0x00007fff5cf90000 	/System/Library/CoreServices/Encodings/libTraditionalChineseConverter.dylib
0x00007fff5cfa3000 	/System/Library/CoreServices/Encodings/libKoreanConverter.dylib
0x00007fff58091000 	/System/Library/CoreServices/Encodings/libJapaneseConverter.dylib
0x00007fff5cfc7000 	/System/Library/CoreServices/Encodings/libSimplifiedChineseConverter.dylib
0x00007fff30313000 	/System/Library/PrivateFrameworks/SystemAdministration.framework/Versions/A/SystemAdministration
0x00007fff2fd62000 	/System/Library/Frameworks/DirectoryService.framework/Versions/A/DirectoryService
0x00007fff32eee000 	/System/Library/PrivateFrameworks/DiskImages.framework/Versions/A/DiskImages
0x00007fff330c1000 	/System/Library/PrivateFrameworks/LoginUIKit.framework/Versions/A/Frameworks/LoginUICore.framework/Versions/A/LoginUICore
0x00007fff2bacd000 	/usr/lib/libodfde.dylib
0x00007fff3305a000 	/usr/lib/libcurl.4.dylib
0x00007fff32dba000 	/usr/lib/libcrypto.44.dylib
0x00007fff32ec0000 	/usr/lib/libssl.46.dylib
0x00007fff32d80000 	/System/Library/Frameworks/LDAP.framework/Versions/A/LDAP
0x00007fff32db8000 	/System/Library/PrivateFrameworks/TrustEvaluationAgent.framework/Versions/A/TrustEvaluationAgent
0x00007fff2cff9000 	/usr/lib/libsasl2.2.dylib
0x00007fff30307000 	/System/Library/PrivateFrameworks/CoreDaemon.framework/Versions/B/CoreDaemon
0x00007fff30302000 	/System/Library/PrivateFrameworks/AppleSRP.framework/Versions/A/AppleSRP
0x0000000137b0f000 	/Library/Java/JavaVirtualMachines/jdk-15.0.2.jdk/Contents/Home/lib/libverify.dylib
0x00000001a14d9000 	/Users/fede/Library/Caches/JNA/temp/jna2734456370147990801.tmp
0x00007fff6eb41000 	/System/Library/Frameworks/JavaVM.framework/Versions/A/JavaVM
0x00000001a1d63000 	/Applications/VLC.app/Contents/MacOS/lib/libvlccore.9.dylib
0x00000001a17f8000 	/Applications/VLC.app/Contents/MacOS/lib/libvlc.5.dylib
0x0000000136060000 	/Applications/VLC.app/Contents/MacOS/plugins/libsyslog_plugin.dylib
0x0000000137b20000 	/Applications/VLC.app/Contents/MacOS/plugins/libfile_logger_plugin.dylib
0x00000001a14b7000 	/Applications/VLC.app/Contents/MacOS/plugins/libconsole_logger_plugin.dylib
0x00000001a14bf000 	/Applications/VLC.app/Contents/MacOS/plugins/libmemory_keystore_plugin.dylib
0x00000001a1a80000 	/Applications/VLC.app/Contents/MacOS/plugins/libauhal_plugin.dylib
0x00000001bbd24000 	/Applications/VLC.app/Contents/MacOS/plugins/liblibbluray_plugin.dylib
0x00000001a1b6d000 	/Applications/VLC.app/Contents/MacOS/plugins/libdvdnav_plugin.dylib
0x00000001a14ef000 	/Applications/VLC.app/Contents/MacOS/plugins/libvdr_plugin.dylib
0x00000001a181f000 	/Applications/VLC.app/Contents/MacOS/plugins/libfilesystem_plugin.dylib
0x00000001a1a93000 	/Applications/VLC.app/Contents/MacOS/plugins/libprefetch_plugin.dylib
0x00000001a1a9d000 	/Applications/VLC.app/Contents/MacOS/plugins/libcache_read_plugin.dylib
0x00000001a1aa6000 	/Applications/VLC.app/Contents/MacOS/plugins/libadf_plugin.dylib
0x00000001a1bac000 	/Applications/VLC.app/Contents/MacOS/plugins/libinflate_plugin.dylib
0x00000001a1bbe000 	/Applications/VLC.app/Contents/MacOS/plugins/libskiptags_plugin.dylib
0x00000001a1e58000 	/Applications/VLC.app/Contents/MacOS/plugins/libhds_plugin.dylib
0x00000001a1bc6000 	/Applications/VLC.app/Contents/MacOS/plugins/libdecomp_plugin.dylib
0x00000001a1e65000 	/Applications/VLC.app/Contents/MacOS/plugins/libplaylist_plugin.dylib
0x00000001a1e80000 	/Applications/VLC.app/Contents/MacOS/plugins/liblua_plugin.dylib
0x00000001bbf6e000 	/Applications/VLC.app/Contents/MacOS/plugins/libarchive_plugin.dylib
0x00000001a1eda000 	/Applications/VLC.app/Contents/MacOS/plugins/librecord_plugin.dylib
0x00000001bbfec000 	/Applications/VLC.app/Contents/MacOS/plugins/libmp4_plugin.dylib
0x00000001bc026000 	/Applications/VLC.app/Contents/MacOS/plugins/libdav1d_plugin.dylib
0x00000001bc1aa000 	/Applications/VLC.app/Contents/MacOS/plugins/libjpeg_plugin.dylib
0x00000001bc1f0000 	/Applications/VLC.app/Contents/MacOS/plugins/libpng_plugin.dylib
0x00000001bc23b000 	/Applications/VLC.app/Contents/MacOS/plugins/libcdg_plugin.dylib
0x00000001bc244000 	/Applications/VLC.app/Contents/MacOS/plugins/libvideotoolbox_plugin.dylib
0x00000001bc27f000 	/System/Library/Extensions/AMDRadeonX6000MTLDriver.bundle/Contents/MacOS/AMDRadeonX6000MTLDriver
0x00007fff40eb7000 	/System/Library/PrivateFrameworks/IOAccelMemoryInfo.framework/Versions/A/IOAccelMemoryInfo
0x00007fff5dd80000 	/System/Library/Extensions/AppleIntelKBLGraphicsMTLDriver.bundle/Contents/MacOS/AppleIntelKBLGraphicsMTLDriver
0x00007fff3d694000 	/System/Library/PrivateFrameworks/GPURawCounter.framework/Versions/A/GPURawCounter
0x00000001bcec7000 	/Applications/VLC.app/Contents/MacOS/plugins/libspdif_plugin.dylib
0x00000001bcecf000 	/Applications/VLC.app/Contents/MacOS/plugins/libspeex_plugin.dylib
0x00000001bcefa000 	/Applications/VLC.app/Contents/MacOS/plugins/libaes3_plugin.dylib
0x00000001bcf03000 	/Applications/VLC.app/Contents/MacOS/plugins/libg711_plugin.dylib
0x00000001bcf0f000 	/Applications/VLC.app/Contents/MacOS/plugins/libfaad_plugin.dylib
0x00000001bcf5f000 	/Applications/VLC.app/Contents/MacOS/plugins/libtaglib_plugin.dylib
0x00000001bd04a000 	/System/Library/Components/CoreAudio.component/Contents/MacOS/CoreAudio
0x00000001bd23f000 	/Applications/VLC.app/Contents/MacOS/plugins/libfreetype_plugin.dylib
0x00000001bd9a6000 	/Applications/VLC.app/Contents/MacOS/plugins/libi420_yuy2_sse2_plugin.dylib
0x00000001bd9b0000 	/Applications/VLC.app/Contents/MacOS/plugins/libi420_yuy2_mmx_plugin.dylib
0x00000001bd9b9000 	/Applications/VLC.app/Contents/MacOS/plugins/libi420_nv12_plugin.dylib
0x00000001bd9c6000 	/Applications/VLC.app/Contents/MacOS/plugins/libswscale_plugin.dylib
0x00000001bdacb000 	/Applications/VLC.app/Contents/MacOS/plugins/libi420_rgb_sse2_plugin.dylib
0x00000001bdadc000 	/Applications/VLC.app/Contents/MacOS/plugins/libi422_yuy2_sse2_plugin.dylib
0x00000001bdae5000 	/Applications/VLC.app/Contents/MacOS/plugins/libi422_yuy2_mmx_plugin.dylib
0x00000001bdaed000 	/Applications/VLC.app/Contents/MacOS/plugins/libi420_rgb_mmx_plugin.dylib
0x00000001bdafa000 	/Applications/VLC.app/Contents/MacOS/plugins/libyuy2_i422_plugin.dylib
0x00000001bdb02000 	/Applications/VLC.app/Contents/MacOS/plugins/libi420_yuy2_plugin.dylib
0x00000001bdb0b000 	/Applications/VLC.app/Contents/MacOS/plugins/libi422_yuy2_plugin.dylib
0x00000001bdb14000 	/Applications/VLC.app/Contents/MacOS/plugins/libyuy2_i420_plugin.dylib
0x00000001bdb1d000 	/Applications/VLC.app/Contents/MacOS/plugins/libi420_rgb_plugin.dylib
0x00000001bdb29000 	/Applications/VLC.app/Contents/MacOS/plugins/libgrey_yuv_plugin.dylib
0x00000001bdb31000 	/Applications/VLC.app/Contents/MacOS/plugins/libi422_i420_plugin.dylib
0x00000001bdb39000 	/Applications/VLC.app/Contents/MacOS/plugins/libcvpx_plugin.dylib
0x00000001bdb49000 	/Applications/VLC.app/Contents/MacOS/plugins/libscale_plugin.dylib
0x00000001bdb51000 	/Applications/VLC.app/Contents/MacOS/plugins/libyuvp_plugin.dylib
0x00000001bdb59000 	/Applications/VLC.app/Contents/MacOS/plugins/libvmem_plugin.dylib
0x00000001bdb63000 	:e9d8c7b6a4_4_6a8c9d:e>i?j@kAlBmGoIqKsNvOwQyV|V|W}W}X~X~X~YYYYYYX~W}V|TzSyRxQwPvPvPvPvOuOuQuQuOsOsOsNrMqMqLpKoJnHlFlHnHnHnGoHpIqKsLwNyOzNyMxMxMxMxLwLwLwMxOwOwOwNvNvOwOwOwOwOwOwMuJrHpDoAl@k@k<k<k;m>p;r=tAuDxGyGyGyHzHzHzIxHwIvGtErCpDoEpFnFnDlFnFnFnHnHnKoKoKoKoLpLpLpLpMqMqMqLpHnFlEkCiBhBhBhCiBhCiCiDjDjEkCkCkCkCkCkCkCkCkCkCkDlFnJpLrMsOuRvRvUvUvUvUvUvTuStPqOpMnLmIjIjIjIjHiHiHiHiHiHiIjJkLmNoOpNoMnHmGlDnFpAuBv:w:w3z3z2~4476732.,&& }{zxwwvvutq
pqqsssssrppppononn!m l"i g$e#d)d*e.e-d1c0b4a3`7`6_7\}5Z{7Wy6Vx4Tt2Rr5Qo5Qo5Pl2Mi5Kh4Jg7Hf6Ge5Gb3E`1D]0C\/CW.BV,ES-FT,HT-IU,JV-KW0M[2O]4Q_4Q_8Pa:Rc>Qc>QcDQaBO_FN_HPaHOcIPdIQgLTjO\sTaxRe~UhUlWnTkSjQiQiMgMgGeGeBeAd?e@f?hAj@lBnBo@m=l=l7l5j3h3h.c(]"WP|Et9h
0x00000001bdb6b000 	RxQwPvPvPvPvOuOuQuQuOsOsOsNrMqMqLpKoJnHlFlHnHnHnGoHpIqKsLwNyOzNyMxMxMxMxLwLwLwMxOwOwOwNvNvOwOwOwOwOwOwMuJrHpDoAl@k@k<k<k;m>p;r=tAuDxGyGyGyHzHzHzIxHwIvGtErCpDoEpFnFnDlFnFnFnHnHnKoKoKoKoLpLpLpLpMqMqMqLpHnFlEkCiBhBhBhCiBhCiCiDjDjEkCkCkCkCkCkCkCkCkCkCkDlFnJpLrMsOuRvRvUvUvUvUvUvTuStPqOpMnLmIjIjIjIjHiHiHiHiHiHiIjJkLmNoOpNoMnHmGlDnFpAuBv:w:w3z3z2~4476732.,&& }{zxwwvvutq
pqqsssssrppppononn!m l"i g$e#d)d*e.e-d1c0b4a3`7`6_7\}5Z{7Wy6Vx4Tt2Rr5Qo5Qo5Pl2Mi5Kh4Jg7Hf6Ge5Gb3E`1D]0C\/CW.BV,ES-FT,HT-IU,JV-KW0M[2O]4Q_4Q_8Pa:Rc>Qc>QcDQaBO_FN_HPaHOcIPdIQgLTjO\sTaxRe~UhUlWnTkSjQiQiMgMgGeGeBeAd?e@f?hAj@lBnBo@m=l=l7l5j3h3h.c(]"WP|Et9h
0x00007fff4ebe2000 	/System/Library/PrivateFrameworks/AppleGVA.framework/Versions/A/AppleGVA
0x00007fff6e032000 	/System/Library/Extensions/AMDRadeonVADriver2.bundle/Contents/MacOS/AMDRadeonVADriver2
0x00000001be051000 	/System/Library/Extensions/AppleIntelKBLGraphicsVADriver.bundle/Contents/MacOS/AppleIntelKBLGraphicsVADriver
0x00000001bfa8a000 	/System/Library/Extensions/AppleIntelCFLGraphicsVAME.bundle/Contents/MacOS/AppleIntelCFLGraphicsVAME
0x00000001bfea6000 	dcccbbbcdfgkmprstwwwsqnlmmonoooonnnqssuu{{uosu`df]\ORQDMH,A< E<D;D;B9C8A6C7	A5C4C4E4E4G4G4I3H2J1I0H/G.I-I-I-I-I,I,I,I,I,I,I,I,K,K,K,K,K,K,M-M-M-M-M-M-M-L,L,L,L,L,N+L)K(K(L)L)L)L)M(N)N)M(M(L'
0x00000001bfeae000 	440/))  !
			
 !
"#%'*+,---..-,,+**))%%
&
&%%$
"					

	
0x00000001bfeb7000 	gjklmnnnoqsuspnllgcacceehiiijjkkkkkkjjjihhiiiikjjkmnnppqqqstxy|}~{yxwvtsrrrrqqpmlloqnnjkhkfibe_a^`_`^^XWSQLKFEBA>=;:88654321//0.--...-/.1165634277==B~A}CzByCwCwFvFvIuHtIpFmGlEjGhEfIfHeFa}C^zE[xDZwEZtDYsCYq@Vn?Vi?ViB[iD]kC_kD`lCamEcoFcqGdrHesJguPhyQizVi{Wj|[hxWdt[ct^fwah|cj~dlembodqbuh{hkjkhigjhlkoorpqpqppmlcaa`SG|>v7o-d"YPIxCr?n9k
8j5g6h6h7i5h6i5k6l7m:p;s<t>vBzB|D~FHHHI J#L%N'M(N*P*P)M)M(L(L)K)K)K)K+J+J+J+J+K+K,L.N2R5U:Z<\@cEhKnRuY|_aceecbccbb`bdfikmqstuwwwtrpnnnppqpqqoonnmmonuts}mqs`df]\ORQDMH,A< E<D;F=B9B7?4	C7	C7	E6	E6	E4E4G4G4I3I3J1I0H/G.I-I-I-I-I,I,I,I,I,I,I,I,K,K,K,K,K,K,M-M-M-M-M-M-M-M-L,L,L,L,N+L)K(K(K(K(K(K(M(M(M(M(L'
0x00007fff69736000 	/System/Library/PrivateFrameworks/GPUCompiler.framework/Versions/31001/Libraries/libmetal_timestamp.dylib


VM Arguments:
jvm_args: -javaagent:/Applications/IntelliJ IDEA.app/Contents/lib/idea_rt.jar=62088:/Applications/IntelliJ IDEA.app/Contents/bin -Dfile.encoding=UTF-8 
java_command: Main
java_class_path (initial): /Users/fede/IdeaProjects/Videoh1_Ott/target/classes:/Users/fede/.m2/repository/org/eclipse/persistence/org.eclipse.persistence.jpa/3.0.2/org.eclipse.persistence.jpa-3.0.2.jar:/Users/fede/.m2/repository/org/eclipse/persistence/org.eclipse.persistence.asm/9.1.0/org.eclipse.persistence.asm-9.1.0.jar:/Users/fede/.m2/repository/org/eclipse/persistence/org.eclipse.persistence.core/3.0.2/org.eclipse.persistence.core-3.0.2.jar:/Users/fede/.m2/repository/org/eclipse/persistence/org.eclipse.persistence.jpa.jpql/3.0.2/org.eclipse.persistence.jpa.jpql-3.0.2.jar:/Users/fede/.m2/repository/jakarta/persistence/jakarta.persistence-api/3.0.0/jakarta.persistence-api-3.0.0.jar:/Users/fede/.m2/repository/org/hsqldb/hsqldb/2.5.2/hsqldb-2.5.2.jar:/Users/fede/.m2/repository/org/apache/maven/surefire/maven-surefire-common/2.19.1/maven-surefire-common-2.19.1.jar:/Users/fede/.m2/repository/org/apache/maven/maven-plugin-api/2.2.1/maven-plugin-api-2.2.1.jar:/Users/fede/.m2/repository/org/apache/maven/plugin-tools/maven-plugin-annotations/3.3/maven-plugin-annotations-3.3.jar:/Users/fede/.m2/repository/org/apache/maven/surefire/surefire-api/2.19.1/surefire-api-2.19.1.jar:/Users/fede/.m2/repository/org/apache/maven/surefire/surefire-booter/2.19.1/surefire-booter-2.19.1.jar:/Users/fede/.m2/repository/org/apache/maven/maven-artifact/2.2.1/maven-artifact-2.2.1.jar:/Users/fede/.m2/repository/org/codehaus/plexus/plexus-utils/1.5.15/plexus-utils-1.5.15.jar:/Users/fede/.m2/repository/org/apache/maven/maven-plugin-descriptor/2.2.1/maven-plugin-descriptor-2.2.1.jar:/Users/fede/.m2/repository/org/codehaus/plexus/plexus-container-default/1.0-alpha-9-stable-1/plexus-container-default-1.0-alpha-9-stable-1.jar:/Users/fede/.m2/repository/junit/junit/3.8.1/junit-3.8.1.jar:/Users/fede/.m2/repository/org/apache/maven/maven-project/2.2.1/maven-project-2.2.1.jar:/Users/fede/.m2/repository/org/apache/maven/maven-settings/2.2.1/maven-settings-2.2.1.jar:/Users/fede/.m2/repository/org/apache
Launcher Type: SUN_STANDARD

[Global flags]
     intx CICompilerCount                          = 4                                         {product} {ergonomic}
     uint ConcGCThreads                            = 3                                         {product} {ergonomic}
     uint G1ConcRefinementThreads                  = 10                                        {product} {ergonomic}
   size_t G1HeapRegionSize                         = 2097152                                   {product} {ergonomic}
    uintx GCDrainStackTargetSize                   = 64                                        {product} {ergonomic}
   size_t InitialHeapSize                          = 268435456                                 {product} {ergonomic}
   size_t MarkStackSize                            = 4194304                                   {product} {ergonomic}
   size_t MaxHeapSize                              = 4294967296                                {product} {ergonomic}
   size_t MaxNewSize                               = 2575302656                                {product} {ergonomic}
   size_t MinHeapDeltaBytes                        = 2097152                                   {product} {ergonomic}
   size_t MinHeapSize                              = 8388608                                   {product} {ergonomic}
    uintx NonNMethodCodeHeapSize                   = 5839372                                {pd product} {ergonomic}
    uintx NonProfiledCodeHeapSize                  = 122909434                              {pd product} {ergonomic}
    uintx ProfiledCodeHeapSize                     = 122909434                              {pd product} {ergonomic}
    uintx ReservedCodeCacheSize                    = 251658240                              {pd product} {ergonomic}
     bool SegmentedCodeCache                       = true                                      {product} {ergonomic}
   size_t SoftMaxHeapSize                          = 4294967296                             {manageable} {ergonomic}
     bool UseCompressedClassPointers               = true                                 {lp64_product} {ergonomic}
     bool UseCompressedOops                        = true                                 {lp64_product} {ergonomic}
     bool UseG1GC                                  = true                                      {product} {ergonomic}
     bool UseNUMA                                  = false                                     {product} {ergonomic}
     bool UseNUMAInterleaving                      = false                                     {product} {ergonomic}

Logging:
Log output configuration:
 #0: stdout all=warning uptime,level,tags
 #1: stderr all=off uptime,level,tags

Environment Variables:
PATH=/usr/local/opt/mongodb-community@4.2/bin:/usr/local/bin:/usr/bin:/bin:/usr/sbin:/sbin:/Library/Apple/usr/bin:/Library/Frameworks/Mono.framework/Versions/Current/Commands
SHELL=/bin/zsh
LANG=it_IT
LC_CTYPE=it_IT.UTF-8

Signal Handlers:
SIGSEGV: [libjvm.dylib+0x9ff2f0], sa_mask[0]=11111111011111110111111111111111, sa_flags=SA_ONSTACK|SA_RESTART|SA_SIGINFO
SIGBUS: [libjvm.dylib+0x9ff2f0], sa_mask[0]=11111111011111110111111111111111, sa_flags=SA_RESTART|SA_SIGINFO
SIGFPE: [libjvm.dylib+0x9ff2f0], sa_mask[0]=11111111011111110111111111111111, sa_flags=SA_RESTART|SA_SIGINFO
SIGPIPE: [libjvm.dylib+0x82ae30], sa_mask[0]=11111111011111110111111111111111, sa_flags=SA_RESTART|SA_SIGINFO
SIGXFSZ: [libjvm.dylib+0x82ae30], sa_mask[0]=11111111011111110111111111111111, sa_flags=SA_RESTART|SA_SIGINFO
SIGILL: [libjvm.dylib+0x9ff2f0], sa_mask[0]=11111111011111110111111111111111, sa_flags=SA_RESTART|SA_SIGINFO
SIGUSR2: [libjvm.dylib+0x82b940], sa_mask[0]=00100000000000000000000000000000, sa_flags=SA_RESTART|SA_SIGINFO
SIGHUP: [libjvm.dylib+0x82a040], sa_mask[0]=11111111011111110111111111111111, sa_flags=SA_RESTART|SA_SIGINFO
SIGINT: [libjvm.dylib+0x82a040], sa_mask[0]=11111111011111110111111111111111, sa_flags=SA_RESTART|SA_SIGINFO
SIGTERM: [libjvm.dylib+0x82a040], sa_mask[0]=11111111011111110111111111111111, sa_flags=SA_RESTART|SA_SIGINFO
SIGQUIT: [libjvm.dylib+0x82a040], sa_mask[0]=11111111011111110111111111111111, sa_flags=SA_RESTART|SA_SIGINFO


---------------  S Y S T E M  ---------------

OS:uname: Darwin 20.5.0 Darwin Kernel Version 20.5.0: Sat May  8 05:10:33 PDT 2021; root:xnu-7195.121.3~9/RELEASE_X86_64 x86_64
OS uptime: 7 days 0:04 hours
rlimit (soft/hard): STACK 8192k/65532k , CORE 0k/infinity , NPROC 2784/4176 , NOFILE 10240/infinity , AS infinity/infinity , CPU infinity/infinity , DATA infinity/infinity , FSIZE infinity/infinity , MEMLOCK infinity/infinity , RSS infinity/infinity
load average: 1.82 2.14 2.25

CPU: total 12 (initial active 12) (6 cores per cpu, 2 threads per core) family 6 model 158 stepping 10 microcode 0xea, cmov, cx8, fxsr, mmx, sse, sse2, sse3, ssse3, sse4.1, sse4.2, popcnt, vzeroupper, avx, avx2, aes, clmul, erms, 3dnowpref, lzcnt, ht, tsc, tscinvbit, bmi1, bmi2, adx, fma, clflush, clflushopt

Memory: 4k page, physical 16777216k(448820k free), swap 2097152k(1206528k free)

vm_info: Java HotSpot(TM) 64-Bit Server VM (15.0.2+7-27) for bsd-amd64 JRE (15.0.2+7-27), built on Dec  7 2020 20:08:32 by "mach5one" with clang 4.2.1 Compatible Apple LLVM 10.0.0 (clang-1000.11.45.5)

END.
